{"C:\\Users\\lenovo\\Double\\Tasks\\frontend\\src\\api\\auth.api.ts": {"path":"C:\\Users\\lenovo\\Double\\Tasks\\frontend\\src\\api\\auth.api.ts","statementMap":{"0":{"start":{"line":24,"column":7},"end":{"line":42,"column":null}},"1":{"start":{"line":25,"column":14},"end":{"line":27,"column":null}},"2":{"start":{"line":30,"column":17},"end":{"line":32,"column":null}},"3":{"start":{"line":35,"column":20},"end":{"line":37,"column":null}},"4":{"start":{"line":40,"column":18},"end":{"line":42,"column":null}},"5":{"start":{"line":26,"column":21},"end":{"line":26,"column":68}},"6":{"start":{"line":27,"column":4},"end":{"line":27,"column":null}},"7":{"start":{"line":31,"column":21},"end":{"line":31,"column":86}},"8":{"start":{"line":32,"column":4},"end":{"line":32,"column":null}},"9":{"start":{"line":36,"column":21},"end":{"line":36,"column":89}},"10":{"start":{"line":37,"column":4},"end":{"line":37,"column":null}},"11":{"start":{"line":41,"column":21},"end":{"line":41,"column":67}},"12":{"start":{"line":42,"column":4},"end":{"line":42,"column":null}},"13":{"start":{"line":23,"column":1},"end":{"line":23,"column":null}}},"fnMap":{"0":{"name":"(anonymous_0)","decl":{"start":{"line":25,"column":14},"end":{"line":25,"column":26}},"loc":{"start":{"line":25,"column":26},"end":{"line":27,"column":null}},"line":25},"1":{"name":"(anonymous_1)","decl":{"start":{"line":30,"column":17},"end":{"line":30,"column":24}},"loc":{"start":{"line":30,"column":47},"end":{"line":32,"column":null}},"line":30},"2":{"name":"(anonymous_2)","decl":{"start":{"line":35,"column":20},"end":{"line":35,"column":27}},"loc":{"start":{"line":35,"column":53},"end":{"line":37,"column":null}},"line":35},"3":{"name":"(anonymous_3)","decl":{"start":{"line":40,"column":18},"end":{"line":40,"column":30}},"loc":{"start":{"line":40,"column":30},"end":{"line":42,"column":null}},"line":40}},"branchMap":{},"s":{"0":1,"1":1,"2":1,"3":1,"4":1,"5":1,"6":1,"7":1,"8":1,"9":1,"10":1,"11":1,"12":1,"13":1},"f":{"0":1,"1":1,"2":1,"3":1},"b":{},"meta":{"lastBranch":0,"lastFunction":4,"lastStatement":14,"seen":{"s:24:7:42:Infinity":0,"s:25:14:27:Infinity":1,"s:30:17:32:Infinity":2,"s:35:20:37:Infinity":3,"s:40:18:42:Infinity":4,"f:25:14:25:26":0,"s:26:21:26:68":5,"s:27:4:27:Infinity":6,"f:30:17:30:24":1,"s:31:21:31:86":7,"s:32:4:32:Infinity":8,"f:35:20:35:27":2,"s:36:21:36:89":9,"s:37:4:37:Infinity":10,"f:40:18:40:30":3,"s:41:21:41:67":11,"s:42:4:42:Infinity":12,"s:23:1:23:Infinity":13}}}
,"C:\\Users\\lenovo\\Double\\Tasks\\frontend\\src\\api\\projects.api.ts": {"path":"C:\\Users\\lenovo\\Double\\Tasks\\frontend\\src\\api\\projects.api.ts","statementMap":{"0":{"start":{"line":7,"column":7},"end":{"line":40,"column":null}},"1":{"start":{"line":8,"column":16},"end":{"line":10,"column":null}},"2":{"start":{"line":13,"column":15},"end":{"line":15,"column":null}},"3":{"start":{"line":18,"column":18},"end":{"line":20,"column":null}},"4":{"start":{"line":23,"column":18},"end":{"line":25,"column":null}},"5":{"start":{"line":28,"column":18},"end":{"line":30,"column":null}},"6":{"start":{"line":33,"column":21},"end":{"line":35,"column":null}},"7":{"start":{"line":38,"column":19},"end":{"line":40,"column":null}},"8":{"start":{"line":9,"column":21},"end":{"line":9,"column":74}},"9":{"start":{"line":10,"column":4},"end":{"line":10,"column":null}},"10":{"start":{"line":14,"column":21},"end":{"line":14,"column":78}},"11":{"start":{"line":15,"column":4},"end":{"line":15,"column":null}},"12":{"start":{"line":19,"column":21},"end":{"line":19,"column":79}},"13":{"start":{"line":20,"column":4},"end":{"line":20,"column":null}},"14":{"start":{"line":24,"column":21},"end":{"line":24,"column":84}},"15":{"start":{"line":25,"column":4},"end":{"line":25,"column":null}},"16":{"start":{"line":29,"column":21},"end":{"line":29,"column":72}},"17":{"start":{"line":30,"column":4},"end":{"line":30,"column":null}},"18":{"start":{"line":34,"column":21},"end":{"line":34,"column":100}},"19":{"start":{"line":35,"column":4},"end":{"line":35,"column":null}},"20":{"start":{"line":39,"column":21},"end":{"line":39,"column":98}},"21":{"start":{"line":40,"column":4},"end":{"line":40,"column":null}},"22":{"start":{"line":6,"column":1},"end":{"line":6,"column":null}}},"fnMap":{"0":{"name":"(anonymous_0)","decl":{"start":{"line":8,"column":16},"end":{"line":8,"column":28}},"loc":{"start":{"line":8,"column":28},"end":{"line":10,"column":null}},"line":8},"1":{"name":"(anonymous_1)","decl":{"start":{"line":13,"column":15},"end":{"line":13,"column":22}},"loc":{"start":{"line":13,"column":37},"end":{"line":15,"column":null}},"line":13},"2":{"name":"(anonymous_2)","decl":{"start":{"line":18,"column":18},"end":{"line":18,"column":25}},"loc":{"start":{"line":18,"column":73},"end":{"line":20,"column":null}},"line":18},"3":{"name":"(anonymous_3)","decl":{"start":{"line":23,"column":18},"end":{"line":23,"column":25}},"loc":{"start":{"line":23,"column":85},"end":{"line":25,"column":null}},"line":23},"4":{"name":"(anonymous_4)","decl":{"start":{"line":28,"column":18},"end":{"line":28,"column":25}},"loc":{"start":{"line":28,"column":40},"end":{"line":30,"column":null}},"line":28},"5":{"name":"(anonymous_5)","decl":{"start":{"line":33,"column":21},"end":{"line":33,"column":28}},"loc":{"start":{"line":33,"column":90},"end":{"line":35,"column":null}},"line":33},"6":{"name":"(anonymous_6)","decl":{"start":{"line":38,"column":19},"end":{"line":38,"column":26}},"loc":{"start":{"line":38,"column":73},"end":{"line":40,"column":null}},"line":38}},"branchMap":{},"s":{"0":1,"1":1,"2":1,"3":1,"4":1,"5":1,"6":1,"7":1,"8":1,"9":1,"10":1,"11":1,"12":1,"13":1,"14":1,"15":1,"16":1,"17":1,"18":1,"19":1,"20":1,"21":1,"22":1},"f":{"0":1,"1":1,"2":1,"3":1,"4":1,"5":1,"6":1},"b":{},"meta":{"lastBranch":0,"lastFunction":7,"lastStatement":23,"seen":{"s:7:7:40:Infinity":0,"s:8:16:10:Infinity":1,"s:13:15:15:Infinity":2,"s:18:18:20:Infinity":3,"s:23:18:25:Infinity":4,"s:28:18:30:Infinity":5,"s:33:21:35:Infinity":6,"s:38:19:40:Infinity":7,"f:8:16:8:28":0,"s:9:21:9:74":8,"s:10:4:10:Infinity":9,"f:13:15:13:22":1,"s:14:21:14:78":10,"s:15:4:15:Infinity":11,"f:18:18:18:25":2,"s:19:21:19:79":12,"s:20:4:20:Infinity":13,"f:23:18:23:25":3,"s:24:21:24:84":14,"s:25:4:25:Infinity":15,"f:28:18:28:25":4,"s:29:21:29:72":16,"s:30:4:30:Infinity":17,"f:33:21:33:28":5,"s:34:21:34:100":18,"s:35:4:35:Infinity":19,"f:38:19:38:26":6,"s:39:21:39:98":20,"s:40:4:40:Infinity":21,"s:6:1:6:Infinity":22}}}
,"C:\\Users\\lenovo\\Double\\Tasks\\frontend\\src\\api\\tasks.api.ts": {"path":"C:\\Users\\lenovo\\Double\\Tasks\\frontend\\src\\api\\tasks.api.ts","statementMap":{"0":{"start":{"line":7,"column":7},"end":{"line":30,"column":null}},"1":{"start":{"line":8,"column":25},"end":{"line":10,"column":null}},"2":{"start":{"line":13,"column":18},"end":{"line":15,"column":null}},"3":{"start":{"line":18,"column":18},"end":{"line":20,"column":null}},"4":{"start":{"line":23,"column":18},"end":{"line":25,"column":null}},"5":{"start":{"line":28,"column":22},"end":{"line":30,"column":null}},"6":{"start":{"line":9,"column":21},"end":{"line":9,"column":89}},"7":{"start":{"line":10,"column":4},"end":{"line":10,"column":null}},"8":{"start":{"line":14,"column":21},"end":{"line":14,"column":73}},"9":{"start":{"line":15,"column":4},"end":{"line":15,"column":null}},"10":{"start":{"line":19,"column":21},"end":{"line":19,"column":82}},"11":{"start":{"line":20,"column":4},"end":{"line":20,"column":null}},"12":{"start":{"line":24,"column":21},"end":{"line":24,"column":73}},"13":{"start":{"line":25,"column":4},"end":{"line":25,"column":null}},"14":{"start":{"line":29,"column":21},"end":{"line":29,"column":92}},"15":{"start":{"line":30,"column":4},"end":{"line":30,"column":null}},"16":{"start":{"line":6,"column":1},"end":{"line":6,"column":null}}},"fnMap":{"0":{"name":"(anonymous_0)","decl":{"start":{"line":8,"column":25},"end":{"line":8,"column":32}},"loc":{"start":{"line":8,"column":54},"end":{"line":10,"column":null}},"line":8},"1":{"name":"(anonymous_1)","decl":{"start":{"line":13,"column":18},"end":{"line":13,"column":25}},"loc":{"start":{"line":13,"column":49},"end":{"line":15,"column":null}},"line":13},"2":{"name":"(anonymous_2)","decl":{"start":{"line":18,"column":18},"end":{"line":18,"column":25}},"loc":{"start":{"line":18,"column":65},"end":{"line":20,"column":null}},"line":18},"3":{"name":"(anonymous_3)","decl":{"start":{"line":23,"column":18},"end":{"line":23,"column":25}},"loc":{"start":{"line":23,"column":44},"end":{"line":25,"column":null}},"line":23},"4":{"name":"(anonymous_4)","decl":{"start":{"line":28,"column":22},"end":{"line":28,"column":29}},"loc":{"start":{"line":28,"column":72},"end":{"line":30,"column":null}},"line":28}},"branchMap":{},"s":{"0":1,"1":1,"2":1,"3":1,"4":1,"5":1,"6":1,"7":1,"8":1,"9":1,"10":1,"11":1,"12":1,"13":1,"14":1,"15":1,"16":1},"f":{"0":1,"1":1,"2":1,"3":1,"4":1},"b":{},"meta":{"lastBranch":0,"lastFunction":5,"lastStatement":17,"seen":{"s:7:7:30:Infinity":0,"s:8:25:10:Infinity":1,"s:13:18:15:Infinity":2,"s:18:18:20:Infinity":3,"s:23:18:25:Infinity":4,"s:28:22:30:Infinity":5,"f:8:25:8:32":0,"s:9:21:9:89":6,"s:10:4:10:Infinity":7,"f:13:18:13:25":1,"s:14:21:14:73":8,"s:15:4:15:Infinity":9,"f:18:18:18:25":2,"s:19:21:19:82":10,"s:20:4:20:Infinity":11,"f:23:18:23:25":3,"s:24:21:24:73":12,"s:25:4:25:Infinity":13,"f:28:22:28:29":4,"s:29:21:29:92":14,"s:30:4:30:Infinity":15,"s:6:1:6:Infinity":16}}}
,"C:\\Users\\lenovo\\Double\\Tasks\\frontend\\src\\api\\users.api.ts": {"path":"C:\\Users\\lenovo\\Double\\Tasks\\frontend\\src\\api\\users.api.ts","statementMap":{"0":{"start":{"line":7,"column":7},"end":{"line":10,"column":null}},"1":{"start":{"line":8,"column":16},"end":{"line":10,"column":null}},"2":{"start":{"line":9,"column":21},"end":{"line":9,"column":68}},"3":{"start":{"line":10,"column":4},"end":{"line":10,"column":null}},"4":{"start":{"line":6,"column":1},"end":{"line":6,"column":null}}},"fnMap":{"0":{"name":"(anonymous_0)","decl":{"start":{"line":8,"column":16},"end":{"line":8,"column":28}},"loc":{"start":{"line":8,"column":28},"end":{"line":10,"column":null}},"line":8}},"branchMap":{},"s":{"0":1,"1":1,"2":1,"3":1,"4":1},"f":{"0":1},"b":{},"meta":{"lastBranch":0,"lastFunction":1,"lastStatement":5,"seen":{"s:7:7:10:Infinity":0,"s:8:16:10:Infinity":1,"f:8:16:8:28":0,"s:9:21:9:68":2,"s:10:4:10:Infinity":3,"s:6:1:6:Infinity":4}}}
,"C:\\Users\\lenovo\\Double\\Tasks\\frontend\\src\\components\\AddMemberModal.tsx": {"path":"C:\\Users\\lenovo\\Double\\Tasks\\frontend\\src\\components\\AddMemberModal.tsx","statementMap":{"0":{"start":{"line":18,"column":19},"end":{"line":22,"column":null}},"1":{"start":{"line":25,"column":16},"end":{"line":25,"column":36}},"2":{"start":{"line":26,"column":8},"end":{"line":26,"column":34}},"3":{"start":{"line":27,"column":23},"end":{"line":27,"column":54}},"4":{"start":{"line":28,"column":15},"end":{"line":28,"column":49}},"5":{"start":{"line":30,"column":22},"end":{"line":30,"column":83}},"6":{"start":{"line":30,"column":70},"end":{"line":30,"column":81}},"7":{"start":{"line":31,"column":20},"end":{"line":31,"column":71}},"8":{"start":{"line":31,"column":41},"end":{"line":31,"column":64}},"9":{"start":{"line":33,"column":8},"end":{"line":38,"column":null}},"10":{"start":{"line":34,"column":4},"end":{"line":34,"column":null}},"11":{"start":{"line":35,"column":4},"end":{"line":35,"column":null}},"12":{"start":{"line":35,"column":23},"end":{"line":35,"column":null}},"13":{"start":{"line":36,"column":4},"end":{"line":38,"column":null}},"14":{"start":{"line":37,"column":25},"end":{"line":37,"column":69}},"15":{"start":{"line":37,"column":69},"end":{"line":37,"column":90}},"16":{"start":{"line":37,"column":90},"end":{"line":37,"column":null}},"17":{"start":{"line":41,"column":29},"end":{"line":41,"column":69}},"18":{"start":{"line":41,"column":52},"end":{"line":41,"column":69}},"19":{"start":{"line":43,"column":2},"end":{"line":162,"column":null}},"20":{"start":{"line":44,"column":50},"end":{"line":44,"column":65}},"21":{"start":{"line":82,"column":26},"end":{"line":96,"column":null}},"22":{"start":{"line":122,"column":24},"end":{"line":134,"column":null}}},"fnMap":{"0":{"name":"AddMemberModal","decl":{"start":{"line":24,"column":24},"end":{"line":24,"column":39}},"loc":{"start":{"line":24,"column":102},"end":{"line":162,"column":null}},"line":24},"1":{"name":"(anonymous_1)","decl":{"start":{"line":30,"column":59},"end":{"line":30,"column":64}},"loc":{"start":{"line":30,"column":70},"end":{"line":30,"column":81}},"line":30},"2":{"name":"(anonymous_2)","decl":{"start":{"line":31,"column":27},"end":{"line":31,"column":35}},"loc":{"start":{"line":31,"column":41},"end":{"line":31,"column":64}},"line":31},"3":{"name":"(anonymous_3)","decl":{"start":{"line":33,"column":8},"end":{"line":33,"column":24}},"loc":{"start":{"line":33,"column":41},"end":{"line":38,"column":null}},"line":33},"4":{"name":"(anonymous_4)","decl":{"start":{"line":37,"column":6},"end":{"line":37,"column":23}},"loc":{"start":{"line":37,"column":23},"end":{"line":38,"column":6}},"line":37},"5":{"name":"(anonymous_5)","decl":{"start":{"line":41,"column":40},"end":{"line":41,"column":46}},"loc":{"start":{"line":41,"column":52},"end":{"line":41,"column":69}},"line":41},"6":{"name":"(anonymous_6)","decl":{"start":{"line":44,"column":29},"end":{"line":44,"column":44}},"loc":{"start":{"line":44,"column":50},"end":{"line":44,"column":65}},"line":44},"7":{"name":"(anonymous_7)","decl":{"start":{"line":81,"column":34},"end":{"line":81,"column":39}},"loc":{"start":{"line":82,"column":26},"end":{"line":96,"column":null}},"line":82},"8":{"name":"(anonymous_8)","decl":{"start":{"line":121,"column":34},"end":{"line":121,"column":39}},"loc":{"start":{"line":122,"column":24},"end":{"line":134,"column":null}},"line":122}},"branchMap":{"0":{"loc":{"start":{"line":31,"column":20},"end":{"line":31,"column":71}},"type":"binary-expr","locations":[{"start":{"line":31,"column":20},"end":{"line":31,"column":65}},{"start":{"line":31,"column":69},"end":{"line":31,"column":71}}],"line":31},"1":{"loc":{"start":{"line":35,"column":4},"end":{"line":35,"column":null}},"type":"if","locations":[{"start":{"line":35,"column":4},"end":{"line":35,"column":null}},{"start":{},"end":{}}],"line":35},"2":{"loc":{"start":{"line":44,"column":50},"end":{"line":44,"column":65}},"type":"binary-expr","locations":[{"start":{"line":44,"column":50},"end":{"line":44,"column":56}},{"start":{"line":44,"column":56},"end":{"line":44,"column":65}}],"line":44},"3":{"loc":{"start":{"line":78,"column":23},"end":{"line":96,"column":null}},"type":"cond-expr","locations":[{"start":{"line":79,"column":24},"end":{"line":81,"column":34}},{"start":{"line":81,"column":24},"end":{"line":96,"column":null}}],"line":78},"4":{"loc":{"start":{"line":111,"column":21},"end":{"line":114,"column":21}},"type":"binary-expr","locations":[{"start":{"line":111,"column":21},"end":{"line":111,"column":null}},{"start":{"line":112,"column":22},"end":{"line":114,"column":21}}],"line":111},"5":{"loc":{"start":{"line":146,"column":26},"end":{"line":146,"column":null}},"type":"binary-expr","locations":[{"start":{"line":146,"column":26},"end":{"line":146,"column":43}},{"start":{"line":146,"column":43},"end":{"line":146,"column":null}}],"line":146},"6":{"loc":{"start":{"line":149,"column":17},"end":{"line":149,"column":null}},"type":"cond-expr","locations":[{"start":{"line":149,"column":39},"end":{"line":149,"column":53}},{"start":{"line":149,"column":53},"end":{"line":149,"column":null}}],"line":149}},"s":{"0":1,"1":7,"2":7,"3":7,"4":7,"5":7,"6":9,"7":7,"8":21,"9":7,"10":0,"11":0,"12":0,"13":0,"14":0,"15":0,"16":0,"17":7,"18":14,"19":7,"20":0,"21":12,"22":21},"f":{"0":7,"1":9,"2":21,"3":0,"4":0,"5":14,"6":0,"7":12,"8":21},"b":{"0":[7,0],"1":[0,0],"2":[0,0],"3":[1,6],"4":[7,7],"5":[7,0],"6":[0,7]},"meta":{"lastBranch":7,"lastFunction":9,"lastStatement":23,"seen":{"s:18:19:22:Infinity":0,"f:24:24:24:39":0,"s:25:16:25:36":1,"s:26:8:26:34":2,"s:27:23:27:54":3,"s:28:15:28:49":4,"s:30:22:30:83":5,"f:30:59:30:64":1,"s:30:70:30:81":6,"s:31:20:31:71":7,"b:31:20:31:65:31:69:31:71":0,"f:31:27:31:35":2,"s:31:41:31:64":8,"s:33:8:38:Infinity":9,"f:33:8:33:24":3,"s:34:4:34:Infinity":10,"b:35:4:35:Infinity:undefined:undefined:undefined:undefined":1,"s:35:4:35:Infinity":11,"s:35:23:35:Infinity":12,"s:36:4:38:Infinity":13,"f:37:6:37:23":4,"s:37:25:37:69":14,"s:37:69:37:90":15,"s:37:90:37:Infinity":16,"s:41:29:41:69":17,"f:41:40:41:46":5,"s:41:52:41:69":18,"s:43:2:162:Infinity":19,"f:44:29:44:44":6,"s:44:50:44:65":20,"b:44:50:44:56:44:56:44:65":2,"b:79:24:81:34:81:24:96:Infinity":3,"f:81:34:81:39":7,"s:82:26:96:Infinity":21,"b:111:21:111:Infinity:112:22:114:21":4,"f:121:34:121:39":8,"s:122:24:134:Infinity":22,"b:146:26:146:43:146:43:146:Infinity":5,"b:149:39:149:53:149:53:149:Infinity":6}}}
,"C:\\Users\\lenovo\\Double\\Tasks\\frontend\\src\\components\\CreateTaskModal.tsx": {"path":"C:\\Users\\lenovo\\Double\\Tasks\\frontend\\src\\components\\CreateTaskModal.tsx","statementMap":{"0":{"start":{"line":18,"column":23},"end":{"line":22,"column":null}},"1":{"start":{"line":24,"column":21},"end":{"line":24,"column":null}},"2":{"start":{"line":27,"column":8},"end":{"line":27,"column":45}},"3":{"start":{"line":28,"column":16},"end":{"line":28,"column":40}},"4":{"start":{"line":29,"column":22},"end":{"line":29,"column":52}},"5":{"start":{"line":30,"column":19},"end":{"line":30,"column":52}},"6":{"start":{"line":31,"column":20},"end":{"line":31,"column":58}},"7":{"start":{"line":32,"column":18},"end":{"line":32,"column":44}},"8":{"start":{"line":33,"column":16},"end":{"line":33,"column":40}},"9":{"start":{"line":35,"column":8},"end":{"line":37,"column":null}},"10":{"start":{"line":36,"column":4},"end":{"line":36,"column":18}},"11":{"start":{"line":36,"column":18},"end":{"line":36,"column":38}},"12":{"start":{"line":36,"column":38},"end":{"line":36,"column":null}},"13":{"start":{"line":37,"column":4},"end":{"line":37,"column":22}},"14":{"start":{"line":37,"column":22},"end":{"line":37,"column":38}},"15":{"start":{"line":37,"column":38},"end":{"line":37,"column":null}},"16":{"start":{"line":40,"column":8},"end":{"line":49,"column":null}},"17":{"start":{"line":41,"column":4},"end":{"line":41,"column":null}},"18":{"start":{"line":42,"column":4},"end":{"line":49,"column":null}},"19":{"start":{"line":48,"column":25},"end":{"line":48,"column":56}},"20":{"start":{"line":48,"column":56},"end":{"line":48,"column":65}},"21":{"start":{"line":48,"column":65},"end":{"line":48,"column":null}},"22":{"start":{"line":52,"column":8},"end":{"line":53,"column":92}},"23":{"start":{"line":53,"column":4},"end":{"line":53,"column":92}},"24":{"start":{"line":53,"column":27},"end":{"line":53,"column":91}},"25":{"start":{"line":53,"column":66},"end":{"line":53,"column":75}},"26":{"start":{"line":55,"column":2},"end":{"line":199,"column":null}},"27":{"start":{"line":56,"column":52},"end":{"line":56,"column":null}},"28":{"start":{"line":56,"column":62},"end":{"line":56,"column":71}},"29":{"start":{"line":56,"column":71},"end":{"line":56,"column":null}},"30":{"start":{"line":81,"column":33},"end":{"line":81,"column":57}},"31":{"start":{"line":94,"column":33},"end":{"line":94,"column":63}},"32":{"start":{"line":115,"column":26},"end":{"line":117,"column":null}},"33":{"start":{"line":132,"column":35},"end":{"line":132,"column":61}},"34":{"start":{"line":147,"column":33},"end":{"line":147,"column":57}},"35":{"start":{"line":158,"column":20},"end":{"line":173,"column":null}},"36":{"start":{"line":161,"column":37},"end":{"line":161,"column":58}},"37":{"start":{"line":190,"column":33},"end":{"line":190,"column":42}},"38":{"start":{"line":190,"column":42},"end":{"line":190,"column":null}}},"fnMap":{"0":{"name":"CreateTaskModal","decl":{"start":{"line":26,"column":24},"end":{"line":26,"column":40}},"loc":{"start":{"line":26,"column":94},"end":{"line":199,"column":null}},"line":26},"1":{"name":"(anonymous_1)","decl":{"start":{"line":35,"column":8},"end":{"line":35,"column":22}},"loc":{"start":{"line":35,"column":22},"end":{"line":37,"column":null}},"line":35},"2":{"name":"(anonymous_2)","decl":{"start":{"line":40,"column":8},"end":{"line":40,"column":24}},"loc":{"start":{"line":40,"column":41},"end":{"line":49,"column":null}},"line":40},"3":{"name":"(anonymous_3)","decl":{"start":{"line":48,"column":6},"end":{"line":48,"column":23}},"loc":{"start":{"line":48,"column":23},"end":{"line":49,"column":6}},"line":48},"4":{"name":"(anonymous_4)","decl":{"start":{"line":52,"column":8},"end":{"line":52,"column":26}},"loc":{"start":{"line":53,"column":4},"end":{"line":53,"column":92}},"line":53},"5":{"name":"(anonymous_5)","decl":{"start":{"line":53,"column":4},"end":{"line":53,"column":18}},"loc":{"start":{"line":53,"column":27},"end":{"line":53,"column":91}},"line":53},"6":{"name":"(anonymous_6)","decl":{"start":{"line":53,"column":52},"end":{"line":53,"column":60}},"loc":{"start":{"line":53,"column":66},"end":{"line":53,"column":75}},"line":53},"7":{"name":"(anonymous_7)","decl":{"start":{"line":56,"column":29},"end":{"line":56,"column":44}},"loc":{"start":{"line":56,"column":50},"end":{"line":56,"column":null}},"line":56},"8":{"name":"(anonymous_8)","decl":{"start":{"line":81,"column":16},"end":{"line":81,"column":27}},"loc":{"start":{"line":81,"column":33},"end":{"line":81,"column":57}},"line":81},"9":{"name":"(anonymous_9)","decl":{"start":{"line":94,"column":16},"end":{"line":94,"column":27}},"loc":{"start":{"line":94,"column":33},"end":{"line":94,"column":63}},"line":94},"10":{"name":"(anonymous_10)","decl":{"start":{"line":114,"column":40},"end":{"line":114,"column":45}},"loc":{"start":{"line":115,"column":26},"end":{"line":117,"column":null}},"line":115},"11":{"name":"(anonymous_11)","decl":{"start":{"line":132,"column":18},"end":{"line":132,"column":29}},"loc":{"start":{"line":132,"column":35},"end":{"line":132,"column":61}},"line":132},"12":{"name":"(anonymous_12)","decl":{"start":{"line":147,"column":16},"end":{"line":147,"column":27}},"loc":{"start":{"line":147,"column":33},"end":{"line":147,"column":57}},"line":147},"13":{"name":"(anonymous_13)","decl":{"start":{"line":157,"column":27},"end":{"line":157,"column":32}},"loc":{"start":{"line":158,"column":20},"end":{"line":173,"column":null}},"line":158},"14":{"name":"(anonymous_14)","decl":{"start":{"line":161,"column":22},"end":{"line":161,"column":37}},"loc":{"start":{"line":161,"column":37},"end":{"line":161,"column":58}},"line":161},"15":{"name":"(anonymous_15)","decl":{"start":{"line":190,"column":16},"end":{"line":190,"column":31}},"loc":{"start":{"line":190,"column":31},"end":{"line":190,"column":null}},"line":190}},"branchMap":{"0":{"loc":{"start":{"line":45,"column":15},"end":{"line":45,"column":null}},"type":"binary-expr","locations":[{"start":{"line":45,"column":15},"end":{"line":45,"column":26}},{"start":{"line":45,"column":26},"end":{"line":45,"column":null}}],"line":45},"1":{"loc":{"start":{"line":46,"column":14},"end":{"line":46,"column":null}},"type":"cond-expr","locations":[{"start":{"line":46,"column":22},"end":{"line":46,"column":29}},{"start":{"line":46,"column":32},"end":{"line":46,"column":null}}],"line":46},"2":{"loc":{"start":{"line":53,"column":27},"end":{"line":53,"column":91}},"type":"cond-expr","locations":[{"start":{"line":53,"column":47},"end":{"line":53,"column":75}},{"start":{"line":53,"column":78},"end":{"line":53,"column":91}}],"line":53},"3":{"loc":{"start":{"line":56,"column":52},"end":{"line":56,"column":null}},"type":"if","locations":[{"start":{"line":56,"column":52},"end":{"line":56,"column":null}},{"start":{},"end":{}}],"line":56},"4":{"loc":{"start":{"line":153,"column":13},"end":{"line":175,"column":null}},"type":"binary-expr","locations":[{"start":{"line":153,"column":13},"end":{"line":153,"column":null}},{"start":{"line":154,"column":14},"end":{"line":175,"column":null}}],"line":153},"5":{"loc":{"start":{"line":164,"column":24},"end":{"line":166,"column":null}},"type":"cond-expr","locations":[{"start":{"line":165,"column":28},"end":{"line":165,"column":null}},{"start":{"line":166,"column":28},"end":{"line":166,"column":null}}],"line":164},"6":{"loc":{"start":{"line":186,"column":17},"end":{"line":186,"column":null}},"type":"cond-expr","locations":[{"start":{"line":186,"column":40},"end":{"line":186,"column":56}},{"start":{"line":186,"column":56},"end":{"line":186,"column":null}}],"line":186}},"s":{"0":1,"1":1,"2":17,"3":17,"4":17,"5":17,"6":17,"7":17,"8":17,"9":17,"10":1,"11":1,"12":1,"13":1,"14":1,"15":1,"16":17,"17":1,"18":1,"19":1,"20":1,"21":1,"22":17,"23":2,"24":2,"25":1,"26":17,"27":0,"28":0,"29":0,"30":1,"31":1,"32":51,"33":0,"34":1,"35":32,"36":2,"37":0,"38":0},"f":{"0":17,"1":1,"2":1,"3":1,"4":2,"5":2,"6":1,"7":0,"8":1,"9":1,"10":51,"11":0,"12":1,"13":32,"14":2,"15":0},"b":{"0":[1,1],"1":[1,0],"2":[1,1],"3":[0,0],"4":[17,16],"5":[1,31],"6":[0,17]},"meta":{"lastBranch":7,"lastFunction":16,"lastStatement":39,"seen":{"s:18:23:22:Infinity":0,"s:24:21:24:Infinity":1,"f:26:24:26:40":0,"s:27:8:27:45":2,"s:28:16:28:40":3,"s:29:22:29:52":4,"s:30:19:30:52":5,"s:31:20:31:58":6,"s:32:18:32:44":7,"s:33:16:33:40":8,"s:35:8:37:Infinity":9,"f:35:8:35:22":1,"s:36:4:36:18":10,"s:36:18:36:38":11,"s:36:38:36:Infinity":12,"s:37:4:37:22":13,"s:37:22:37:38":14,"s:37:38:37:Infinity":15,"s:40:8:49:Infinity":16,"f:40:8:40:24":2,"s:41:4:41:Infinity":17,"s:42:4:49:Infinity":18,"b:45:15:45:26:45:26:45:Infinity":0,"b:46:22:46:29:46:32:46:Infinity":1,"f:48:6:48:23":3,"s:48:25:48:56":19,"s:48:56:48:65":20,"s:48:65:48:Infinity":21,"s:52:8:53:92":22,"f:52:8:52:26":4,"s:53:4:53:92":23,"f:53:4:53:18":5,"s:53:27:53:91":24,"b:53:47:53:75:53:78:53:91":2,"f:53:52:53:60":6,"s:53:66:53:75":25,"s:55:2:199:Infinity":26,"f:56:29:56:44":7,"b:56:52:56:Infinity:undefined:undefined:undefined:undefined":3,"s:56:52:56:Infinity":27,"s:56:62:56:71":28,"s:56:71:56:Infinity":29,"f:81:16:81:27":8,"s:81:33:81:57":30,"f:94:16:94:27":9,"s:94:33:94:63":31,"f:114:40:114:45":10,"s:115:26:117:Infinity":32,"f:132:18:132:29":11,"s:132:35:132:61":33,"f:147:16:147:27":12,"s:147:33:147:57":34,"b:153:13:153:Infinity:154:14:175:Infinity":4,"f:157:27:157:32":13,"s:158:20:173:Infinity":35,"f:161:22:161:37":14,"s:161:37:161:58":36,"b:165:28:165:Infinity:166:28:166:Infinity":5,"b:186:40:186:56:186:56:186:Infinity":6,"f:190:16:190:31":15,"s:190:33:190:42":37,"s:190:42:190:Infinity":38}}}
,"C:\\Users\\lenovo\\Double\\Tasks\\frontend\\src\\components\\Sidebar.tsx": {"path":"C:\\Users\\lenovo\\Double\\Tasks\\frontend\\src\\components\\Sidebar.tsx","statementMap":{"0":{"start":{"line":16,"column":16},"end":{"line":16,"column":36}},"1":{"start":{"line":17,"column":8},"end":{"line":17,"column":32}},"2":{"start":{"line":18,"column":8},"end":{"line":18,"column":32}},"3":{"start":{"line":19,"column":16},"end":{"line":19,"column":42}},"4":{"start":{"line":20,"column":8},"end":{"line":20,"column":42}},"5":{"start":{"line":22,"column":20},"end":{"line":22,"column":51}},"6":{"start":{"line":23,"column":15},"end":{"line":23,"column":41}},"7":{"start":{"line":24,"column":15},"end":{"line":24,"column":38}},"8":{"start":{"line":25,"column":22},"end":{"line":25,"column":52}},"9":{"start":{"line":27,"column":8},"end":{"line":36,"column":null}},"10":{"start":{"line":28,"column":4},"end":{"line":28,"column":null}},"11":{"start":{"line":29,"column":4},"end":{"line":36,"column":null}},"12":{"start":{"line":31,"column":8},"end":{"line":31,"column":null}},"13":{"start":{"line":32,"column":8},"end":{"line":32,"column":null}},"14":{"start":{"line":33,"column":8},"end":{"line":33,"column":null}},"15":{"start":{"line":34,"column":8},"end":{"line":34,"column":null}},"16":{"start":{"line":39,"column":23},"end":{"line":41,"column":null}},"17":{"start":{"line":40,"column":4},"end":{"line":40,"column":null}},"18":{"start":{"line":41,"column":4},"end":{"line":41,"column":null}},"19":{"start":{"line":44,"column":8},"end":{"line":44,"column":null}},"20":{"start":{"line":44,"column":37},"end":{"line":44,"column":null}},"21":{"start":{"line":46,"column":2},"end":{"line":262,"column":null}},"22":{"start":{"line":68,"column":27},"end":{"line":68,"column":51}},"23":{"start":{"line":79,"column":27},"end":{"line":79,"column":40}},"24":{"start":{"line":100,"column":31},"end":{"line":100,"column":44}},"25":{"start":{"line":110,"column":29},"end":{"line":110,"column":42}},"26":{"start":{"line":121,"column":14},"end":{"line":140,"column":null}},"27":{"start":{"line":123,"column":31},"end":{"line":123,"column":60}},"28":{"start":{"line":227,"column":35},"end":{"line":227,"column":58}},"29":{"start":{"line":238,"column":35},"end":{"line":238,"column":65}}},"fnMap":{"0":{"name":"Sidebar","decl":{"start":{"line":15,"column":24},"end":{"line":15,"column":34}},"loc":{"start":{"line":15,"column":34},"end":{"line":262,"column":null}},"line":15},"1":{"name":"(anonymous_1)","decl":{"start":{"line":27,"column":8},"end":{"line":27,"column":24}},"loc":{"start":{"line":27,"column":41},"end":{"line":36,"column":null}},"line":27},"2":{"name":"(anonymous_2)","decl":{"start":{"line":30,"column":6},"end":{"line":30,"column":23}},"loc":{"start":{"line":30,"column":23},"end":{"line":36,"column":6}},"line":30},"3":{"name":"(anonymous_3)","decl":{"start":{"line":39,"column":23},"end":{"line":39,"column":35}},"loc":{"start":{"line":39,"column":35},"end":{"line":41,"column":null}},"line":39},"4":{"name":"(anonymous_4)","decl":{"start":{"line":44,"column":8},"end":{"line":44,"column":20}},"loc":{"start":{"line":44,"column":37},"end":{"line":44,"column":null}},"line":44},"5":{"name":"(anonymous_5)","decl":{"start":{"line":68,"column":12},"end":{"line":68,"column":27}},"loc":{"start":{"line":68,"column":27},"end":{"line":68,"column":51}},"line":68},"6":{"name":"(anonymous_6)","decl":{"start":{"line":79,"column":12},"end":{"line":79,"column":27}},"loc":{"start":{"line":79,"column":27},"end":{"line":79,"column":40}},"line":79},"7":{"name":"(anonymous_7)","decl":{"start":{"line":100,"column":16},"end":{"line":100,"column":31}},"loc":{"start":{"line":100,"column":31},"end":{"line":100,"column":44}},"line":100},"8":{"name":"(anonymous_8)","decl":{"start":{"line":110,"column":14},"end":{"line":110,"column":29}},"loc":{"start":{"line":110,"column":29},"end":{"line":110,"column":42}},"line":110},"9":{"name":"(anonymous_9)","decl":{"start":{"line":120,"column":23},"end":{"line":120,"column":28}},"loc":{"start":{"line":121,"column":14},"end":{"line":140,"column":null}},"line":121},"10":{"name":"(anonymous_10)","decl":{"start":{"line":123,"column":16},"end":{"line":123,"column":31}},"loc":{"start":{"line":123,"column":31},"end":{"line":123,"column":60}},"line":123},"11":{"name":"(anonymous_11)","decl":{"start":{"line":227,"column":18},"end":{"line":227,"column":29}},"loc":{"start":{"line":227,"column":35},"end":{"line":227,"column":58}},"line":227},"12":{"name":"(anonymous_12)","decl":{"start":{"line":238,"column":18},"end":{"line":238,"column":29}},"loc":{"start":{"line":238,"column":35},"end":{"line":238,"column":65}},"line":238}},"branchMap":{"0":{"loc":{"start":{"line":50,"column":8},"end":{"line":50,"column":null}},"type":"cond-expr","locations":[{"start":{"line":50,"column":20},"end":{"line":50,"column":33}},{"start":{"line":50,"column":33},"end":{"line":50,"column":null}}],"line":50},"1":{"loc":{"start":{"line":55,"column":10},"end":{"line":55,"column":null}},"type":"cond-expr","locations":[{"start":{"line":55,"column":22},"end":{"line":55,"column":41}},{"start":{"line":55,"column":41},"end":{"line":55,"column":null}}],"line":55},"2":{"loc":{"start":{"line":57,"column":11},"end":{"line":67,"column":11}},"type":"binary-expr","locations":[{"start":{"line":57,"column":11},"end":{"line":57,"column":null}},{"start":{"line":58,"column":12},"end":{"line":67,"column":11}}],"line":57},"3":{"loc":{"start":{"line":71,"column":13},"end":{"line":71,"column":null}},"type":"cond-expr","locations":[{"start":{"line":71,"column":25},"end":{"line":71,"column":56}},{"start":{"line":71,"column":55},"end":{"line":71,"column":null}}],"line":71},"4":{"loc":{"start":{"line":83,"column":14},"end":{"line":85,"column":null}},"type":"cond-expr","locations":[{"start":{"line":84,"column":18},"end":{"line":84,"column":null}},{"start":{"line":85,"column":18},"end":{"line":85,"column":null}}],"line":83},"5":{"loc":{"start":{"line":86,"column":14},"end":{"line":86,"column":null}},"type":"binary-expr","locations":[{"start":{"line":86,"column":14},"end":{"line":86,"column":27}},{"start":{"line":86,"column":27},"end":{"line":86,"column":null}}],"line":86},"6":{"loc":{"start":{"line":90,"column":13},"end":{"line":90,"column":null}},"type":"binary-expr","locations":[{"start":{"line":90,"column":13},"end":{"line":90,"column":27}},{"start":{"line":90,"column":27},"end":{"line":90,"column":null}}],"line":90},"7":{"loc":{"start":{"line":94,"column":11},"end":{"line":104,"column":null}},"type":"binary-expr","locations":[{"start":{"line":94,"column":11},"end":{"line":94,"column":null}},{"start":{"line":95,"column":12},"end":{"line":104,"column":null}}],"line":94},"8":{"loc":{"start":{"line":108,"column":11},"end":{"line":115,"column":null}},"type":"binary-expr","locations":[{"start":{"line":108,"column":11},"end":{"line":108,"column":null}},{"start":{"line":109,"column":12},"end":{"line":115,"column":null}}],"line":108},"9":{"loc":{"start":{"line":127,"column":18},"end":{"line":129,"column":null}},"type":"cond-expr","locations":[{"start":{"line":128,"column":22},"end":{"line":128,"column":null}},{"start":{"line":129,"column":22},"end":{"line":129,"column":null}}],"line":127},"10":{"loc":{"start":{"line":130,"column":18},"end":{"line":130,"column":null}},"type":"binary-expr","locations":[{"start":{"line":130,"column":18},"end":{"line":130,"column":31}},{"start":{"line":130,"column":31},"end":{"line":130,"column":null}}],"line":130},"11":{"loc":{"start":{"line":135,"column":18},"end":{"line":135,"column":null}},"type":"cond-expr","locations":[{"start":{"line":135,"column":50},"end":{"line":135,"column":66}},{"start":{"line":135,"column":66},"end":{"line":135,"column":null}}],"line":135},"12":{"loc":{"start":{"line":139,"column":17},"end":{"line":139,"column":null}},"type":"binary-expr","locations":[{"start":{"line":139,"column":17},"end":{"line":139,"column":31}},{"start":{"line":139,"column":31},"end":{"line":139,"column":null}}],"line":139},"13":{"loc":{"start":{"line":151,"column":16},"end":{"line":151,"column":null}},"type":"binary-expr","locations":[{"start":{"line":151,"column":16},"end":{"line":151,"column":29}},{"start":{"line":151,"column":29},"end":{"line":151,"column":null}}],"line":151},"14":{"loc":{"start":{"line":156,"column":17},"end":{"line":163,"column":null}},"type":"binary-expr","locations":[{"start":{"line":156,"column":17},"end":{"line":156,"column":null}},{"start":{"line":157,"column":18},"end":{"line":163,"column":null}}],"line":156},"15":{"loc":{"start":{"line":249,"column":19},"end":{"line":250,"column":33}},"type":"binary-expr","locations":[{"start":{"line":249,"column":19},"end":{"line":249,"column":46}},{"start":{"line":249,"column":46},"end":{"line":250,"column":33}}],"line":249},"16":{"loc":{"start":{"line":250,"column":19},"end":{"line":250,"column":null}},"type":"cond-expr","locations":[{"start":{"line":250,"column":45},"end":{"line":250,"column":61}},{"start":{"line":250,"column":61},"end":{"line":250,"column":null}}],"line":250}},"s":{"0":14,"1":14,"2":14,"3":14,"4":14,"5":14,"6":14,"7":14,"8":14,"9":14,"10":1,"11":1,"12":0,"13":0,"14":0,"15":0,"16":14,"17":0,"18":0,"19":14,"20":70,"21":14,"22":1,"23":1,"24":2,"25":0,"26":28,"27":1,"28":1,"29":0},"f":{"0":14,"1":1,"2":0,"3":0,"4":70,"5":1,"6":1,"7":2,"8":0,"9":28,"10":1,"11":1,"12":0},"b":{"0":[1,13],"1":[1,13],"2":[14,13],"3":[1,13],"4":[14,0],"5":[14,1],"6":[14,13],"7":[14,13],"8":[14,1],"9":[0,28],"10":[28,2],"11":[0,28],"12":[28,26],"13":[14,1],"14":[14,13],"15":[14,0],"16":[0,14]},"meta":{"lastBranch":17,"lastFunction":13,"lastStatement":30,"seen":{"f:15:24:15:34":0,"s:16:16:16:36":0,"s:17:8:17:32":1,"s:18:8:18:32":2,"s:19:16:19:42":3,"s:20:8:20:42":4,"s:22:20:22:51":5,"s:23:15:23:41":6,"s:24:15:24:38":7,"s:25:22:25:52":8,"s:27:8:36:Infinity":9,"f:27:8:27:24":1,"s:28:4:28:Infinity":10,"s:29:4:36:Infinity":11,"f:30:6:30:23":2,"s:31:8:31:Infinity":12,"s:32:8:32:Infinity":13,"s:33:8:33:Infinity":14,"s:34:8:34:Infinity":15,"s:39:23:41:Infinity":16,"f:39:23:39:35":3,"s:40:4:40:Infinity":17,"s:41:4:41:Infinity":18,"s:44:8:44:Infinity":19,"f:44:8:44:20":4,"s:44:37:44:Infinity":20,"s:46:2:262:Infinity":21,"b:50:20:50:33:50:33:50:Infinity":0,"b:55:22:55:41:55:41:55:Infinity":1,"b:57:11:57:Infinity:58:12:67:11":2,"f:68:12:68:27":5,"s:68:27:68:51":22,"b:71:25:71:56:71:55:71:Infinity":3,"f:79:12:79:27":6,"s:79:27:79:40":23,"b:84:18:84:Infinity:85:18:85:Infinity":4,"b:86:14:86:27:86:27:86:Infinity":5,"b:90:13:90:27:90:27:90:Infinity":6,"b:94:11:94:Infinity:95:12:104:Infinity":7,"f:100:16:100:31":7,"s:100:31:100:44":24,"b:108:11:108:Infinity:109:12:115:Infinity":8,"f:110:14:110:29":8,"s:110:29:110:42":25,"f:120:23:120:28":9,"s:121:14:140:Infinity":26,"f:123:16:123:31":10,"s:123:31:123:60":27,"b:128:22:128:Infinity:129:22:129:Infinity":9,"b:130:18:130:31:130:31:130:Infinity":10,"b:135:50:135:66:135:66:135:Infinity":11,"b:139:17:139:31:139:31:139:Infinity":12,"b:151:16:151:29:151:29:151:Infinity":13,"b:156:17:156:Infinity:157:18:163:Infinity":14,"f:227:18:227:29":11,"s:227:35:227:58":28,"f:238:18:238:29":12,"s:238:35:238:65":29,"b:249:19:249:46:249:46:250:33":15,"b:250:45:250:61:250:61:250:Infinity":16}}}
,"C:\\Users\\lenovo\\Double\\Tasks\\frontend\\src\\components\\TaskCard.tsx": {"path":"C:\\Users\\lenovo\\Double\\Tasks\\frontend\\src\\components\\TaskCard.tsx","statementMap":{"0":{"start":{"line":10,"column":23},"end":{"line":14,"column":null}},"1":{"start":{"line":16,"column":21},"end":{"line":16,"column":null}},"2":{"start":{"line":19,"column":20},"end":{"line":19,"column":null}},"3":{"start":{"line":20,"column":14},"end":{"line":20,"column":null}},"4":{"start":{"line":22,"column":2},"end":{"line":88,"column":null}},"5":{"start":{"line":34,"column":10},"end":{"line":36,"column":null}},"6":{"start":{"line":61,"column":16},"end":{"line":67,"column":null}}},"fnMap":{"0":{"name":"TaskCard","decl":{"start":{"line":18,"column":24},"end":{"line":18,"column":33}},"loc":{"start":{"line":18,"column":59},"end":{"line":88,"column":null}},"line":18},"1":{"name":"(anonymous_1)","decl":{"start":{"line":33,"column":33},"end":{"line":33,"column":38}},"loc":{"start":{"line":34,"column":10},"end":{"line":36,"column":null}},"line":34},"2":{"name":"(anonymous_2)","decl":{"start":{"line":60,"column":42},"end":{"line":60,"column":47}},"loc":{"start":{"line":61,"column":16},"end":{"line":67,"column":null}},"line":61}},"branchMap":{"0":{"loc":{"start":{"line":19,"column":20},"end":{"line":19,"column":null}},"type":"binary-expr","locations":[{"start":{"line":19,"column":20},"end":{"line":19,"column":36}},{"start":{"line":19,"column":36},"end":{"line":19,"column":71}},{"start":{"line":19,"column":75},"end":{"line":19,"column":null}}],"line":19},"1":{"loc":{"start":{"line":46,"column":7},"end":{"line":49,"column":null}},"type":"binary-expr","locations":[{"start":{"line":46,"column":7},"end":{"line":46,"column":null}},{"start":{"line":47,"column":8},"end":{"line":49,"column":null}}],"line":46},"2":{"loc":{"start":{"line":56,"column":11},"end":{"line":74,"column":null}},"type":"cond-expr","locations":[{"start":{"line":57,"column":12},"end":{"line":59,"column":null}},{"start":{"line":59,"column":12},"end":{"line":74,"column":null}}],"line":56},"3":{"loc":{"start":{"line":69,"column":15},"end":{"line":74,"column":null}},"type":"binary-expr","locations":[{"start":{"line":69,"column":15},"end":{"line":69,"column":null}},{"start":{"line":70,"column":16},"end":{"line":74,"column":null}}],"line":69},"4":{"loc":{"start":{"line":80,"column":11},"end":{"line":85,"column":16}},"type":"binary-expr","locations":[{"start":{"line":80,"column":11},"end":{"line":80,"column":null}},{"start":{"line":81,"column":12},"end":{"line":85,"column":16}}],"line":80},"5":{"loc":{"start":{"line":85,"column":11},"end":{"line":88,"column":null}},"type":"binary-expr","locations":[{"start":{"line":85,"column":11},"end":{"line":85,"column":null}},{"start":{"line":86,"column":12},"end":{"line":88,"column":null}}],"line":85},"6":{"loc":{"start":{"line":86,"column":85},"end":{"line":86,"column":130}},"type":"cond-expr","locations":[{"start":{"line":86,"column":97},"end":{"line":86,"column":114}},{"start":{"line":86,"column":114},"end":{"line":86,"column":130}}],"line":86},"7":{"loc":{"start":{"line":87,"column":15},"end":{"line":88,"column":19}},"type":"cond-expr","locations":[{"start":{"line":87,"column":27},"end":{"line":87,"column":56}},{"start":{"line":87,"column":55},"end":{"line":88,"column":19}}],"line":87}},"s":{"0":1,"1":1,"2":11,"3":11,"4":11,"5":2,"6":5},"f":{"0":11,"1":2,"2":5},"b":{"0":[11,3,3],"1":[11,11],"2":[9,2],"3":[2,1],"4":[11,1],"5":[11,3],"6":[2,1],"7":[2,1]},"meta":{"lastBranch":8,"lastFunction":3,"lastStatement":7,"seen":{"s:10:23:14:Infinity":0,"s:16:21:16:Infinity":1,"f:18:24:18:33":0,"s:19:20:19:Infinity":2,"b:19:20:19:36:19:36:19:71:19:75:19:Infinity":0,"s:20:14:20:Infinity":3,"s:22:2:88:Infinity":4,"f:33:33:33:38":1,"s:34:10:36:Infinity":5,"b:46:7:46:Infinity:47:8:49:Infinity":1,"b:57:12:59:Infinity:59:12:74:Infinity":2,"f:60:42:60:47":2,"s:61:16:67:Infinity":6,"b:69:15:69:Infinity:70:16:74:Infinity":3,"b:80:11:80:Infinity:81:12:85:16":4,"b:85:11:85:Infinity:86:12:88:Infinity":5,"b:86:97:86:114:86:114:86:130":6,"b:87:27:87:56:87:55:88:19":7}}}
,"C:\\Users\\lenovo\\Double\\Tasks\\frontend\\src\\components\\TaskModal.tsx": {"path":"C:\\Users\\lenovo\\Double\\Tasks\\frontend\\src\\components\\TaskModal.tsx","statementMap":{"0":{"start":{"line":19,"column":23},"end":{"line":23,"column":null}},"1":{"start":{"line":25,"column":21},"end":{"line":30,"column":null}},"2":{"start":{"line":32,"column":21},"end":{"line":32,"column":null}},"3":{"start":{"line":35,"column":8},"end":{"line":35,"column":45}},"4":{"start":{"line":36,"column":8},"end":{"line":36,"column":45}},"5":{"start":{"line":37,"column":8},"end":{"line":37,"column":45}},"6":{"start":{"line":38,"column":18},"end":{"line":38,"column":44}},"7":{"start":{"line":39,"column":16},"end":{"line":39,"column":48}},"8":{"start":{"line":40,"column":22},"end":{"line":40,"column":66}},"9":{"start":{"line":41,"column":19},"end":{"line":41,"column":57}},"10":{"start":{"line":42,"column":17},"end":{"line":42,"column":51}},"11":{"start":{"line":44,"column":8},"end":{"line":47,"column":null}},"12":{"start":{"line":45,"column":4},"end":{"line":47,"column":null}},"13":{"start":{"line":46,"column":23},"end":{"line":46,"column":52}},"14":{"start":{"line":50,"column":8},"end":{"line":55,"column":null}},"15":{"start":{"line":51,"column":4},"end":{"line":51,"column":null}},"16":{"start":{"line":52,"column":4},"end":{"line":52,"column":null}},"17":{"start":{"line":52,"column":25},"end":{"line":52,"column":null}},"18":{"start":{"line":53,"column":4},"end":{"line":55,"column":null}},"19":{"start":{"line":54,"column":25},"end":{"line":54,"column":41}},"20":{"start":{"line":54,"column":41},"end":{"line":54,"column":null}},"21":{"start":{"line":58,"column":8},"end":{"line":61,"column":null}},"22":{"start":{"line":59,"column":4},"end":{"line":61,"column":null}},"23":{"start":{"line":60,"column":25},"end":{"line":60,"column":56}},"24":{"start":{"line":60,"column":56},"end":{"line":60,"column":null}},"25":{"start":{"line":64,"column":2},"end":{"line":319,"column":null}},"26":{"start":{"line":65,"column":50},"end":{"line":65,"column":65}},"27":{"start":{"line":95,"column":16},"end":{"line":102,"column":null}},"28":{"start":{"line":112,"column":35},"end":{"line":112,"column":59}},"29":{"start":{"line":121,"column":35},"end":{"line":121,"column":65}},"30":{"start":{"line":133,"column":68},"end":{"line":133,"column":98}},"31":{"start":{"line":142,"column":28},"end":{"line":146,"column":null}},"32":{"start":{"line":158,"column":70},"end":{"line":158,"column":104}},"33":{"start":{"line":167,"column":28},"end":{"line":171,"column":null}},"34":{"start":{"line":188,"column":22},"end":{"line":193,"column":null}},"35":{"start":{"line":205,"column":22},"end":{"line":207,"column":null}},"36":{"start":{"line":239,"column":35},"end":{"line":239,"column":61}},"37":{"start":{"line":260,"column":20},"end":{"line":274,"column":null}},"38":{"start":{"line":290,"column":20},"end":{"line":311,"column":null}}},"fnMap":{"0":{"name":"TaskModal","decl":{"start":{"line":34,"column":24},"end":{"line":34,"column":34}},"loc":{"start":{"line":34,"column":92},"end":{"line":319,"column":null}},"line":34},"1":{"name":"(anonymous_1)","decl":{"start":{"line":44,"column":8},"end":{"line":44,"column":27}},"loc":{"start":{"line":44,"column":27},"end":{"line":47,"column":null}},"line":44},"2":{"name":"(anonymous_2)","decl":{"start":{"line":46,"column":6},"end":{"line":46,"column":23}},"loc":{"start":{"line":46,"column":23},"end":{"line":46,"column":52}},"line":46},"3":{"name":"(anonymous_3)","decl":{"start":{"line":50,"column":8},"end":{"line":50,"column":25}},"loc":{"start":{"line":50,"column":42},"end":{"line":55,"column":null}},"line":50},"4":{"name":"(anonymous_4)","decl":{"start":{"line":54,"column":6},"end":{"line":54,"column":23}},"loc":{"start":{"line":54,"column":23},"end":{"line":55,"column":6}},"line":54},"5":{"name":"(anonymous_5)","decl":{"start":{"line":58,"column":8},"end":{"line":58,"column":29}},"loc":{"start":{"line":58,"column":29},"end":{"line":61,"column":null}},"line":58},"6":{"name":"(anonymous_6)","decl":{"start":{"line":60,"column":6},"end":{"line":60,"column":23}},"loc":{"start":{"line":60,"column":23},"end":{"line":61,"column":6}},"line":60},"7":{"name":"(anonymous_7)","decl":{"start":{"line":65,"column":29},"end":{"line":65,"column":44}},"loc":{"start":{"line":65,"column":50},"end":{"line":65,"column":65}},"line":65},"8":{"name":"(anonymous_8)","decl":{"start":{"line":94,"column":16},"end":{"line":94,"column":21}},"loc":{"start":{"line":95,"column":16},"end":{"line":102,"column":null}},"line":95},"9":{"name":"(anonymous_9)","decl":{"start":{"line":112,"column":18},"end":{"line":112,"column":29}},"loc":{"start":{"line":112,"column":35},"end":{"line":112,"column":59}},"line":112},"10":{"name":"(anonymous_10)","decl":{"start":{"line":121,"column":18},"end":{"line":121,"column":29}},"loc":{"start":{"line":121,"column":35},"end":{"line":121,"column":65}},"line":121},"11":{"name":"(anonymous_11)","decl":{"start":{"line":133,"column":46},"end":{"line":133,"column":62}},"loc":{"start":{"line":133,"column":68},"end":{"line":133,"column":98}},"line":133},"12":{"name":"(anonymous_12)","decl":{"start":{"line":141,"column":56},"end":{"line":141,"column":61}},"loc":{"start":{"line":142,"column":28},"end":{"line":146,"column":null}},"line":142},"13":{"name":"(anonymous_13)","decl":{"start":{"line":158,"column":48},"end":{"line":158,"column":64}},"loc":{"start":{"line":158,"column":70},"end":{"line":158,"column":104}},"line":158},"14":{"name":"(anonymous_14)","decl":{"start":{"line":166,"column":58},"end":{"line":166,"column":63}},"loc":{"start":{"line":167,"column":28},"end":{"line":171,"column":null}},"line":167},"15":{"name":"(anonymous_15)","decl":{"start":{"line":187,"column":36},"end":{"line":187,"column":41}},"loc":{"start":{"line":188,"column":22},"end":{"line":193,"column":null}},"line":188},"16":{"name":"(anonymous_16)","decl":{"start":{"line":204,"column":33},"end":{"line":204,"column":38}},"loc":{"start":{"line":205,"column":22},"end":{"line":207,"column":null}},"line":205},"17":{"name":"(anonymous_17)","decl":{"start":{"line":239,"column":18},"end":{"line":239,"column":29}},"loc":{"start":{"line":239,"column":35},"end":{"line":239,"column":61}},"line":239},"18":{"name":"(anonymous_18)","decl":{"start":{"line":259,"column":47},"end":{"line":259,"column":52}},"loc":{"start":{"line":260,"column":20},"end":{"line":274,"column":null}},"line":260},"19":{"name":"(anonymous_19)","decl":{"start":{"line":289,"column":47},"end":{"line":289,"column":52}},"loc":{"start":{"line":290,"column":20},"end":{"line":311,"column":null}},"line":290}},"branchMap":{"0":{"loc":{"start":{"line":52,"column":4},"end":{"line":52,"column":null}},"type":"if","locations":[{"start":{"line":52,"column":4},"end":{"line":52,"column":null}},{"start":{},"end":{}}],"line":52},"1":{"loc":{"start":{"line":65,"column":50},"end":{"line":65,"column":65}},"type":"binary-expr","locations":[{"start":{"line":65,"column":50},"end":{"line":65,"column":56}},{"start":{"line":65,"column":56},"end":{"line":65,"column":65}}],"line":65},"2":{"loc":{"start":{"line":183,"column":17},"end":{"line":195,"column":null}},"type":"cond-expr","locations":[{"start":{"line":184,"column":18},"end":{"line":186,"column":19}},{"start":{"line":186,"column":18},"end":{"line":195,"column":null}}],"line":183},"3":{"loc":{"start":{"line":200,"column":15},"end":{"line":209,"column":null}},"type":"binary-expr","locations":[{"start":{"line":200,"column":15},"end":{"line":200,"column":null}},{"start":{"line":201,"column":16},"end":{"line":209,"column":null}}],"line":200},"4":{"loc":{"start":{"line":221,"column":19},"end":{"line":221,"column":null}},"type":"cond-expr","locations":[{"start":{"line":221,"column":42},"end":{"line":221,"column":56}},{"start":{"line":221,"column":56},"end":{"line":221,"column":null}}],"line":221},"5":{"loc":{"start":{"line":253,"column":17},"end":{"line":274,"column":null}},"type":"cond-expr","locations":[{"start":{"line":254,"column":18},"end":{"line":259,"column":19}},{"start":{"line":259,"column":18},"end":{"line":274,"column":null}}],"line":253},"6":{"loc":{"start":{"line":282,"column":15},"end":{"line":313,"column":null}},"type":"cond-expr","locations":[{"start":{"line":283,"column":16},"end":{"line":288,"column":17}},{"start":{"line":288,"column":16},"end":{"line":313,"column":null}}],"line":282},"7":{"loc":{"start":{"line":292,"column":25},"end":{"line":292,"column":null}},"type":"binary-expr","locations":[{"start":{"line":292,"column":25},"end":{"line":292,"column":57}},{"start":{"line":292,"column":61},"end":{"line":292,"column":null}}],"line":292},"8":{"loc":{"start":{"line":298,"column":27},"end":{"line":302,"column":null}},"type":"binary-expr","locations":[{"start":{"line":298,"column":27},"end":{"line":298,"column":37}},{"start":{"line":298,"column":37},"end":{"line":298,"column":null}},{"start":{"line":299,"column":28},"end":{"line":302,"column":null}}],"line":298}},"s":{"0":1,"1":1,"2":1,"3":17,"4":17,"5":17,"6":17,"7":17,"8":17,"9":17,"10":17,"11":17,"12":1,"13":0,"14":17,"15":2,"16":2,"17":1,"18":1,"19":0,"20":0,"21":17,"22":1,"23":0,"24":0,"25":17,"26":0,"27":51,"28":0,"29":0,"30":0,"31":68,"32":0,"33":51,"34":17,"35":17,"36":1,"37":16,"38":16},"f":{"0":17,"1":1,"2":0,"3":2,"4":0,"5":1,"6":0,"7":0,"8":51,"9":0,"10":0,"11":0,"12":68,"13":0,"14":51,"15":17,"16":17,"17":1,"18":16,"19":16},"b":{"0":[1,1],"1":[0,0],"2":[0,17],"3":[17,17],"4":[0,17],"5":[1,16],"6":[1,16],"7":[16,0],"8":[16,0,0]},"meta":{"lastBranch":9,"lastFunction":20,"lastStatement":39,"seen":{"s:19:23:23:Infinity":0,"s:25:21:30:Infinity":1,"s:32:21:32:Infinity":2,"f:34:24:34:34":0,"s:35:8:35:45":3,"s:36:8:36:45":4,"s:37:8:37:45":5,"s:38:18:38:44":6,"s:39:16:39:48":7,"s:40:22:40:66":8,"s:41:19:41:57":9,"s:42:17:42:51":10,"s:44:8:47:Infinity":11,"f:44:8:44:27":1,"s:45:4:47:Infinity":12,"f:46:6:46:23":2,"s:46:23:46:52":13,"s:50:8:55:Infinity":14,"f:50:8:50:25":3,"s:51:4:51:Infinity":15,"b:52:4:52:Infinity:undefined:undefined:undefined:undefined":0,"s:52:4:52:Infinity":16,"s:52:25:52:Infinity":17,"s:53:4:55:Infinity":18,"f:54:6:54:23":4,"s:54:25:54:41":19,"s:54:41:54:Infinity":20,"s:58:8:61:Infinity":21,"f:58:8:58:29":5,"s:59:4:61:Infinity":22,"f:60:6:60:23":6,"s:60:25:60:56":23,"s:60:56:60:Infinity":24,"s:64:2:319:Infinity":25,"f:65:29:65:44":7,"s:65:50:65:65":26,"b:65:50:65:56:65:56:65:65":1,"f:94:16:94:21":8,"s:95:16:102:Infinity":27,"f:112:18:112:29":9,"s:112:35:112:59":28,"f:121:18:121:29":10,"s:121:35:121:65":29,"f:133:46:133:62":11,"s:133:68:133:98":30,"f:141:56:141:61":12,"s:142:28:146:Infinity":31,"f:158:48:158:64":13,"s:158:70:158:104":32,"f:166:58:166:63":14,"s:167:28:171:Infinity":33,"b:184:18:186:19:186:18:195:Infinity":2,"f:187:36:187:41":15,"s:188:22:193:Infinity":34,"b:200:15:200:Infinity:201:16:209:Infinity":3,"f:204:33:204:38":16,"s:205:22:207:Infinity":35,"b:221:42:221:56:221:56:221:Infinity":4,"f:239:18:239:29":17,"s:239:35:239:61":36,"b:254:18:259:19:259:18:274:Infinity":5,"f:259:47:259:52":18,"s:260:20:274:Infinity":37,"b:283:16:288:17:288:16:313:Infinity":6,"f:289:47:289:52":19,"s:290:20:311:Infinity":38,"b:292:25:292:57:292:61:292:Infinity":7,"b:298:27:298:37:298:37:298:Infinity:299:28:302:Infinity":8}}}
,"C:\\Users\\lenovo\\Double\\Tasks\\frontend\\src\\lib\\cn.ts": {"path":"C:\\Users\\lenovo\\Double\\Tasks\\frontend\\src\\lib\\cn.ts","statementMap":{"0":{"start":{"line":5,"column":2},"end":{"line":5,"column":null}}},"fnMap":{"0":{"name":"cn","decl":{"start":{"line":4,"column":16},"end":{"line":4,"column":19}},"loc":{"start":{"line":4,"column":44},"end":{"line":5,"column":null}},"line":4}},"branchMap":{},"s":{"0":409},"f":{"0":409},"b":{},"meta":{"lastBranch":0,"lastFunction":1,"lastStatement":1,"seen":{"f:4:16:4:19":0,"s:5:2:5:Infinity":0}}}
,"C:\\Users\\lenovo\\Double\\Tasks\\frontend\\src\\lib\\utils\\AutoQueryKey.ts": {"path":"C:\\Users\\lenovo\\Double\\Tasks\\frontend\\src\\lib\\utils\\AutoQueryKey.ts","statementMap":{"0":{"start":{"line":8,"column":24},"end":{"line":8,"column":73}},"1":{"start":{"line":9,"column":25},"end":{"line":9,"column":58}},"2":{"start":{"line":12,"column":2},"end":{"line":12,"column":null}},"3":{"start":{"line":12,"column":32},"end":{"line":12,"column":null}},"4":{"start":{"line":13,"column":22},"end":{"line":18,"column":4}},"5":{"start":{"line":15,"column":6},"end":{"line":15,"column":null}},"6":{"start":{"line":15,"column":25},"end":{"line":15,"column":null}},"7":{"start":{"line":16,"column":6},"end":{"line":16,"column":null}},"8":{"start":{"line":19,"column":2},"end":{"line":19,"column":null}},"9":{"start":{"line":20,"column":2},"end":{"line":20,"column":null}},"10":{"start":{"line":24,"column":2},"end":{"line":24,"column":null}},"11":{"start":{"line":24,"column":40},"end":{"line":24,"column":null}},"12":{"start":{"line":25,"column":16},"end":{"line":31,"column":4}},"13":{"start":{"line":27,"column":20},"end":{"line":27,"column":55}},"14":{"start":{"line":28,"column":6},"end":{"line":28,"column":null}},"15":{"start":{"line":28,"column":39},"end":{"line":28,"column":null}},"16":{"start":{"line":29,"column":6},"end":{"line":29,"column":null}},"17":{"start":{"line":32,"column":2},"end":{"line":32,"column":null}},"18":{"start":{"line":33,"column":2},"end":{"line":33,"column":null}},"19":{"start":{"line":39,"column":2},"end":{"line":39,"column":null}},"20":{"start":{"line":39,"column":19},"end":{"line":39,"column":null}},"21":{"start":{"line":40,"column":2},"end":{"line":40,"column":null}},"22":{"start":{"line":40,"column":22},"end":{"line":40,"column":39}}},"fnMap":{"0":{"name":"createMethodProxy","decl":{"start":{"line":11,"column":9},"end":{"line":11,"column":27}},"loc":{"start":{"line":11,"column":89},"end":{"line":20,"column":null}},"line":11},"1":{"name":"(anonymous_1)","decl":{"start":{"line":14,"column":4},"end":{"line":14,"column":8}},"loc":{"start":{"line":14,"column":44},"end":{"line":18,"column":4}},"line":14},"2":{"name":"createProxy","decl":{"start":{"line":23,"column":9},"end":{"line":23,"column":49}},"loc":{"start":{"line":23,"column":68},"end":{"line":33,"column":null}},"line":23},"3":{"name":"(anonymous_3)","decl":{"start":{"line":26,"column":4},"end":{"line":26,"column":8}},"loc":{"start":{"line":26,"column":62},"end":{"line":31,"column":4}},"line":26},"4":{"name":"AutoQueryKey","decl":{"start":{"line":38,"column":16},"end":{"line":38,"column":57}},"loc":{"start":{"line":38,"column":103},"end":{"line":40,"column":null}},"line":38},"5":{"name":"(anonymous_5)","decl":{"start":{"line":40,"column":2},"end":{"line":40,"column":10}},"loc":{"start":{"line":40,"column":22},"end":{"line":40,"column":39}},"line":40}},"branchMap":{"0":{"loc":{"start":{"line":12,"column":2},"end":{"line":12,"column":null}},"type":"if","locations":[{"start":{"line":12,"column":2},"end":{"line":12,"column":null}},{"start":{},"end":{}}],"line":12},"1":{"loc":{"start":{"line":15,"column":6},"end":{"line":15,"column":null}},"type":"if","locations":[{"start":{"line":15,"column":6},"end":{"line":15,"column":null}},{"start":{},"end":{}}],"line":15},"2":{"loc":{"start":{"line":24,"column":2},"end":{"line":24,"column":null}},"type":"if","locations":[{"start":{"line":24,"column":2},"end":{"line":24,"column":null}},{"start":{},"end":{}}],"line":24},"3":{"loc":{"start":{"line":28,"column":6},"end":{"line":28,"column":null}},"type":"if","locations":[{"start":{"line":28,"column":6},"end":{"line":28,"column":null}},{"start":{},"end":{}}],"line":28},"4":{"loc":{"start":{"line":39,"column":2},"end":{"line":39,"column":null}},"type":"if","locations":[{"start":{"line":39,"column":2},"end":{"line":39,"column":null}},{"start":{},"end":{}}],"line":39}},"s":{"0":1,"1":1,"2":7,"3":2,"4":5,"5":6,"6":6,"7":0,"8":5,"9":5,"10":4,"11":0,"12":4,"13":7,"14":7,"15":7,"16":0,"17":4,"18":4,"19":4,"20":0,"21":4,"22":4},"f":{"0":7,"1":6,"2":4,"3":7,"4":4,"5":4},"b":{"0":[2,5],"1":[6,0],"2":[0,4],"3":[7,0],"4":[0,4]},"meta":{"lastBranch":5,"lastFunction":6,"lastStatement":23,"seen":{"s:8:24:8:73":0,"s:9:25:9:58":1,"f:11:9:11:27":0,"b:12:2:12:Infinity:undefined:undefined:undefined:undefined":0,"s:12:2:12:Infinity":2,"s:12:32:12:Infinity":3,"s:13:22:18:4":4,"f:14:4:14:8":1,"b:15:6:15:Infinity:undefined:undefined:undefined:undefined":1,"s:15:6:15:Infinity":5,"s:15:25:15:Infinity":6,"s:16:6:16:Infinity":7,"s:19:2:19:Infinity":8,"s:20:2:20:Infinity":9,"f:23:9:23:49":2,"b:24:2:24:Infinity:undefined:undefined:undefined:undefined":2,"s:24:2:24:Infinity":10,"s:24:40:24:Infinity":11,"s:25:16:31:4":12,"f:26:4:26:8":3,"s:27:20:27:55":13,"b:28:6:28:Infinity:undefined:undefined:undefined:undefined":3,"s:28:6:28:Infinity":14,"s:28:39:28:Infinity":15,"s:29:6:29:Infinity":16,"s:32:2:32:Infinity":17,"s:33:2:33:Infinity":18,"f:38:16:38:57":4,"b:39:2:39:Infinity:undefined:undefined:undefined:undefined":4,"s:39:2:39:Infinity":19,"s:39:19:39:Infinity":20,"s:40:2:40:Infinity":21,"f:40:2:40:10":5,"s:40:22:40:39":22}}}
,"C:\\Users\\lenovo\\Double\\Tasks\\frontend\\src\\pages\\Dashboard.tsx": {"path":"C:\\Users\\lenovo\\Double\\Tasks\\frontend\\src\\pages\\Dashboard.tsx","statementMap":{"0":{"start":{"line":7,"column":21},"end":{"line":10,"column":null}},"1":{"start":{"line":13,"column":26},"end":{"line":13,"column":53}},"2":{"start":{"line":14,"column":8},"end":{"line":14,"column":42}},"3":{"start":{"line":15,"column":8},"end":{"line":15,"column":32}},"4":{"start":{"line":16,"column":10},"end":{"line":16,"column":28}},"5":{"start":{"line":18,"column":2},"end":{"line":130,"column":null}},"6":{"start":{"line":33,"column":73},"end":{"line":33,"column":101}},"7":{"start":{"line":34,"column":72},"end":{"line":34,"column":94}},"8":{"start":{"line":36,"column":12},"end":{"line":44,"column":null}},"9":{"start":{"line":70,"column":28},"end":{"line":70,"column":70}},"10":{"start":{"line":70,"column":62},"end":{"line":70,"column":69}},"11":{"start":{"line":71,"column":12},"end":{"line":127,"column":null}},"12":{"start":{"line":75,"column":31},"end":{"line":75,"column":60}},"13":{"start":{"line":80,"column":20},"end":{"line":80,"column":null}},"14":{"start":{"line":81,"column":20},"end":{"line":81,"column":null}},"15":{"start":{"line":81,"column":67},"end":{"line":81,"column":100}},"16":{"start":{"line":104,"column":22},"end":{"line":110,"column":null}}},"fnMap":{"0":{"name":"Dashboard","decl":{"start":{"line":12,"column":24},"end":{"line":12,"column":36}},"loc":{"start":{"line":12,"column":36},"end":{"line":130,"column":null}},"line":12},"1":{"name":"(anonymous_1)","decl":{"start":{"line":33,"column":54},"end":{"line":33,"column":62}},"loc":{"start":{"line":33,"column":73},"end":{"line":33,"column":101}},"line":33},"2":{"name":"(anonymous_2)","decl":{"start":{"line":34,"column":53},"end":{"line":34,"column":61}},"loc":{"start":{"line":34,"column":72},"end":{"line":34,"column":94}},"line":34},"3":{"name":"(anonymous_3)","decl":{"start":{"line":35,"column":12},"end":{"line":35,"column":17}},"loc":{"start":{"line":36,"column":12},"end":{"line":44,"column":null}},"line":36},"4":{"name":"(anonymous_4)","decl":{"start":{"line":69,"column":20},"end":{"line":69,"column":25}},"loc":{"start":{"line":69,"column":31},"end":{"line":127,"column":null}},"line":69},"5":{"name":"(anonymous_5)","decl":{"start":{"line":70,"column":51},"end":{"line":70,"column":56}},"loc":{"start":{"line":70,"column":62},"end":{"line":70,"column":69}},"line":70},"6":{"name":"(anonymous_6)","decl":{"start":{"line":75,"column":16},"end":{"line":75,"column":31}},"loc":{"start":{"line":75,"column":31},"end":{"line":75,"column":60}},"line":75},"7":{"name":"(anonymous_7)","decl":{"start":{"line":79,"column":18},"end":{"line":79,"column":28}},"loc":{"start":{"line":79,"column":34},"end":{"line":81,"column":null}},"line":79},"8":{"name":"(anonymous_8)","decl":{"start":{"line":81,"column":50},"end":{"line":81,"column":67}},"loc":{"start":{"line":81,"column":67},"end":{"line":81,"column":100}},"line":81},"9":{"name":"(anonymous_9)","decl":{"start":{"line":103,"column":41},"end":{"line":103,"column":46}},"loc":{"start":{"line":104,"column":22},"end":{"line":110,"column":null}},"line":104}},"branchMap":{"0":{"loc":{"start":{"line":29,"column":7},"end":{"line":46,"column":null}},"type":"binary-expr","locations":[{"start":{"line":29,"column":7},"end":{"line":29,"column":21}},{"start":{"line":29,"column":21},"end":{"line":29,"column":null}},{"start":{"line":30,"column":8},"end":{"line":46,"column":null}}],"line":29},"1":{"loc":{"start":{"line":52,"column":49},"end":{"line":52,"column":71}},"type":"binary-expr","locations":[{"start":{"line":52,"column":49},"end":{"line":52,"column":69}},{"start":{"line":52,"column":69},"end":{"line":52,"column":71}}],"line":52},"2":{"loc":{"start":{"line":55,"column":7},"end":{"line":130,"column":null}},"type":"cond-expr","locations":[{"start":{"line":56,"column":8},"end":{"line":59,"column":11}},{"start":{"line":59,"column":10},"end":{"line":130,"column":null}}],"line":55},"3":{"loc":{"start":{"line":59,"column":10},"end":{"line":130,"column":null}},"type":"cond-expr","locations":[{"start":{"line":60,"column":8},"end":{"line":68,"column":9}},{"start":{"line":68,"column":8},"end":{"line":130,"column":null}}],"line":59},"4":{"loc":{"start":{"line":97,"column":19},"end":{"line":97,"column":null}},"type":"binary-expr","locations":[{"start":{"line":97,"column":19},"end":{"line":97,"column":36}},{"start":{"line":97,"column":36},"end":{"line":97,"column":null}}],"line":97},"5":{"loc":{"start":{"line":112,"column":21},"end":{"line":114,"column":null}},"type":"binary-expr","locations":[{"start":{"line":112,"column":21},"end":{"line":112,"column":null}},{"start":{"line":113,"column":22},"end":{"line":114,"column":null}}],"line":112}},"s":{"0":1,"1":6,"2":6,"3":6,"4":6,"5":6,"6":8,"7":8,"8":15,"9":8,"10":4,"11":8,"12":0,"13":0,"14":0,"15":0,"16":12},"f":{"0":6,"1":8,"2":8,"3":15,"4":8,"5":4,"6":0,"7":0,"8":0,"9":12},"b":{"0":[6,5,5],"1":[6,1],"2":[1,5],"3":[1,4],"4":[8,4],"5":[8,0]},"meta":{"lastBranch":6,"lastFunction":10,"lastStatement":17,"seen":{"s:7:21:10:Infinity":0,"f:12:24:12:36":0,"s:13:26:13:53":1,"s:14:8:14:42":2,"s:15:8:15:32":3,"s:16:10:16:28":4,"s:18:2:130:Infinity":5,"b:29:7:29:21:29:21:29:Infinity:30:8:46:Infinity":0,"f:33:54:33:62":1,"s:33:73:33:101":6,"f:34:53:34:61":2,"s:34:72:34:94":7,"f:35:12:35:17":3,"s:36:12:44:Infinity":8,"b:52:49:52:69:52:69:52:71":1,"b:56:8:59:11:59:10:130:Infinity":2,"b:60:8:68:9:68:8:130:Infinity":3,"f:69:20:69:25":4,"s:70:28:70:70":9,"f:70:51:70:56":5,"s:70:62:70:69":10,"s:71:12:127:Infinity":11,"f:75:16:75:31":6,"s:75:31:75:60":12,"f:79:18:79:28":7,"s:80:20:80:Infinity":13,"s:81:20:81:Infinity":14,"f:81:50:81:67":8,"s:81:67:81:100":15,"b:97:19:97:36:97:36:97:Infinity":4,"f:103:41:103:46":9,"s:104:22:110:Infinity":16,"b:112:21:112:Infinity:113:22:114:Infinity":5}}}
,"C:\\Users\\lenovo\\Double\\Tasks\\frontend\\src\\pages\\Login.tsx": {"path":"C:\\Users\\lenovo\\Double\\Tasks\\frontend\\src\\pages\\Login.tsx","statementMap":{"0":{"start":{"line":8,"column":8},"end":{"line":8,"column":32}},"1":{"start":{"line":9,"column":10},"end":{"line":9,"column":29}},"2":{"start":{"line":10,"column":16},"end":{"line":10,"column":40}},"3":{"start":{"line":11,"column":19},"end":{"line":11,"column":46}},"4":{"start":{"line":12,"column":18},"end":{"line":12,"column":47}},"5":{"start":{"line":14,"column":23},"end":{"line":23,"column":null}},"6":{"start":{"line":15,"column":4},"end":{"line":15,"column":null}},"7":{"start":{"line":16,"column":4},"end":{"line":16,"column":null}},"8":{"start":{"line":17,"column":4},"end":{"line":23,"column":null}},"9":{"start":{"line":18,"column":6},"end":{"line":18,"column":null}},"10":{"start":{"line":19,"column":6},"end":{"line":19,"column":null}},"11":{"start":{"line":21,"column":6},"end":{"line":21,"column":null}},"12":{"start":{"line":23,"column":6},"end":{"line":23,"column":null}},"13":{"start":{"line":27,"column":2},"end":{"line":93,"column":null}},"14":{"start":{"line":51,"column":35},"end":{"line":51,"column":59}},"15":{"start":{"line":66,"column":35},"end":{"line":66,"column":62}}},"fnMap":{"0":{"name":"Login","decl":{"start":{"line":7,"column":24},"end":{"line":7,"column":32}},"loc":{"start":{"line":7,"column":32},"end":{"line":93,"column":null}},"line":7},"1":{"name":"(anonymous_1)","decl":{"start":{"line":14,"column":23},"end":{"line":14,"column":30}},"loc":{"start":{"line":14,"column":47},"end":{"line":23,"column":null}},"line":14},"2":{"name":"(anonymous_2)","decl":{"start":{"line":51,"column":18},"end":{"line":51,"column":29}},"loc":{"start":{"line":51,"column":35},"end":{"line":51,"column":59}},"line":51},"3":{"name":"(anonymous_3)","decl":{"start":{"line":66,"column":18},"end":{"line":66,"column":29}},"loc":{"start":{"line":66,"column":35},"end":{"line":66,"column":62}},"line":66}},"branchMap":{"0":{"loc":{"start":{"line":78,"column":15},"end":{"line":78,"column":null}},"type":"cond-expr","locations":[{"start":{"line":78,"column":25},"end":{"line":78,"column":null}},{"start":{"line":78,"column":74},"end":{"line":78,"column":null}}],"line":78},"1":{"loc":{"start":{"line":79,"column":15},"end":{"line":79,"column":null}},"type":"cond-expr","locations":[{"start":{"line":79,"column":25},"end":{"line":79,"column":43}},{"start":{"line":79,"column":43},"end":{"line":79,"column":null}}],"line":79}},"s":{"0":18,"1":18,"2":18,"3":18,"4":18,"5":18,"6":3,"7":3,"8":3,"9":3,"10":2,"11":1,"12":3,"13":18,"14":3,"15":3},"f":{"0":18,"1":3,"2":3,"3":3},"b":{"0":[3,15],"1":[3,15]},"meta":{"lastBranch":2,"lastFunction":4,"lastStatement":16,"seen":{"f:7:24:7:32":0,"s:8:8:8:32":0,"s:9:10:9:29":1,"s:10:16:10:40":2,"s:11:19:11:46":3,"s:12:18:12:47":4,"s:14:23:23:Infinity":5,"f:14:23:14:30":1,"s:15:4:15:Infinity":6,"s:16:4:16:Infinity":7,"s:17:4:23:Infinity":8,"s:18:6:18:Infinity":9,"s:19:6:19:Infinity":10,"s:21:6:21:Infinity":11,"s:23:6:23:Infinity":12,"s:27:2:93:Infinity":13,"f:51:18:51:29":2,"s:51:35:51:59":14,"f:66:18:66:29":3,"s:66:35:66:62":15,"b:78:25:78:Infinity:78:74:78:Infinity":0,"b:79:25:79:43:79:43:79:Infinity":1}}}
,"C:\\Users\\lenovo\\Double\\Tasks\\frontend\\src\\pages\\Register.tsx": {"path":"C:\\Users\\lenovo\\Double\\Tasks\\frontend\\src\\pages\\Register.tsx","statementMap":{"0":{"start":{"line":8,"column":14},"end":{"line":12,"column":null}},"1":{"start":{"line":15,"column":8},"end":{"line":15,"column":32}},"2":{"start":{"line":16,"column":10},"end":{"line":16,"column":32}},"3":{"start":{"line":17,"column":15},"end":{"line":17,"column":38}},"4":{"start":{"line":18,"column":16},"end":{"line":18,"column":40}},"5":{"start":{"line":19,"column":19},"end":{"line":19,"column":46}},"6":{"start":{"line":20,"column":15},"end":{"line":20,"column":49}},"7":{"start":{"line":21,"column":18},"end":{"line":21,"column":47}},"8":{"start":{"line":23,"column":23},"end":{"line":32,"column":null}},"9":{"start":{"line":24,"column":4},"end":{"line":24,"column":null}},"10":{"start":{"line":25,"column":4},"end":{"line":25,"column":null}},"11":{"start":{"line":26,"column":4},"end":{"line":32,"column":null}},"12":{"start":{"line":27,"column":6},"end":{"line":27,"column":null}},"13":{"start":{"line":28,"column":6},"end":{"line":28,"column":null}},"14":{"start":{"line":30,"column":6},"end":{"line":30,"column":null}},"15":{"start":{"line":32,"column":6},"end":{"line":32,"column":null}},"16":{"start":{"line":36,"column":2},"end":{"line":145,"column":null}},"17":{"start":{"line":60,"column":35},"end":{"line":60,"column":58}},"18":{"start":{"line":75,"column":35},"end":{"line":75,"column":59}},"19":{"start":{"line":90,"column":35},"end":{"line":90,"column":62}},"20":{"start":{"line":108,"column":24},"end":{"line":117,"column":null}}},"fnMap":{"0":{"name":"Register","decl":{"start":{"line":14,"column":24},"end":{"line":14,"column":35}},"loc":{"start":{"line":14,"column":35},"end":{"line":145,"column":null}},"line":14},"1":{"name":"(anonymous_1)","decl":{"start":{"line":23,"column":23},"end":{"line":23,"column":30}},"loc":{"start":{"line":23,"column":47},"end":{"line":32,"column":null}},"line":23},"2":{"name":"(anonymous_2)","decl":{"start":{"line":60,"column":18},"end":{"line":60,"column":29}},"loc":{"start":{"line":60,"column":35},"end":{"line":60,"column":58}},"line":60},"3":{"name":"(anonymous_3)","decl":{"start":{"line":75,"column":18},"end":{"line":75,"column":29}},"loc":{"start":{"line":75,"column":35},"end":{"line":75,"column":59}},"line":75},"4":{"name":"(anonymous_4)","decl":{"start":{"line":90,"column":18},"end":{"line":90,"column":29}},"loc":{"start":{"line":90,"column":35},"end":{"line":90,"column":62}},"line":90},"5":{"name":"(anonymous_5)","decl":{"start":{"line":107,"column":29},"end":{"line":107,"column":34}},"loc":{"start":{"line":108,"column":24},"end":{"line":117,"column":null}},"line":108}},"branchMap":{"0":{"loc":{"start":{"line":130,"column":15},"end":{"line":130,"column":null}},"type":"cond-expr","locations":[{"start":{"line":130,"column":25},"end":{"line":130,"column":null}},{"start":{"line":130,"column":74},"end":{"line":130,"column":null}}],"line":130},"1":{"loc":{"start":{"line":131,"column":15},"end":{"line":131,"column":null}},"type":"cond-expr","locations":[{"start":{"line":131,"column":25},"end":{"line":131,"column":49}},{"start":{"line":131,"column":49},"end":{"line":131,"column":null}}],"line":131}},"s":{"0":1,"1":15,"2":15,"3":15,"4":15,"5":15,"6":15,"7":15,"8":15,"9":2,"10":2,"11":2,"12":2,"13":2,"14":0,"15":2,"16":15,"17":2,"18":2,"19":2,"20":45},"f":{"0":15,"1":2,"2":2,"3":2,"4":2,"5":45},"b":{"0":[2,13],"1":[2,13]},"meta":{"lastBranch":2,"lastFunction":6,"lastStatement":21,"seen":{"s:8:14:12:Infinity":0,"f:14:24:14:35":0,"s:15:8:15:32":1,"s:16:10:16:32":2,"s:17:15:17:38":3,"s:18:16:18:40":4,"s:19:19:19:46":5,"s:20:15:20:49":6,"s:21:18:21:47":7,"s:23:23:32:Infinity":8,"f:23:23:23:30":1,"s:24:4:24:Infinity":9,"s:25:4:25:Infinity":10,"s:26:4:32:Infinity":11,"s:27:6:27:Infinity":12,"s:28:6:28:Infinity":13,"s:30:6:30:Infinity":14,"s:32:6:32:Infinity":15,"s:36:2:145:Infinity":16,"f:60:18:60:29":2,"s:60:35:60:58":17,"f:75:18:75:29":3,"s:75:35:75:59":18,"f:90:18:90:29":4,"s:90:35:90:62":19,"f:107:29:107:34":5,"s:108:24:117:Infinity":20,"b:130:25:130:Infinity:130:74:130:Infinity":0,"b:131:25:131:49:131:49:131:Infinity":1}}}
,"C:\\Users\\lenovo\\Double\\Tasks\\frontend\\src\\queries\\auth.query.ts": {"path":"C:\\Users\\lenovo\\Double\\Tasks\\frontend\\src\\queries\\auth.query.ts","statementMap":{"0":{"start":{"line":5,"column":13},"end":{"line":11,"column":4}},"1":{"start":{"line":8,"column":19},"end":{"line":8,"column":31}},"2":{"start":{"line":13,"column":13},"end":{"line":22,"column":4}},"3":{"start":{"line":13,"column":22},"end":{"line":22,"column":4}},"4":{"start":{"line":18,"column":12},"end":{"line":18,"column":27}},"5":{"start":{"line":19,"column":6},"end":{"line":19,"column":null}},"6":{"start":{"line":19,"column":24},"end":{"line":19,"column":null}},"7":{"start":{"line":20,"column":6},"end":{"line":20,"column":null}},"8":{"start":{"line":24,"column":13},"end":{"line":34,"column":null}},"9":{"start":{"line":25,"column":8},"end":{"line":25,"column":29}},"10":{"start":{"line":26,"column":2},"end":{"line":34,"column":null}},"11":{"start":{"line":27,"column":40},"end":{"line":27,"column":59}},"12":{"start":{"line":29,"column":6},"end":{"line":29,"column":null}},"13":{"start":{"line":30,"column":12},"end":{"line":30,"column":27}},"14":{"start":{"line":31,"column":6},"end":{"line":31,"column":null}},"15":{"start":{"line":32,"column":6},"end":{"line":32,"column":null}},"16":{"start":{"line":37,"column":13},"end":{"line":47,"column":null}},"17":{"start":{"line":38,"column":8},"end":{"line":38,"column":29}},"18":{"start":{"line":39,"column":2},"end":{"line":47,"column":null}},"19":{"start":{"line":40,"column":43},"end":{"line":40,"column":65}},"20":{"start":{"line":42,"column":6},"end":{"line":42,"column":null}},"21":{"start":{"line":43,"column":12},"end":{"line":43,"column":27}},"22":{"start":{"line":44,"column":6},"end":{"line":44,"column":null}},"23":{"start":{"line":45,"column":6},"end":{"line":45,"column":null}},"24":{"start":{"line":50,"column":13},"end":{"line":58,"column":null}},"25":{"start":{"line":51,"column":8},"end":{"line":51,"column":29}},"26":{"start":{"line":52,"column":2},"end":{"line":58,"column":null}},"27":{"start":{"line":53,"column":22},"end":{"line":53,"column":38}},"28":{"start":{"line":55,"column":6},"end":{"line":55,"column":null}},"29":{"start":{"line":56,"column":6},"end":{"line":56,"column":null}}},"fnMap":{"0":{"name":"(anonymous_0)","decl":{"start":{"line":5,"column":13},"end":{"line":5,"column":null}},"loc":{"start":{"line":5,"column":13},"end":{"line":11,"column":4}},"line":5},"1":{"name":"(anonymous_1)","decl":{"start":{"line":8,"column":4},"end":{"line":8,"column":19}},"loc":{"start":{"line":8,"column":19},"end":{"line":8,"column":31}},"line":8},"2":{"name":"(anonymous_2)","decl":{"start":{"line":13,"column":13},"end":{"line":13,"column":22}},"loc":{"start":{"line":13,"column":22},"end":{"line":22,"column":4}},"line":13},"3":{"name":"(anonymous_3)","decl":{"start":{"line":17,"column":4},"end":{"line":17,"column":13}},"loc":{"start":{"line":17,"column":22},"end":{"line":20,"column":null}},"line":17},"4":{"name":"(anonymous_4)","decl":{"start":{"line":24,"column":13},"end":{"line":24,"column":30}},"loc":{"start":{"line":24,"column":30},"end":{"line":34,"column":null}},"line":24},"5":{"name":"(anonymous_5)","decl":{"start":{"line":27,"column":4},"end":{"line":27,"column":17}},"loc":{"start":{"line":27,"column":40},"end":{"line":27,"column":59}},"line":27},"6":{"name":"(anonymous_6)","decl":{"start":{"line":28,"column":4},"end":{"line":28,"column":16}},"loc":{"start":{"line":28,"column":25},"end":{"line":32,"column":null}},"line":28},"7":{"name":"(anonymous_7)","decl":{"start":{"line":37,"column":13},"end":{"line":37,"column":33}},"loc":{"start":{"line":37,"column":33},"end":{"line":47,"column":null}},"line":37},"8":{"name":"(anonymous_8)","decl":{"start":{"line":40,"column":4},"end":{"line":40,"column":17}},"loc":{"start":{"line":40,"column":43},"end":{"line":40,"column":65}},"line":40},"9":{"name":"(anonymous_9)","decl":{"start":{"line":41,"column":4},"end":{"line":41,"column":16}},"loc":{"start":{"line":41,"column":25},"end":{"line":45,"column":null}},"line":41},"10":{"name":"(anonymous_10)","decl":{"start":{"line":50,"column":13},"end":{"line":50,"column":31}},"loc":{"start":{"line":50,"column":31},"end":{"line":58,"column":null}},"line":50},"11":{"name":"(anonymous_11)","decl":{"start":{"line":53,"column":4},"end":{"line":53,"column":22}},"loc":{"start":{"line":53,"column":22},"end":{"line":53,"column":38}},"line":53},"12":{"name":"(anonymous_12)","decl":{"start":{"line":54,"column":4},"end":{"line":54,"column":21}},"loc":{"start":{"line":54,"column":21},"end":{"line":56,"column":null}},"line":54}},"branchMap":{"0":{"loc":{"start":{"line":19,"column":6},"end":{"line":19,"column":null}},"type":"if","locations":[{"start":{"line":19,"column":6},"end":{"line":19,"column":null}},{"start":{},"end":{}}],"line":19}},"s":{"0":3,"1":0,"2":1,"3":0,"4":0,"5":0,"6":0,"7":0,"8":1,"9":0,"10":0,"11":0,"12":0,"13":0,"14":0,"15":0,"16":1,"17":0,"18":0,"19":0,"20":0,"21":0,"22":0,"23":0,"24":1,"25":0,"26":0,"27":0,"28":0,"29":0},"f":{"0":3,"1":0,"2":0,"3":0,"4":0,"5":0,"6":0,"7":0,"8":0,"9":0,"10":0,"11":0,"12":0},"b":{"0":[0,0]},"meta":{"lastBranch":1,"lastFunction":13,"lastStatement":30,"seen":{"s:5:13:11:4":0,"f:5:13:5:Infinity":0,"f:8:4:8:19":1,"s:8:19:8:31":1,"s:13:13:22:4":2,"f:13:13:13:22":2,"s:13:22:22:4":3,"f:17:4:17:13":3,"s:18:12:18:27":4,"b:19:6:19:Infinity:undefined:undefined:undefined:undefined":0,"s:19:6:19:Infinity":5,"s:19:24:19:Infinity":6,"s:20:6:20:Infinity":7,"s:24:13:34:Infinity":8,"f:24:13:24:30":4,"s:25:8:25:29":9,"s:26:2:34:Infinity":10,"f:27:4:27:17":5,"s:27:40:27:59":11,"f:28:4:28:16":6,"s:29:6:29:Infinity":12,"s:30:12:30:27":13,"s:31:6:31:Infinity":14,"s:32:6:32:Infinity":15,"s:37:13:47:Infinity":16,"f:37:13:37:33":7,"s:38:8:38:29":17,"s:39:2:47:Infinity":18,"f:40:4:40:17":8,"s:40:43:40:65":19,"f:41:4:41:16":9,"s:42:6:42:Infinity":20,"s:43:12:43:27":21,"s:44:6:44:Infinity":22,"s:45:6:45:Infinity":23,"s:50:13:58:Infinity":24,"f:50:13:50:31":10,"s:51:8:51:29":25,"s:52:2:58:Infinity":26,"f:53:4:53:22":11,"s:53:22:53:38":27,"f:54:4:54:21":12,"s:55:6:55:Infinity":28,"s:56:6:56:Infinity":29}}}
,"C:\\Users\\lenovo\\Double\\Tasks\\frontend\\src\\queries\\projects.query.ts": {"path":"C:\\Users\\lenovo\\Double\\Tasks\\frontend\\src\\queries\\projects.query.ts","statementMap":{"0":{"start":{"line":4,"column":13},"end":{"line":9,"column":4}},"1":{"start":{"line":7,"column":19},"end":{"line":7,"column":37}},"2":{"start":{"line":11,"column":13},"end":{"line":16,"column":4}},"3":{"start":{"line":11,"column":39},"end":{"line":16,"column":4}},"4":{"start":{"line":14,"column":19},"end":{"line":14,"column":38}},"5":{"start":{"line":18,"column":13},"end":{"line":25,"column":null}},"6":{"start":{"line":19,"column":8},"end":{"line":19,"column":29}},"7":{"start":{"line":20,"column":2},"end":{"line":25,"column":null}},"8":{"start":{"line":21,"column":65},"end":{"line":21,"column":89}},"9":{"start":{"line":23,"column":6},"end":{"line":23,"column":null}},"10":{"start":{"line":28,"column":13},"end":{"line":37,"column":null}},"11":{"start":{"line":29,"column":8},"end":{"line":29,"column":29}},"12":{"start":{"line":30,"column":2},"end":{"line":37,"column":null}},"13":{"start":{"line":32,"column":6},"end":{"line":32,"column":34}},"14":{"start":{"line":34,"column":6},"end":{"line":34,"column":null}},"15":{"start":{"line":35,"column":6},"end":{"line":35,"column":null}},"16":{"start":{"line":40,"column":13},"end":{"line":47,"column":null}},"17":{"start":{"line":41,"column":8},"end":{"line":41,"column":29}},"18":{"start":{"line":42,"column":2},"end":{"line":47,"column":null}},"19":{"start":{"line":43,"column":32},"end":{"line":43,"column":54}},"20":{"start":{"line":45,"column":6},"end":{"line":45,"column":null}},"21":{"start":{"line":50,"column":13},"end":{"line":58,"column":null}},"22":{"start":{"line":51,"column":8},"end":{"line":51,"column":29}},"23":{"start":{"line":52,"column":2},"end":{"line":58,"column":null}},"24":{"start":{"line":54,"column":6},"end":{"line":54,"column":56}},"25":{"start":{"line":56,"column":6},"end":{"line":56,"column":null}},"26":{"start":{"line":61,"column":13},"end":{
[...]
_7)","decl":{"start":{"line":28,"column":13},"end":{"line":28,"column":38}},"loc":{"start":{"line":28,"column":38},"end":{"line":37,"column":null}},"line":28},"8":{"name":"(anonymous_8)","decl":{"start":{"line":31,"column":4},"end":{"line":31,"column":17}},"loc":{"start":{"line":32,"column":6},"end":{"line":32,"column":34}},"line":32},"9":{"name":"(anonymous_9)","decl":{"start":{"line":33,"column":4},"end":{"line":33,"column":16}},"loc":{"start":{"line":33,"column":25},"end":{"line":35,"column":null}},"line":33},"10":{"name":"(anonymous_10)","decl":{"start":{"line":40,"column":13},"end":{"line":40,"column":38}},"loc":{"start":{"line":40,"column":38},"end":{"line":47,"column":null}},"line":40},"11":{"name":"(anonymous_11)","decl":{"start":{"line":43,"column":4},"end":{"line":43,"column":17}},"loc":{"start":{"line":43,"column":32},"end":{"line":43,"column":54}},"line":43},"12":{"name":"(anonymous_12)","decl":{"start":{"line":44,"column":4},"end":{"line":44,"column":21}},"loc":{"start":{"line":44,"column":21},"end":{"line":45,"column":null}},"line":44},"13":{"name":"(anonymous_13)","decl":{"start":{"line":50,"column":13},"end":{"line":50,"column":34}},"loc":{"start":{"line":50,"column":34},"end":{"line":58,"column":null}},"line":50},"14":{"name":"(anonymous_14)","decl":{"start":{"line":53,"column":4},"end":{"line":53,"column":17}},"loc":{"start":{"line":54,"column":6},"end":{"line":54,"column":56}},"line":54},"15":{"name":"(anonymous_15)","decl":{"start":{"line":55,"column":4},"end":{"line":55,"column":16}},"loc":{"start":{"line":55,"column":25},"end":{"line":56,"column":null}},"line":55},"16":{"name":"(anonymous_16)","decl":{"start":{"line":61,"column":13},"end":{"line":61,"column":32}},"loc":{"start":{"line":61,"column":32},"end":{"line":69,"column":null}},"line":61},"17":{"name":"(anonymous_17)","decl":{"start":{"line":64,"column":4},"end":{"line":64,"column":17}},"loc":{"start":{"line":65,"column":6},"end":{"line":65,"column":47}},"line":65},"18":{"name":"(anonymous_18)","decl":{"start":{"line":66,"column":4},"end":{"line":66,"column":16}},"loc":{"start":{"line":66,"column":25},"end":{"line":67,"column":null}},"line":66}},"branchMap":{},"s":{"0":1,"1":0,"2":1,"3":3,"4":0,"5":1,"6":0,"7":0,"8":0,"9":0,"10":1,"11":0,"12":0,"13":0,"14":0,"15":0,"16":1,"17":0,"18":0,"19":0,"20":0,"21":1,"22":0,"23":0,"24":0,"25":0,"26":1,"27":0,"28":0,"29":0,"30":0},"f":{"0":1,"1":0,"2":3,"3":0,"4":0,"5":0,"6":0,"7":0,"8":0,"9":0,"10":0,"11":0,"12":0,"13":0,"14":0,"15":0,"16":0,"17":0,"18":0},"b":{},"meta":{"lastBranch":0,"lastFunction":19,"lastStatement":31,"seen":{"s:4:13:9:4":0,"f:4:13:4:Infinity":0,"f:7:4:7:19":1,"s:7:19:7:37":1,"s:11:13:16:4":2,"f:11:13:11:39":2,"s:11:39:16:4":3,"f:14:4:14:19":3,"s:14:19:14:38":4,"s:18:13:25:Infinity":5,"f:18:13:18:38":4,"s:19:8:19:29":6,"s:20:2:25:Infinity":7,"f:21:4:21:17":5,"s:21:65:21:89":8,"f:22:4:22:21":6,"s:23:6:23:Infinity":9,"s:28:13:37:Infinity":10,"f:28:13:28:38":7,"s:29:8:29:29":11,"s:30:2:37:Infinity":12,"f:31:4:31:17":8,"s:32:6:32:34":13,"f:33:4:33:16":9,"s:34:6:34:Infinity":14,"s:35:6:35:Infinity":15,"s:40:13:47:Infinity":16,"f:40:13:40:38":10,"s:41:8:41:29":17,"s:42:2:47:Infinity":18,"f:43:4:43:17":11,"s:43:32:43:54":19,"f:44:4:44:21":12,"s:45:6:45:Infinity":20,"s:50:13:58:Infinity":21,"f:50:13:50:34":13,"s:51:8:51:29":22,"s:52:2:58:Infinity":23,"f:53:4:53:17":14,"s:54:6:54:56":24,"f:55:4:55:16":15,"s:56:6:56:Infinity":25,"s:61:13:69:Infinity":26,"f:61:13:61:32":16,"s:62:8:62:29":27,"s:63:2:69:Infinity":28,"f:64:4:64:17":17,"s:65:6:65:47":29,"f:66:4:66:16":18,"s:67:6:67:Infinity":30}}}
,"C:\\Users\\lenovo\\Double\\Tasks\\frontend\\src\\queries\\tasks.query.ts": {"path":"C:\\Users\\lenovo\\Double\\Tasks\\frontend\\src\\queries\\tasks.query.ts","statementMap":{"0":{"start":{"line":7,"column":13},"end":{"line":12,"column":4}},"1":{"start":{"line":7,"column":38},"end":{"line":12,"column":4}},"2":{"start":{"line":10,"column":19},"end":{"line":10,"column":52}},"3":{"start":{"line":14,"column":13},"end":{"line":45,"column":null}},"4":{"start":{"line":15,"column":8},"end":{"line":15,"column":29}},"5":{"start":{"line":17,"column":2},"end":{"line":43,"column":null}},"6":{"start":{"line":18,"column":4},"end":{"line":18,"column":null}},"7":{"start":{"line":18,"column":20},"end":{"line":18,"column":null}},"8":{"start":{"line":19,"column":10},"end":{"line":19,"column":30}},"9":{"start":{"line":20,"column":4},"end":{"line":20,"column":null}},"10":{"start":{"line":22,"column":10},"end":{"line":26,"column":null}},"11":{"start":{"line":23,"column":6},"end":{"line":26,"column":null}},"12":{"start":{"line":24,"column":20},"end":{"line":24,"column":60}},"13":{"start":{"line":24,"column":41},"end":{"line":24,"column":60}},"14":{"start":{"line":25,"column":8},"end":{"line":25,"column":null}},"15":{"start":{"line":25,"column":42},"end":{"line":25,"column":73}},"16":{"start":{"line":28,"column":10},"end":{"line":30,"column":null}},"17":{"start":{"line":29,"column":6},"end":{"line":30,"column":null}},"18":{"start":{"line":30,"column":8},"end":{"line":30,"column":43}},"19":{"start":{"line":30,"column":26},"end":{"line":30,"column":43}},"20":{"start":{"line":33,"column":4},"end":{"line":33,"column":null}},"21":{"start":{"line":34,"column":4},"end":{"line":34,"column":null}},"22":{"start":{"line":35,"column":4},"end":{"line":35,"column":null}},"23":{"start":{"line":37,"column":4},"end":{"line":41,"column":null}},"24":{"start":{"line":38,"column":6},"end":{"line":38,"column":null}},"25":{"start":{"line":39,"column":6},"end":{"line":39,"column":null}},"26":{"start":{"line":40,"column":6},"end":{"line":40,"column":null}},"27":{"start":{"line":41,"column":6},"end":{"line":41,"column":null}},"28":{"start":{"line":45,"column":2},"end":{"line":45,"column":null}},"29":{"start":{"line":48,"column":13},"end":{"line":56,"column":null}},"30":{"start":{"line":49,"column":8},"end":{"line":49,"column":29}},"31":{"start":{"line":50,"column":2},"end":{"line":56,"column":null}},"32":{"start":{"line":51,"column":41},"end":{"line":51,"column":62}},"33":{"start":{"line":53,"column":6},"end":{"line":53,"column":null}},"34":{"start":{"line":53,"column":85},"end":{"line":53,"column":99}},"35":{"start":{"line":54,"column":6},"end":{"line":54,"column":null}},"36":{"start":{"line":59,"column":13},"end":{"line":70,"column":null}},"37":{"start":{"line":60,"column":8},"end":{"line":60,"column":29}},"38":{"start":{"line":61,"column":2},"end":{"line":70,"column":null}},"39":{"start":{"line":63,"column":6},"end":{"line":63,"column":35}},"40":{"start":{"line":65,"column":6},"end":{"line":67,"column":null}},"41":{"start":{"line":66,"column":8},"end":{"line":66,"column":55}},"42":{"start":{"line":66,"column":24},"end":{"line":66,"column":55}},"43":{"start":{"line":68,"column":6},"end":{"line":68,"column":null}},"44":{"start":{"line":73,"column":13},"end":{"line":83,"column":null}},"45":{"start":{"line":74,"column":8},"end":{"line":74,"column":29}},"46":{"start":{"line":75,"column":2},"end":{"line":83,"column":null}},"47":{"start":{"line":76,"column":36},"end":{"line":76,"column":59}},"48":{"start":{"line":78,"column":6},"end":{"line":80,"column":null}},"49":{"start":{"line":79,"column":8},"end":{"line":79,"column":43}},"50":{"start":{"line":79,"column":26},"end":{"line":79,"column":43}},"51":{"start":{"line":81,"column":6},"end":{"line":81,"column":null}},"52":{"start":{"line":86,"column":13},"end":{"line":97,"column":null}},"53":{"start":{"line":87,"column":8},"end":{"line":87,"column":29}},"54":{"start":{"line":88,"column":2},"end":{"line":97,"column":null}},"55":{"start":{"line":90,"column":6},"end":{"line":90,"column":43}},"56":{"start":{"line":92,"column":6},"end":{"line":94,"column":null}},"57":{"start":{"line":93,"column":8},"end":{"line":93,"column":55}},"58":{"start":{"line":93,"column":24},"end":{"line":93,"column":55}},"59":{"start":{"line":95,"column":6},"end":{"line":95,"column":null}}},"fnMap":{"0":{"name":"(anonymous_0)","decl":{"start":{"line":7,"column":13},"end":{"line":7,"column":38}},"loc":{"start":{"line":7,"column":38},"end":{"line":12,"column":4}},"line":7},"1":{"name":"(anonymous_1)","decl":{"start":{"line":10,"column":4},"end":{"line":10,"column":19}},"loc":{"start":{"line":10,"column":19},"end":{"line":10,"column":52}},"line":10},"2":{"name":"(anonymous_2)","decl":{"start":{"line":14,"column":13},"end":{"line":14,"column":25}},"loc":{"start":{"line":14,"column":47},"end":{"line":45,"column":null}},"line":14},"3":{"name":"(anonymous_3)","decl":{"start":{"line":17,"column":2},"end":{"line":17,"column":18}},"loc":{"start":{"line":17,"column":18},"end":{"line":43,"column":6}},"line":17},"4":{"name":"(anonymous_4)","decl":{"start":{"line":22,"column":10},"end":{"line":22,"column":20}},"loc":{"start":{"line":23,"column":6},"end":{"line":26,"column":null}},"line":23},"5":{"name":"(anonymous_5)","decl":{"start":{"line":23,"column":69},"end":{"line":23,"column":72}},"loc":{"start":{"line":23,"column":85},"end":{"line":26,"column":null}},"line":23},"6":{"name":"(anonymous_6)","decl":{"start":{"line":24,"column":24},"end":{"line":24,"column":35}},"loc":{"start":{"line":24,"column":41},"end":{"line":24,"column":60}},"line":24},"7":{"name":"(anonymous_7)","decl":{"start":{"line":25,"column":30},"end":{"line":25,"column":35}},"loc":{"start":{"line":25,"column":42},"end":{"line":25,"column":73}},"line":25},"8":{"name":"(anonymous_8)","decl":{"start":{"line":28,"column":10},"end":{"line":28,"column":20}},"loc":{"start":{"line":29,"column":6},"end":{"line":30,"column":null}},"line":29},"9":{"name":"(anonymous_9)","decl":{"start":{"line":29,"column":69},"end":{"line":29,"column":72}},"loc":{"start":{"line":30,"column":8},"end":{"line":30,"column":43}},"line":30},"10":{"name":"(anonymous_10)","decl":{"start":{"line":30,"column":12},"end":{"line":30,"column":20}},"loc":{"start":{"line":30,"column":26},"end":{"line":30,"column":43}},"line":30},"11":{"name":"(anonymous_11)","decl":{"start":{"line":37,"column":4},"end":{"line":37,"column":17}},"loc":{"start":{"line":37,"column":17},"end":{"line":41,"column":null}},"line":37},"12":{"name":"(anonymous_12)","decl":{"start":{"line":48,"column":13},"end":{"line":48,"column":30}},"loc":{"start":{"line":48,"column":52},"end":{"line":56,"column":null}},"line":48},"13":{"name":"(anonymous_13)","decl":{"start":{"line":51,"column":4},"end":{"line":51,"column":17}},"loc":{"start":{"line":51,"column":41},"end":{"line":51,"column":62}},"line":51},"14":{"name":"(anonymous_14)","decl":{"start":{"line":52,"column":4},"end":{"line":52,"column":16}},"loc":{"start":{"line":52,"column":31},"end":{"line":54,"column":null}},"line":52},"15":{"name":"(anonymous_15)","decl":{"start":{"line":53,"column":69},"end":{"line":53,"column":72}},"loc":{"start":{"line":53,"column":85},"end":{"line":53,"column":99}},"line":53},"16":{"name":"(anonymous_16)","decl":{"start":{"line":59,"column":13},"end":{"line":59,"column":30}},"loc":{"start":{"line":59,"column":52},"end":{"line":70,"column":null}},"line":59},"17":{"name":"(anonymous_17)","decl":{"start":{"line":62,"column":4},"end":{"line":62,"column":17}},"loc":{"start":{"line":63,"column":6},"end":{"line":63,"column":35}},"line":63},"18":{"name":"(anonymous_18)","decl":{"start":{"line":64,"column":4},"end":{"line":64,"column":16}},"loc":{"start":{"line":64,"column":31},"end":{"line":68,"column":null}},"line":64},"19":{"name":"(anonymous_19)","decl":{"start":{"line":65,"column":69},"end":{"line":65,"column":72}},"loc":{"start":{"line":66,"column":8},"end":{"line":66,"column":55}},"line":66},"20":{"name":"(anonymous_20)","decl":{"start":{"line":66,"column":12},"end":{"line":66,"column":17}},"loc":{"start":{"line":66,"column":24},"end":{"line":66,"column":55}},"line":66},"21":{"name":"(anonymous_21)","decl":{"start":{"line":73,"column":13},"end":{"line":73,"column":30}},"loc":{"start":{"line":73,"column":52},"end":{"line":83,"column":null}},"line":73},"22":{"name":"(anonymous_22)","decl":{"start":{"line":76,"column":4},"end":{"line":76,"column":17}},"loc":{"start":{"line":76,"column":36},"end":{"line":76,"column":59}},"line":76},"23":{"name":"(anonymous_23)","decl":{"start":{"line":77,"column":4},"end":{"line":77,"column":16}},"loc":{"start":{"line":77,"column":30},"end":{"line":81,"column":null}},"line":77},"24":{"name":"(anonymous_24)","decl":{"start":{"line":78,"column":69},"end":{"line":78,"column":72}},"loc":{"start":{"line":79,"column":8},"end":{"line":79,"column":43}},"line":79},"25":{"name":"(anonymous_25)","decl":{"start":{"line":79,"column":12},"end":{"line":79,"column":20}},"loc":{"start":{"line":79,"column":26},"end":{"line":79,"column":43}},"line":79},"26":{"name":"(anonymous_26)","decl":{"start":{"line":86,"column":13},"end":{"line":86,"column":30}},"loc":{"start":{"line":86,"column":52},"end":{"line":97,"column":null}},"line":86},"27":{"name":"(anonymous_27)","decl":{"start":{"line":89,"column":4},"end":{"line":89,"column":17}},"loc":{"start":{"line":90,"column":6},"end":{"line":90,"column":43}},"line":90},"28":{"name":"(anonymous_28)","decl":{"start":{"line":91,"column":4},"end":{"line":91,"column":16}},"loc":{"start":{"line":91,"column":31},"end":{"line":95,"column":null}},"line":91},"29":{"name":"(anonymous_29)","decl":{"start":{"line":92,"column":69},"end":{"line":92,"column":72}},"loc":{"start":{"line":93,"column":8},"end":{"line":93,"column":55}},"line":93},"30":{"name":"(anonymous_30)","decl":{"start":{"line":93,"column":12},"end":{"line":93,"column":17}},"loc":{"start":{"line":93,"column":24},"end":{"line":93,"column":55}},"line":93}},"branchMap":{"0":{"loc":{"start":{"line":18,"column":4},"end":{"line":18,"column":null}},"type":"if","locations":[{"start":{"line":18,"column":4},"end":{"line":18,"column":null}},{"start":{},"end":{}}],"line":18},"1":{"loc":{"start":{"line":23,"column":72},"end":{"line":23,"column":80}},"type":"default-arg","locations":[{"start":{"line":23,"column":78},"end":{"line":23,"column":80}}],"line":23},"2":{"loc":{"start":{"line":25,"column":15},"end":{"line":25,"column":90}},"type":"cond-expr","locations":[{"start":{"line":25,"column":26},"end":{"line":25,"column":73}},{"start":{"line":25,"column":76},"end":{"line":25,"column":90}}],"line":25},"3":{"loc":{"start":{"line":25,"column":42},"end":{"line":25,"column":73}},"type":"cond-expr","locations":[{"start":{"line":25,"column":63},"end":{"line":25,"column":70}},{"start":{"line":25,"column":70},"end":{"line":25,"column":73}}],"line":25},"4":{"loc":{"start":{"line":29,"column":72},"end":{"line":29,"column":80}},"type":"default-arg","locations":[{"start":{"line":29,"column":78},"end":{"line":29,"column":80}}],"line":29},"5":{"loc":{"start":{"line":53,"column":72},"end":{"line":53,"column":80}},"type":"default-arg","locations":[{"start":{"line":53,"column":78},"end":{"line":53,"column":80}}],"line":53},"6":{"loc":{"start":{"line":65,"column":72},"end":{"line":65,"column":80}},"type":"default-arg","locations":[{"start":{"line":65,"column":78},"end":{"line":65,"column":80}}],"line":65},"7":{"loc":{"start":{"line":66,"column":24},"end":{"line":66,"column":55}},"type":"cond-expr","locations":[{"start":{"line":66,"column":45},"end":{"line":66,"column":52}},{"start":{"line":66,"column":52},"end":{"line":66,"column":55}}],"line":66},"8":{"loc":{"start":{"line":78,"column":72},"end":{"line":78,"column":80}},"type":"default-arg","locations":[{"start":{"line":78,"column":78},"end":{"line":78,"column":80}}],"line":78},"9":{"loc":{"start":{"line":92,"column":72},"end":{"line":92,"column":80}},"type":"default-arg","locations":[{"start":{"line":92,"column":78},"end":{"line":92,"column":80}}],"line":92},"10":{"loc":{"start":{"line":93,"column":24},"end":{"line":93,"column":55}},"type":"cond-expr","locations":[{"start":{"line":93,"column":45},"end":{"line":93,"column":52}},{"start":{"line":93,"column":52},"end":{"line":93,"column":55}}],"line":93}},"s":{"0":1,"1":3,"2":0,"3":1,"4":0,"5":0,"6":0,"7":0,"8":0,"9":0,"10":0,"11":0,"12":0,"13":0,"14":0,"15":0,"16":0,"17":0,"18":0,"19":0,"20":0,"21":0,"22":0,"23":0,"24":0,"25":0,"26":0,"27":0,"28":0,"29":1,"30":0,"31":0,"32":0,"33":0,"34":0,"35":0,"36":1,"37":0,"38":0,"39":0,"40":0,"41":0,"42":0,"43":0,"44":1,"45":0,"46":0,"47":0,"48":0,"49":0,"50":0,"51":0,"52":1,"53":0,"54":0,"55":0,"56":0,"57":0,"58":0,"59":0},"f":{"0":3,"1":0,"2":0,"3":0,"4":0,"5":0,"6":0,"7":0,"8":0,"9":0,"10":0,"11":0,"12":0,"13":0,"14":0,"15":0,"16":0,"17":0,"18":0,"19":0,"20":0,"21":0,"22":0,"23":0,"24":0,"25":0,"26":0,"27":0,"28":0,"29":0,"30":0},"b":{"0":[0,0],"1":[0],"2":[0,0],"3":[0,0],"4":[0],"5":[0],"6":[0],"7":[0,0],"8":[0],"9":[0],"10":[0,0]},"meta":{"lastBranch":11,"lastFunction":31,"lastStatement":60,"seen":{"s:7:13:12:4":0,"f:7:13:7:38":0,"s:7:38:12:4":1,"f:10:4:10:19":1,"s:10:19:10:52":2,"s:14:13:45:Infinity":3,"f:14:13:14:25":2,"s:15:8:15:29":4,"s:17:2:43:Infinity":5,"f:17:2:17:18":3,"b:18:4:18:Infinity:undefined:undefined:undefined:undefined":0,"s:18:4:18:Infinity":6,"s:18:20:18:Infinity":7,"s:19:10:19:30":8,"s:20:4:20:Infinity":9,"s:22:10:26:Infinity":10,"f:22:10:22:20":4,"s:23:6:26:Infinity":11,"f:23:69:23:72":5,"b:23:78:23:80":1,"s:24:20:24:60":12,"f:24:24:24:35":6,"s:24:41:24:60":13,"s:25:8:25:Infinity":14,"b:25:26:25:73:25:76:25:90":2,"f:25:30:25:35":7,"s:25:42:25:73":15,"b:25:63:25:70:25:70:25:73":3,"s:28:10:30:Infinity":16,"f:28:10:28:20":8,"s:29:6:30:Infinity":17,"f:29:69:29:72":9,"s:30:8:30:43":18,"b:29:78:29:80":4,"f:30:12:30:20":10,"s:30:26:30:43":19,"s:33:4:33:Infinity":20,"s:34:4:34:Infinity":21,"s:35:4:35:Infinity":22,"s:37:4:41:Infinity":23,"f:37:4:37:17":11,"s:38:6:38:Infinity":24,"s:39:6:39:Infinity":25,"s:40:6:40:Infinity":26,"s:41:6:41:Infinity":27,"s:45:2:45:Infinity":28,"s:48:13:56:Infinity":29,"f:48:13:48:30":12,"s:49:8:49:29":30,"s:50:2:56:Infinity":31,"f:51:4:51:17":13,"s:51:41:51:62":32,"f:52:4:52:16":14,"s:53:6:53:Infinity":33,"f:53:69:53:72":15,"s:53:85:53:99":34,"b:53:78:53:80":5,"s:54:6:54:Infinity":35,"s:59:13:70:Infinity":36,"f:59:13:59:30":16,"s:60:8:60:29":37,"s:61:2:70:Infinity":38,"f:62:4:62:17":17,"s:63:6:63:35":39,"f:64:4:64:16":18,"s:65:6:67:Infinity":40,"f:65:69:65:72":19,"s:66:8:66:55":41,"b:65:78:65:80":6,"f:66:12:66:17":20,"s:66:24:66:55":42,"b:66:45:66:52:66:52:66:55":7,"s:68:6:68:Infinity":43,"s:73:13:83:Infinity":44,"f:73:13:73:30":21,"s:74:8:74:29":45,"s:75:2:83:Infinity":46,"f:76:4:76:17":22,"s:76:36:76:59":47,"f:77:4:77:16":23,"s:78:6:80:Infinity":48,"f:78:69:78:72":24,"s:79:8:79:43":49,"b:78:78:78:80":8,"f:79:12:79:20":25,"s:79:26:79:43":50,"s:81:6:81:Infinity":51,"s:86:13:97:Infinity":52,"f:86:13:86:30":26,"s:87:8:87:29":53,"s:88:2:97:Infinity":54,"f:89:4:89:17":27,"s:90:6:90:43":55,"f:91:4:91:16":28,"s:92:6:94:Infinity":56,"f:92:69:92:72":29,"s:93:8:93:55":57,"b:92:78:92:80":9,"f:93:12:93:17":30,"s:93:24:93:55":58,"b:93:45:93:52:93:52:93:55":10,"s:95:6:95:Infinity":59}}}
,"C:\\Users\\lenovo\\Double\\Tasks\\frontend\\src\\queries\\users.query.ts": {"path":"C:\\Users\\lenovo\\Double\\Tasks\\frontend\\src\\queries\\users.query.ts","statementMap":{"0":{"start":{"line":4,"column":13},"end":{"line":8,"column":4}},"1":{"start":{"line":7,"column":19},"end":{"line":7,"column":null}},"2":{"start":{"line":10,"column":13},"end":{"line":10,"column":63}}},"fnMap":{"0":{"name":"(anonymous_0)","decl":{"start":{"line":4,"column":13},"end":{"line":4,"column":null}},"loc":{"start":{"line":4,"column":13},"end":{"line":8,"column":4}},"line":4},"1":{"name":"(anonymous_1)","decl":{"start":{"line":7,"column":4},"end":{"line":7,"column":19}},"loc":{"start":{"line":7,"column":19},"end":{"line":7,"column":null}},"line":7},"2":{"name":"(anonymous_2)","decl":{"start":{"line":10,"column":13},"end":{"line":10,"column":30}},"loc":{"start":{"line":10,"column":13},"end":{"line":10,"column":63}},"line":10}},"branchMap":{},"s":{"0":1,"1":0,"2":0},"f":{"0":1,"1":0,"2":0},"b":{},"meta":{"lastBranch":0,"lastFunction":3,"lastStatement":3,"seen":{"s:4:13:8:4":0,"f:4:13:4:Infinity":0,"f:7:4:7:19":1,"s:7:19:7:Infinity":1,"s:10:13:10:63":2,"f:10:13:10:30":2}}}
}
