{"C:\\Users\\lenovo\\Double\\Tasks\\backend\\config\\AppError.js": {"path":"C:\\Users\\lenovo\\Double\\Tasks\\backend\\config\\AppError.js","statementMap":{"0":{"start":{"line":3,"column":4},"end":{"line":3,"column":19}},"1":{"start":{"line":4,"column":4},"end":{"line":4,"column":33}},"2":{"start":{"line":5,"column":4},"end":{"line":5,"column":30}},"3":{"start":{"line":6,"column":4},"end":{"line":6,"column":52}},"4":{"start":{"line":10,"column":0},"end":{"line":10,"column":26}}},"fnMap":{"0":{"name":"(anonymous_0)","decl":{"start":{"line":2,"column":2},"end":{"line":2,"column":3}},"loc":{"start":{"line":2,"column":35},"end":{"line":7,"column":3}},"line":2}},"branchMap":{},"s":{"0":21,"1":21,"2":21,"3":21,"4":4},"f":{"0":21},"b":{},"_coverageSchema":"1a1c01bbd47fc00a2c39e90264f33305004495a9","hash":"bdf846ce239774fb8029e74147c0a868f237275e"}
,"C:\\Users\\lenovo\\Double\\Tasks\\backend\\config\\logger.js": {"path":"C:\\Users\\lenovo\\Double\\Tasks\\backend\\config\\logger.js","statementMap":{"0":{"start":{"line":1,"column":18},"end":{"line":1,"column":48}},"1":{"start":{"line":1,"column":24},"end":{"line":1,"column":48}},"2":{"start":{"line":3,"column":15},"end":{"line":8,"column":1}},"3":{"start":{"line":4,"column":30},"end":{"line":4,"column":91}},"4":{"start":{"line":5,"column":33},"end":{"line":5,"column":94}},"5":{"start":{"line":6,"column":30},"end":{"line":6,"column":92}},"6":{"start":{"line":7,"column":36},"end":{"line":7,"column":119}},"7":{"start":{"line":10,"column":0},"end":{"line":10,"column":24}}},"fnMap":{"0":{"name":"(anonymous_0)","decl":{"start":{"line":1,"column":18},"end":{"line":1,"column":19}},"loc":{"start":{"line":1,"column":24},"end":{"line":1,"column":48}},"line":1},"1":{"name":"(anonymous_1)","decl":{"start":{"line":4,"column":8},"end":{"line":4,"column":9}},"loc":{"start":{"line":4,"column":30},"end":{"line":4,"column":91}},"line":4},"2":{"name":"(anonymous_2)","decl":{"start":{"line":5,"column":11},"end":{"line":5,"column":12}},"loc":{"start":{"line":5,"column":33},"end":{"line":5,"column":94}},"line":5},"3":{"name":"(anonymous_3)","decl":{"start":{"line":6,"column":8},"end":{"line":6,"column":9}},"loc":{"start":{"line":6,"column":30},"end":{"line":6,"column":92}},"line":6},"4":{"name":"(anonymous_4)","decl":{"start":{"line":7,"column":9},"end":{"line":7,"column":10}},"loc":{"start":{"line":7,"column":36},"end":{"line":7,"column":119}},"line":7}},"branchMap":{"0":{"loc":{"start":{"line":7,"column":100},"end":{"line":7,"column":118}},"type":"binary-expr","locations":[{"start":{"line":7,"column":100},"end":{"line":7,"column":112}},{"start":{"line":7,"column":116},"end":{"line":7,"column":118}}],"line":7}},"s":{"0":4,"1":35,"2":4,"3":14,"4":0,"5":21,"6":0,"7":4},"f":{"0":35,"1":14,"2":0,"3":21,"4":0},"b":{"0":[0,0]},"_coverageSchema":"1a1c01bbd47fc00a2c39e90264f33305004495a9","hash":"17f8301cf2cc88d6282eab6b8e4263257fbd2dcc"}
,"C:\\Users\\lenovo\\Double\\Tasks\\backend\\controllers\\auth.controller.js": {"path":"C:\\Users\\lenovo\\Double\\Tasks\\backend\\controllers\\auth.controller.js","statementMap":{"0":{"start":{"line":1,"column":36},"end":{"line":1,"column":71}},"1":{"start":{"line":2,"column":19},"end":{"line":2,"column":54}},"2":{"start":{"line":4,"column":17},"end":{"line":7,"column":2}},"3":{"start":{"line":5,"column":17},"end":{"line":5,"column":45}},"4":{"start":{"line":6,"column":2},"end":{"line":6,"column":31}},"5":{"start":{"line":9,"column":14},"end":{"line":12,"column":2}},"6":{"start":{"line":10,"column":17},"end":{"line":10,"column":42}},"7":{"start":{"line":11,"column":2},"end":{"line":11,"column":19}},"8":{"start":{"line":14,"column":14},"end":{"line":14,"column":46}},"9":{"start":{"line":14,"column":28},"end":{"line":14,"column":46}},"10":{"start":{"line":16,"column":15},"end":{"line":16,"column":77}},"11":{"start":{"line":16,"column":29},"end":{"line":16,"column":77}},"12":{"start":{"line":18,"column":0},"end":{"line":18,"column":52}}},"fnMap":{"0":{"name":"(anonymous_0)","decl":{"start":{"line":4,"column":28},"end":{"line":4,"column":29}},"loc":{"start":{"line":4,"column":48},"end":{"line":7,"column":1}},"line":4},"1":{"name":"(anonymous_1)","decl":{"start":{"line":9,"column":25},"end":{"line":9,"column":26}},"loc":{"start":{"line":9,"column":45},"end":{"line":12,"column":1}},"line":9},"2":{"name":"(anonymous_2)","decl":{"start":{"line":14,"column":14},"end":{"line":14,"column":15}},"loc":{"start":{"line":14,"column":28},"end":{"line":14,"column":46}},"line":14},"3":{"name":"(anonymous_3)","decl":{"start":{"line":16,"column":15},"end":{"line":16,"column":16}},"loc":{"start":{"line":16,"column":29},"end":{"line":16,"column":77}},"line":16}},"branchMap":{},"s":{"0":4,"1":4,"2":4,"3":10,"4":8,"5":4,"6":3,"7":1,"8":4,"9":1,"10":4,"11":1,"12":4},"f":{"0":10,"1":3,"2":1,"3":1},"b":{},"_coverageSchema":"1a1c01bbd47fc00a2c39e90264f33305004495a9","hash":"e627bd8c67c61d873840e6521944ccc2bc171c89"}
,"C:\\Users\\lenovo\\Double\\Tasks\\backend\\controllers\\project.controller.js": {"path":"C:\\Users\\lenovo\\Double\\Tasks\\backend\\controllers\\project.controller.js","statementMap":{"0":{"start":{"line":1,"column":23},"end":{"line":1,"column":61}},"1":{"start":{"line":2,"column":19},"end":{"line":2,"column":54}},"2":{"start":{"line":4,"column":23},"end":{"line":7,"column":2}},"3":{"start":{"line":5,"column":19},"end":{"line":5,"column":69}},"4":{"start":{"line":6,"column":2},"end":{"line":6,"column":21}},"5":{"start":{"line":9,"column":19},"end":{"line":12,"column":2}},"6":{"start":{"line":10,"column":18},"end":{"line":10,"column":75}},"7":{"start":{"line":11,"column":2},"end":{"line":11,"column":20}},"8":{"start":{"line":14,"column":22},"end":{"line":17,"column":2}},"9":{"start":{"line":15,"column":18},"end":{"line":15,"column":92}},"10":{"start":{"line":16,"column":2},"end":{"line":16,"column":32}},"11":{"start":{"line":19,"column":22},"end":{"line":22,"column":2}},"12":{"start":{"line":20,"column":18},"end":{"line":20,"column":84}},"13":{"start":{"line":21,"column":2},"end":{"line":21,"column":20}},"14":{"start":{"line":24,"column":18},"end":{"line":27,"column":2}},"15":{"start":{"line":25,"column":18},"end":{"line":25,"column":80}},"16":{"start":{"line":26,"column":2},"end":{"line":26,"column":20}},"17":{"start":{"line":29,"column":16},"end":{"line":32,"column":2}},"18":{"start":{"line":30,"column":18},"end":{"line":30,"column":78}},"19":{"start":{"line":31,"column":2},"end":{"line":31,"column":20}},"20":{"start":{"line":34,"column":23},"end":{"line":37,"column":2}},"21":{"start":{"line":35,"column":2},"end":{"line":35,"column":60}},"22":{"start":{"line":36,"column":2},"end":{"line":36,"column":44}},"23":{"start":{"line":39,"column":0},"end":{"line":39,"column":114}}},"fnMap":{"0":{"name":"(anonymous_0)","decl":{"start":{"line":4,"column":34},"end":{"line":4,"column":35}},"loc":{"start":{"line":4,"column":54},"end":{"line":7,"column":1}},"line":4},"1":{"name":"(anonymous_1)","decl":{"start":{"line":9,"column":30},"end":{"line":9,"column":31}},"loc":{"start":{"line":9,"column":50},"end":{"line":12,"column":1}},"line":9},"2":{"name":"(anonymous_2)","decl":{"start":{"line":14,"column":33},"end":{"line":14,"column":34}},"loc":{"start":{"line":14,"column":53},"end":{"line":17,"column":1}},"line":14},"3":{"name":"(anonymous_3)","decl":{"start":{"line":19,"column":33},"end":{"line":19,"column":34}},"loc":{"start":{"line":19,"column":53},"end":{"line":22,"column":1}},"line":19},"4":{"name":"(anonymous_4)","decl":{"start":{"line":24,"column":29},"end":{"line":24,"column":30}},"loc":{"start":{"line":24,"column":49},"end":{"line":27,"column":1}},"line":24},"5":{"name":"(anonymous_5)","decl":{"start":{"line":29,"column":27},"end":{"line":29,"column":28}},"loc":{"start":{"line":29,"column":47},"end":{"line":32,"column":1}},"line":29},"6":{"name":"(anonymous_6)","decl":{"start":{"line":34,"column":34},"end":{"line":34,"column":35}},"loc":{"start":{"line":34,"column":54},"end":{"line":37,"column":1}},"line":34}},"branchMap":{},"s":{"0":4,"1":4,"2":4,"3":2,"4":2,"5":4,"6":3,"7":2,"8":4,"9":3,"10":3,"11":4,"12":1,"13":1,"14":4,"15":5,"16":4,"17":4,"18":2,"19":2,"20":4,"21":1,"22":1,"23":4},"f":{"0":2,"1":3,"2":3,"3":1,"4":5,"5":2,"6":1},"b":{},"_coverageSchema":"1a1c01bbd47fc00a2c39e90264f33305004495a9","hash":"1a7cd7ea7139e57fca3e8b414efcb2f40739c450"}
,"C:\\Users\\lenovo\\Double\\Tasks\\backend\\controllers\\task.controller.js": {"path":"C:\\Users\\lenovo\\Double\\Tasks\\backend\\controllers\\task.controller.js","statementMap":{"0":{"start":{"line":1,"column":20},"end":{"line":1,"column":55}},"1":{"start":{"line":2,"column":19},"end":{"line":2,"column":54}},"2":{"start":{"line":4,"column":24},"end":{"line":7,"column":2}},"3":{"start":{"line":5,"column":16},"end":{"line":5,"column":73}},"4":{"start":{"line":6,"column":2},"end":{"line":6,"column":18}},"5":{"start":{"line":9,"column":19},"end":{"line":12,"column":2}},"6":{"start":{"line":10,"column":15},"end":{"line":10,"column":82}},"7":{"start":{"line":11,"column":2},"end":{"line":11,"column":29}},"8":{"start":{"line":14,"column":19},"end":{"line":17,"column":2}},"9":{"start":{"line":15,"column":15},"end":{"line":15,"column":86}},"10":{"start":{"line":16,"column":2},"end":{"line":16,"column":17}},"11":{"start":{"line":19,"column":19},"end":{"line":25,"column":2}},"12":{"start":{"line":20,"column":15},"end":{"line":23,"column":4}},"13":{"start":{"line":24,"column":2},"end":{"line":24,"column":17}},"14":{"start":{"line":27,"column":19},"end":{"line":30,"column":2}},"15":{"start":{"line":28,"column":2},"end":{"line":28,"column":50}},"16":{"start":{"line":29,"column":2},"end":{"line":29,"column":40}},"17":{"start":{"line":32,"column":0},"end":{"line":32,"column":85}}},"fnMap":{"0":{"name":"(anonymous_0)","decl":{"start":{"line":4,"column":35},"end":{"line":4,"column":36}},"loc":{"start":{"line":4,"column":55},"end":{"line":7,"column":1}},"line":4},"1":{"name":"(anonymous_1)","decl":{"start":{"line":9,"column":30},"end":{"line":9,"column":31}},"loc":{"start":{"line":9,"column":50},"end":{"line":12,"column":1}},"line":9},"2":{"name":"(anonymous_2)","decl":{"start":{"line":14,"column":30},"end":{"line":14,"column":31}},"loc":{"start":{"line":14,"column":50},"end":{"line":17,"column":1}},"line":14},"3":{"name":"(anonymous_3)","decl":{"start":{"line":19,"column":30},"end":{"line":19,"column":31}},"loc":{"start":{"line":19,"column":50},"end":{"line":25,"column":1}},"line":19},"4":{"name":"(anonymous_4)","decl":{"start":{"line":27,"column":30},"end":{"line":27,"column":31}},"loc":{"start":{"line":27,"column":50},"end":{"line":30,"column":1}},"line":27}},"branchMap":{},"s":{"0":4,"1":4,"2":4,"3":4,"4":4,"5":4,"6":4,"7":4,"8":4,"9":6,"10":5,"11":4,"12":5,"13":4,"14":4,"15":3,"16":3,"17":4},"f":{"0":4,"1":4,"2":6,"3":5,"4":3},"b":{},"_coverageSchema":"1a1c01bbd47fc00a2c39e90264f33305004495a9","hash":"8b73892bbb884c195e92c28e2351bae8d6ba1fec"}
,"C:\\Users\\lenovo\\Double\\Tasks\\backend\\controllers\\user.controller.js": {"path":"C:\\Users\\lenovo\\Double\\Tasks\\backend\\controllers\\user.controller.js","statementMap":{"0":{"start":{"line":1,"column":13},"end":{"line":1,"column":44}},"1":{"start":{"line":2,"column":17},"end":{"line":2,"column":46}},"2":{"start":{"line":3,"column":19},"end":{"line":3,"column":54}},"3":{"start":{"line":5,"column":20},"end":{"line":8,"column":2}},"4":{"start":{"line":6,"column":16},"end":{"line":6,"column":53}},"5":{"start":{"line":7,"column":2},"end":{"line":7,"column":18}},"6":{"start":{"line":10,"column":20},"end":{"line":14,"column":2}},"7":{"start":{"line":11,"column":15},"end":{"line":11,"column":69}},"8":{"start":{"line":12,"column":2},"end":{"line":12,"column":62}},"9":{"start":{"line":12,"column":13},"end":{"line":12,"column":62}},"10":{"start":{"line":13,"column":2},"end":{"line":13,"column":17}},"11":{"start":{"line":16,"column":0},"end":{"line":16,"column":46}}},"fnMap":{"0":{"name":"(anonymous_0)","decl":{"start":{"line":5,"column":31},"end":{"line":5,"column":32}},"loc":{"start":{"line":5,"column":51},"end":{"line":8,"column":1}},"line":5},"1":{"name":"(anonymous_1)","decl":{"start":{"line":10,"column":31},"end":{"line":10,"column":32}},"loc":{"start":{"line":10,"column":57},"end":{"line":14,"column":1}},"line":10}},"branchMap":{"0":{"loc":{"start":{"line":12,"column":2},"end":{"line":12,"column":62}},"type":"if","locations":[{"start":{"line":12,"column":2},"end":{"line":12,"column":62}},{"start":{},"end":{}}],"line":12}},"s":{"0":4,"1":4,"2":4,"3":4,"4":1,"5":1,"6":4,"7":2,"8":2,"9":1,"10":1,"11":4},"f":{"0":1,"1":2},"b":{"0":[1,1]},"_coverageSchema":"1a1c01bbd47fc00a2c39e90264f33305004495a9","hash":"3ac851e3f5f4a68ccb1719e0fbfdf3f4ac0760ed"}
,"C:\\Users\\lenovo\\Double\\Tasks\\backend\\middleware\\authenticate.js": {"path":"C:\\Users\\lenovo\\Double\\Tasks\\backend\\middleware\\authenticate.js","statementMap":{"0":{"start":{"line":1,"column":12},"end":{"line":1,"column":35}},"1":{"start":{"line":2,"column":13},"end":{"line":2,"column":44}},"2":{"start":{"line":3,"column":17},"end":{"line":3,"column":46}},"3":{"start":{"line":5,"column":21},"end":{"line":19,"column":1}},"4":{"start":{"line":6,"column":2},"end":{"line":18,"column":3}},"5":{"start":{"line":7,"column":18},"end":{"line":7,"column":58}},"6":{"start":{"line":8,"column":4},"end":{"line":8,"column":68}},"7":{"start":{"line":8,"column":16},"end":{"line":8,"column":68}},"8":{"start":{"line":10,"column":20},"end":{"line":10,"column":61}},"9":{"start":{"line":11,"column":17},"end":{"line":11,"column":68}},"10":{"start":{"line":12,"column":4},"end":{"line":12,"column":71}},"11":{"start":{"line":12,"column":15},"end":{"line":12,"column":71}},"12":{"start":{"line":14,"column":4},"end":{"line":14,"column":20}},"13":{"start":{"line":15,"column":4},"end":{"line":15,"column":11}},"14":{"start":{"line":17,"column":4},"end":{"line":17,"column":14}},"15":{"start":{"line":21,"column":0},"end":{"line":21,"column":30}}},"fnMap":{"0":{"name":"(anonymous_0)","decl":{"start":{"line":5,"column":21},"end":{"line":5,"column":22}},"loc":{"start":{"line":5,"column":47},"end":{"line":19,"column":1}},"line":5}},"branchMap":{"0":{"loc":{"start":{"line":8,"column":4},"end":{"line":8,"column":68}},"type":"if","locations":[{"start":{"line":8,"column":4},"end":{"line":8,"column":68}},{"start":{},"end":{}}],"line":8},"1":{"loc":{"start":{"line":12,"column":4},"end":{"line":12,"column":71}},"type":"if","locations":[{"start":{"line":12,"column":4},"end":{"line":12,"column":71}},{"start":{},"end":{}}],"line":12}},"s":{"0":4,"1":4,"2":4,"3":4,"4":56,"5":56,"6":56,"7":5,"8":51,"9":50,"10":50,"11":0,"12":50,"13":50,"14":1,"15":4},"f":{"0":56},"b":{"0":[5,51],"1":[0,50]},"_coverageSchema":"1a1c01bbd47fc00a2c39e90264f33305004495a9","hash":"28f661eaa51b00f34bbcd6dfd9e6e6ef166d35ed"}
,"C:\\Users\\lenovo\\Double\\Tasks\\backend\\middleware\\authorize.js": {"path":"C:\\Users\\lenovo\\Double\\Tasks\\backend\\middleware\\authorize.js","statementMap":{"0":{"start":{"line":1,"column":16},"end":{"line":1,"column":50}},"1":{"start":{"line":2,"column":17},"end":{"line":2,"column":46}},"2":{"start":{"line":4,"column":23},"end":{"line":10,"column":1}},"3":{"start":{"line":5,"column":18},"end":{"line":5,"column":51}},"4":{"start":{"line":6,"column":2},"end":{"line":6,"column":28}},"5":{"start":{"line":6,"column":16},"end":{"line":6,"column":28}},"6":{"start":{"line":7,"column":2},"end":{"line":7,"column":69}},"7":{"start":{"line":7,"column":54},"end":{"line":7,"column":69}},"8":{"start":{"line":8,"column":17},"end":{"line":8,"column":85}},"9":{"start":{"line":8,"column":45},"end":{"line":8,"column":84}},"10":{"start":{"line":9,"column":2},"end":{"line":9,"column":37}},"11":{"start":{"line":12,"column":18},"end":{"line":26,"column":1}},"12":{"start":{"line":12,"column":39},"end":{"line":26,"column":1}},"13":{"start":{"line":13,"column":2},"end":{"line":25,"column":3}},"14":{"start":{"line":14,"column":22},"end":{"line":14,"column":62}},"15":{"start":{"line":15,"column":4},"end":{"line":15,"column":77}},"16":{"start":{"line":15,"column":20},"end":{"line":15,"column":77}},"17":{"start":{"line":17,"column":17},"end":{"line":17,"column":62}},"18":{"start":{"line":18,"column":4},"end":{"line":18,"column":86}},"19":{"start":{"line":18,"column":15},"end":{"line":18,"column":86}},"20":{"start":{"line":19,"column":4},"end":{"line":19,"column":110}},"21":{"start":{"line":19,"column":38},"end":{"line":19,"column":110}},"22":{"start":{"line":21,"column":4},"end":{"line":21,"column":27}},"23":{"start":{"line":22,"column":4},"end":{"line":22,"column":11}},"24":{"start":{"line":24,"column":4},"end":{"line":24,"column":14}},"25":{"start":{"line":28,"column":0},"end":{"line":28,"column":47}}},"fnMap":{"0":{"name":"(anonymous_0)","decl":{"start":{"line":4,"column":23},"end":{"line":4,"column":24}},"loc":{"start":{"line":4,"column":52},"end":{"line":10,"column":1}},"line":4},"1":{"name":"(anonymous_1)","decl":{"start":{"line":8,"column":38},"end":{"line":8,"column":39}},"loc":{"start":{"line":8,"column":45},"end":{"line":8,"column":84}},"line":8},"2":{"name":"(anonymous_2)","decl":{"start":{"line":12,"column":18},"end":{"line":12,"column":19}},"loc":{"start":{"line":12,"column":39},"end":{"line":26,"column":1}},"line":12},"3":{"name":"(anonymous_3)","decl":{"start":{"line":12,"column":39},"end":{"line":12,"column":40}},"loc":{"start":{"line":12,"column":65},"end":{"line":26,"column":1}},"line":12}},"branchMap":{"0":{"loc":{"start":{"line":6,"column":2},"end":{"line":6,"column":28}},"type":"if","locations":[{"start":{"line":6,"column":2},"end":{"line":6,"column":28}},{"start":{},"end":{}}],"line":6},"1":{"loc":{"start":{"line":7,"column":2},"end":{"line":7,"column":69}},"type":"if","locations":[{"start":{"line":7,"column":2},"end":{"line":7,"column":69}},{"start":{},"end":{}}],"line":7},"2":{"loc":{"start":{"line":9,"column":9},"end":{"line":9,"column":36}},"type":"cond-expr","locations":[{"start":{"line":9,"column":18},"end":{"line":9,"column":29}},{"start":{"line":9,"column":32},"end":{"line":9,"column":36}}],"line":9},"3":{"loc":{"start":{"line":14,"column":22},"end":{"line":14,"column":62}},"type":"binary-expr","locations":[{"start":{"line":14,"column":22},"end":{"line":14,"column":42}},{"start":{"line":14,"column":46},"end":{"line":14,"column":62}}],"line":14},"4":{"loc":{"start":{"line":15,"column":4},"end":{"line":15,"column":77}},"type":"if","locations":[{"start":{"line":15,"column":4},"end":{"line":15,"column":77}},{"start":{},"end":{}}],"line":15},"5":{"loc":{"start":{"line":18,"column":4},"end":{"line":18,"column":86}},"type":"if","locations":[{"start":{"line":18,"column":4},"end":{"line":18,"column":86}},{"start":{},"end":{}}],"line":18},"6":{"loc":{"start":{"line":19,"column":4},"end":{"line":19,"column":110}},"type":"if","locations":[{"start":{"line":19,"column":4},"end":{"line":19,"column":110}},{"start":{},"end":{}}],"line":19}},"s":{"0":4,"1":4,"2":4,"3":19,"4":19,"5":0,"6":19,"7":9,"8":10,"9":13,"10":10,"11":4,"12":20,"13":19,"14":19,"15":19,"16":0,"17":19,"18":19,"19":0,"20":19,"21":6,"22":13,"23":13,"24":0,"25":4},"f":{"0":19,"1":13,"2":20,"3":19},"b":{"0":[0,19],"1":[9,10],"2":[10,0],"3":[19,5],"4":[0,19],"5":[0,19],"6":[6,13]},"_coverageSchema":"1a1c01bbd47fc00a2c39e90264f33305004495a9","hash":"5a54171fa20416ccd1b32940643f5d1a139f19e9"}
,"C:\\Users\\lenovo\\Double\\Tasks\\backend\\middleware\\catchAsync.js": {"path":"C:\\Users\\lenovo\\Double\\Tasks\\backend\\middleware\\catchAsync.js","statementMap":{"0":{"start":{"line":1,"column":19},"end":{"line":1,"column":77}},"1":{"start":{"line":1,"column":27},"end":{"line":1,"column":77}},"2":{"start":{"line":1,"column":47},"end":{"line":1,"column":77}},"3":{"start":{"line":3,"column":0},"end":{"line":3,"column":28}}},"fnMap":{"0":{"name":"(anonymous_0)","decl":{"start":{"line":1,"column":19},"end":{"line":1,"column":20}},"loc":{"start":{"line":1,"column":27},"end":{"line":1,"column":77}},"line":1},"1":{"name":"(anonymous_1)","decl":{"start":{"line":1,"column":27},"end":{"line":1,"column":28}},"loc":{"start":{"line":1,"column":47},"end":{"line":1,"column":77}},"line":1}},"branchMap":{},"s":{"0":4,"1":64,"2":55,"3":4},"f":{"0":64,"1":55},"b":{},"_coverageSchema":"1a1c01bbd47fc00a2c39e90264f33305004495a9","hash":"e81c6d6ae022373e6ddf2f4437c82bbc61b38f33"}
,"C:\\Users\\lenovo\\Double\\Tasks\\backend\\middleware\\errorHandler.js": {"path":"C:\\Users\\lenovo\\Double\\Tasks\\backend\\middleware\\errorHandler.js","statementMap":{"0":{"start":{"line":1,"column":15},"end":{"line":1,"column":42}},"1":{"start":{"line":2,"column":17},"end":{"line":2,"column":46}},"2":{"start":{"line":4,"column":21},"end":{"line":31,"column":1}},"3":{"start":{"line":5,"column":14},"end":{"line":5,"column":17}},"4":{"start":{"line":7,"column":2},"end":{"line":8,"column":67}},"5":{"start":{"line":8,"column":4},"end":{"line":8,"column":67}},"6":{"start":{"line":10,"column":2},"end":{"line":13,"column":3}},"7":{"start":{"line":11,"column":18},"end":{"line":11,"column":46}},"8":{"start":{"line":12,"column":4},"end":{"line":12,"column":56}},"9":{"start":{"line":15,"column":2},"end":{"line":16,"column":90}},"10":{"start":{"line":16,"column":4},"end":{"line":16,"column":90}},"11":{"start":{"line":16,"column":62},"end":{"line":16,"column":71}},"12":{"start":{"line":18,"column":2},"end":{"line":19,"column":70}},"13":{"start":{"line":19,"column":4},"end":{"line":19,"column":70}},"14":{"start":{"line":21,"column":2},"end":{"line":22,"column":68}},"15":{"start":{"line":22,"column":4},"end":{"line":22,"column":68}},"16":{"start":{"line":24,"column":2},"end":{"line":27,"column":3}},"17":{"start":{"line":25,"column":4},"end":{"line":25,"column":67}},"18":{"start":{"line":26,"column":4},"end":{"line":26,"column":73}},"19":{"start":{"line":29,"column":2},"end":{"line":29,"column":86}},"20":{"start":{"line":30,"column":2},"end":{"line":30,"column":84}},"21":{"start":{"line":33,"column":0},"end":{"line":33,"column":30}}},"fnMap":{"0":{"name":"(anonymous_0)","decl":{"start":{"line":4,"column":21},"end":{"line":4,"column":22}},"loc":{"start":{"line":4,"column":47},"end":{"line":31,"column":1}},"line":4},"1":{"name":"(anonymous_1)","decl":{"start":{"line":16,"column":55},"end":{"line":16,"column":56}},"loc":{"start":{"line":16,"column":62},"end":{"line":16,"column":71}},"line":16}},"branchMap":{"0":{"loc":{"start":{"line":7,"column":2},"end":{"line":8,"column":67}},"type":"if","locations":[{"start":{"line":7,"column":2},"end":{"line":8,"column":67}},{"start":{},"end":{}}],"line":7},"1":{"loc":{"start":{"line":10,"column":2},"end":{"line":13,"column":3}},"type":"if","locations":[{"start":{"line":10,"column":2},"end":{"line":13,"column":3}},{"start":{},"end":{}}],"line":10},"2":{"loc":{"start":{"line":15,"column":2},"end":{"line":16,"column":90}},"type":"if","locations":[{"start":{"line":15,"column":2},"end":{"line":16,"column":90}},{"start":{},"end":{}}],"line":15},"3":{"loc":{"start":{"line":18,"column":2},"end":{"line":19,"column":70}},"type":"if","locations":[{"start":{"line":18,"column":2},"end":{"line":19,"column":70}},{"start":{},"end":{}}],"line":18},"4":{"loc":{"start":{"line":21,"column":2},"end":{"line":22,"column":68}},"type":"if","locations":[{"start":{"line":21,"column":2},"end":{"line":22,"column":68}},{"start":{},"end":{}}],"line":21},"5":{"loc":{"start":{"line":24,"column":2},"end":{"line":27,"column":3}},"type":"if","locations":[{"start":{"line":24,"column":2},"end":{"line":27,"column":3}},{"start":{},"end":{}}],"line":24}},"s":{"0":4,"1":4,"2":4,"3":21,"4":21,"5":0,"6":21,"7":0,"8":0,"9":21,"10":2,"11":3,"12":21,"13":0,"14":21,"15":1,"16":21,"17":21,"18":21,"19":0,"20":0,"21":4},"f":{"0":21,"1":3},"b":{"0":[0,21],"1":[0,21],"2":[2,19],"3":[0,21],"4":[1,20],"5":[21,0]},"_coverageSchema":"1a1c01bbd47fc00a2c39e90264f33305004495a9","hash":"cd65b217338aa83bcfc82ed364ab688502e44c2c"}
,"C:\\Users\\lenovo\\Double\\Tasks\\backend\\models\\project.model.js": {"path":"C:\\Users\\lenovo\\Double\\Tasks\\backend\\models\\project.model.js","statementMap":{"0":{"start":{"line":1,"column":17},"end":{"line":1,"column":36}},"1":{"start":{"line":3,"column":21},"end":{"line":6,"column":2}},"2":{"start":{"line":8,"column":19},"end":{"line":11,"column":2}},"3":{"start":{"line":13,"column":22},"end":{"line":23,"column":1}},"4":{"start":{"line":25,"column":0},"end":{"line":25,"column":58}}},"fnMap":{},"branchMap":{},"s":{"0":4,"1":4,"2":4,"3":4,"4":4},"f":{},"b":{},"_coverageSchema":"1a1c01bbd47fc00a2c39e90264f33305004495a9","hash":"b6d22d684c3dd417d5f5f7b53b66d78f01e7c97f"}
,"C:\\Users\\lenovo\\Double\\Tasks\\backend\\models\\task.model.js": {"path":"C:\\Users\\lenovo\\Double\\Tasks\\backend\\models\\task.model.js","statementMap":{"0":{"start":{"line":1,"column":17},"end":{"line":1,"column":36}},"1":{"start":{"line":3,"column":22},"end":{"line":9,"column":1}},"2":{"start":{"line":11,"column":22},"end":{"line":19,"column":1}},"3":{"start":{"line":21,"column":19},"end":{"line":37,"column":1}},"4":{"start":{"line":39,"column":0},"end":{"line":39,"column":52}}},"fnMap":{},"branchMap":{},"s":{"0":4,"1":4,"2":4,"3":4,"4":4},"f":{},"b":{},"_coverageSchema":"1a1c01bbd47fc00a2c39e90264f33305004495a9","hash":"90e33bf5264067ce3c75468d3506595e80c7dae6"}
,"C:\\Users\\lenovo\\Double\\Tasks\\backend\\models\\user.model.js": {"path":"C:\\Users\\lenovo\\Double\\Tasks\\backend\\models\\user.model.js","statementMap":{"0":{"start":{"line":1,"column":17},"end":{"line":1,"column":36}},"1":{"start":{"line":2,"column":15},"end":{"line":2,"column":34}},"2":{"start":{"line":4,"column":19},"end":{"line":13,"column":1}},"3":{"start":{"line":15,"column":0},"end":{"line":19,"column":3}},"4":{"start":{"line":16,"column":2},"end":{"line":16,"column":50}},"5":{"start":{"line":16,"column":36},"end":{"line":16,"column":50}},"6":{"start":{"line":17,"column":2},"end":{"line":17,"column":55}},"7":{"start":{"line":18,"column":2},"end":{"line":18,"column":9}},"8":{"start":{"line":21,"column":0},"end":{"line":23,"column":2}},"9":{"start":{"line":22,"column":2},"end":{"line":22,"column":49}},"10":{"start":{"line":25,"column":0},"end":{"line":25,"column":52}}},"fnMap":{"0":{"name":"(anonymous_0)","decl":{"start":{"line":15,"column":23},"end":{"line":15,"column":24}},"loc":{"start":{"line":15,"column":45},"end":{"line":19,"column":1}},"line":15},"1":{"name":"(anonymous_1)","decl":{"start":{"line":21,"column":37},"end":{"line":21,"column":38}},"loc":{"start":{"line":21,"column":57},"end":{"line":23,"column":1}},"line":21}},"branchMap":{"0":{"loc":{"start":{"line":16,"column":2},"end":{"line":16,"column":50}},"type":"if","locations":[{"start":{"line":16,"column":2},"end":{"line":16,"column":50}},{"start":{},"end":{}}],"line":16}},"s":{"0":4,"1":4,"2":4,"3":4,"4":8,"5":0,"6":8,"7":8,"8":4,"9":2,"10":4},"f":{"0":8,"1":2},"b":{"0":[0,8]},"_coverageSchema":"1a1c01bbd47fc00a2c39e90264f33305004495a9","hash":"0fafac71eafe5023eab537aed23286c392bdd6a0"}
,"C:\\Users\\lenovo\\Double\\Tasks\\backend\\routes\\auth.routes.js": {"path":"C:\\Users\\lenovo\\Double\\Tasks\\backend\\routes\\auth.routes.js","statementMap":{"0":{"start":{"line":1,"column":15},"end":{"line":1,"column":42}},"1":{"start":{"line":2,"column":43},"end":{"line":2,"column":84}},"2":{"start":{"line":3,"column":21},"end":{"line":3,"column":58}},"3":{"start":{"line":5,"column":0},"end":{"line":5,"column":35}},"4":{"start":{"line":6,"column":0},"end":{"line":6,"column":29}},"5":{"start":{"line":7,"column":0},"end":{"line":7,"column":39}},"6":{"start":{"line":8,"column":0},"end":{"line":8,"column":45}},"7":{"start":{"line":10,"column":0},"end":{"line":10,"column":24}}},"fnMap":{},"branchMap":{},"s":{"0":4,"1":4,"2":4,"3":4,"4":4,"5":4,"6":4,"7":4},"f":{},"b":{},"_coverageSchema":"1a1c01bbd47fc00a2c39e90264f33305004495a9","hash":"81307b36caeaf2cedddc2681dca6503785ecd65e"}
,"C:\\Users\\lenovo\\Double\\Tasks\\backend\\routes\\project.routes.js": {"path":"C:\\Users\\lenovo\\Double\\Tasks\\backend\\routes\\project.routes.js","statementMap":{"0":{"start":{"line":1,"column":15},"end":{"line":1,"column":42}},"1":{"start":{"line":2,"column":105},"end":{"line":2,"column":149}},"2":{"start":{"line":3,"column":21},"end":{"line":3,"column":58}},"3":{"start":{"line":4,"column":22},"end":{"line":4,"column":56}},"4":{"start":{"line":6,"column":0},"end":{"line":6,"column":46}},"5":{"start":{"line":7,"column":0},"end":{"line":7,"column":46}},"6":{"start":{"line":8,"column":0},"end":{"line":8,"column":52}},"7":{"start":{"line":9,"column":0},"end":{"line":9,"column":75}},"8":{"start":{"line":10,"column":0},"end":{"line":10,"column":80}},"9":{"start":{"line":11,"column":0},"end":{"line":11,"column":91}},"10":{"start":{"line":12,"column":0},"end":{"line":12,"column":79}},"11":{"start":{"line":14,"column":0},"end":{"line":14,"column":24}}},"fnMap":{},"branchMap":{},"s":{"0":4,"1":4,"2":4,"3":4,"4":4,"5":4,"6":4,"7":4,"8":4,"9":4,"10":4,"11":4},"f":{},"b":{},"_coverageSchema":"1a1c01bbd47fc00a2c39e90264f33305004495a9","hash":"1face5b0020db7a90dba5a4023442abe0775b4c9"}
,"C:\\Users\\lenovo\\Double\\Tasks\\backend\\routes\\task.routes.js": {"path":"C:\\Users\\lenovo\\Double\\Tasks\\backend\\routes\\task.routes.js","statementMap":{"0":{"start":{"line":1,"column":15},"end":{"line":1,"column":42}},"1":{"start":{"line":2,"column":76},"end":{"line":2,"column":117}},"2":{"start":{"line":3,"column":21},"end":{"line":3,"column":58}},"3":{"start":{"line":4,"column":22},"end":{"line":4,"column":56}},"4":{"start":{"line":6,"column":0},"end":{"line":6,"column":65}},"5":{"start":{"line":7,"column":0},"end":{"line":7,"column":78}},"6":{"start":{"line":8,"column":0},"end":{"line":8,"column":49}},"7":{"start":{"line":9,"column":0},"end":{"line":9,"column":59}},"8":{"start":{"line":10,"column":0},"end":{"line":10,"column":52}},"9":{"start":{"line":12,"column":0},"end":{"line":12,"column":24}}},"fnMap":{},"branchMap":{},"s":{"0":4,"1":4,"2":4,"3":4,"4":4,"5":4,"6":4,"7":4,"8":4,"9":4},"f":{},"b":{},"_coverageSchema":"1a1c01bbd47fc00a2c39e90264f33305004495a9","hash":"9a92c474b2f83cd8040acc27a096b7ecaa9cc83d"}
,"C:\\Users\\lenovo\\Double\\Tasks\\backend\\routes\\user.routes.js": {"path":"C:\\Users\\lenovo\\Double\\Tasks\\backend\\routes\\user.routes.js","statementMap":{"0":{"start":{"line":1,"column":15},"end":{"line":1,"column":42}},"1":{"start":{"line":2,"column":37},"end":{"line":2,"column":78}},"2":{"start":{"line":3,"column":21},"end":{"line":3,"column":58}},"3":{"start":{"line":5,"column":0},"end":{"line":5,"column":43}},"4":{"start":{"line":6,"column":0},"end":{"line":6,"column":46}},"5":{"start":{"line":8,"column":0},"end":{"line":8,"column":24}}},"fnMap":{},"branchMap":{},"s":{"0":4,"1":4,"2":4,"3":4,"4":4,"5":4},"f":{},"b":{},"_coverageSchema":"1a1c01bbd47fc00a2c39e90264f33305004495a9","hash":"477b2745d69c06d588efce032620855b26a989bd"}
,"C:\\Users\\lenovo\\Double\\Tasks\\backend\\services\\auth.service.js": {"path":"C:\\Users\\lenovo\\Double\\Tasks\\backend\\services\\auth.service.js","statementMap":{"0":{"start":{"line":1,"column":12},"end":{"line":1,"column":35}},"1":{"start":{"line":2,"column":13},"end":{"line":2,"column":44}},"2":{"start":{"line":3,"column":17},"end":{"line":3,"column":46}},"3":{"start":{"line":4,"column":15},"end":{"line":4,"column":42}},"4":{"start":{"line":6,"column":18},"end":{"line":6,"column":87}},"5":{"start":{"line":6,"column":26},"end":{"line":6,"column":87}},"6":{"start":{"line":8,"column":21},"end":{"line":16,"column":1}},"7":{"start":{"line":9,"column":19},"end":{"line":9,"column":48}},"8":{"start":{"line":10,"column":2},"end":{"line":10,"column":64}},"9":{"start":{"line":10,"column":16},"end":{"line":10,"column":64}},"10":{"start":{"line":12,"column":15},"end":{"line":12,"column":65}},"11":{"start":{"line":13,"column":2},"end":{"line":13,"column":60}},"12":{"start":{"line":14,"column":16},"end":{"line":14,"column":35}},"13":{"start":{"line":15,"column":2},"end":{"line":15,"column":97}},"14":{"start":{"line":18,"column":18},"end":{"line":25,"column":1}},"15":{"start":{"line":19,"column":15},"end":{"line":19,"column":44}},"16":{"start":{"line":20,"column":2},"end":{"line":21,"column":57}},"17":{"start":{"line":21,"column":4},"end":{"line":21,"column":57}},"18":{"start":{"line":23,"column":16},"end":{"line":23,"column":35}},"19":{"start":{"line":24,"column":2},"end":{"line":24,"column":97}},"20":{"start":{"line":27,"column":0},"end":{"line":27,"column":45}}},"fnMap":{"0":{"name":"(anonymous_0)","decl":{"start":{"line":6,"column":18},"end":{"line":6,"column":19}},"loc":{"start":{"line":6,"column":26},"end":{"line":6,"column":87}},"line":6},"1":{"name":"(anonymous_1)","decl":{"start":{"line":8,"column":21},"end":{"line":8,"column":22}},"loc":{"start":{"line":8,"column":64},"end":{"line":16,"column":1}},"line":8},"2":{"name":"(anonymous_2)","decl":{"start":{"line":18,"column":18},"end":{"line":18,"column":19}},"loc":{"start":{"line":18,"column":49},"end":{"line":25,"column":1}},"line":18}},"branchMap":{"0":{"loc":{"start":{"line":10,"column":2},"end":{"line":10,"column":64}},"type":"if","locations":[{"start":{"line":10,"column":2},"end":{"line":10,"column":64}},{"start":{},"end":{}}],"line":10},"1":{"loc":{"start":{"line":20,"column":2},"end":{"line":21,"column":57}},"type":"if","locations":[{"start":{"line":20,"column":2},"end":{"line":21,"column":57}},{"start":{},"end":{}}],"line":20},"2":{"loc":{"start":{"line":20,"column":6},"end":{"line":20,"column":54}},"type":"binary-expr","locations":[{"start":{"line":20,"column":6},"end":{"line":20,"column":11}},{"start":{"line":20,"column":15},"end":{"line":20,"column":54}}],"line":20}},"s":{"0":4,"1":4,"2":4,"3":4,"4":4,"5":9,"6":4,"7":10,"8":10,"9":1,"10":9,"11":8,"12":8,"13":8,"14":4,"15":3,"16":3,"17":2,"18":1,"19":1,"20":4},"f":{"0":9,"1":10,"2":3},"b":{"0":[1,9],"1":[2,1],"2":[3,2]},"_coverageSchema":"1a1c01bbd47fc00a2c39e90264f33305004495a9","hash":"8d4a8e3618ec6ba57d703c4c087dd18cf767aefe"}
,"C:\\Users\\lenovo\\Double\\Tasks\\backend\\services\\project.service.js": {"path":"C:\\Users\\lenovo\\Double\\Tasks\\backend\\services\\project.service.js","statementMap":{"0":{"start":{"line":1,"column":16},"end":{"line":1,"column":50}},"1":{"start":{"line":2,"column":17},"end":{"line":2,"column":46}},"2":{"start":{"line":4,"column":17},"end":{"line":5,"column":78}},"3":{"start":{"line":5,"column":2},"end":{"line":5,"column":78}},"4":{"start":{"line":7,"column":24},"end":{"line":8,"column":101}},"5":{"start":{"line":8,"column":2},"end":{"line":8,"column":101}},"6":{"start":{"line":10,"column":23},"end":{"line":14,"column":1}},"7":{"start":{"line":11,"column":18},"end":{"line":11,"column":61}},"8":{"start":{"line":12,"column":2},"end":{"line":12,"column":61}},"9":{"start":{"line":12,"column":16},"end":{"line":12,"column":61}},"10":{"start":{"line":13,"column":2},"end":{"line":13,"column":17}},"11":{"start":{"line":16,"column":22},"end":{"line":27,"column":1}},"12":{"start":{"line":17,"column":18},"end":{"line":24,"column":4}},"13":{"start":{"line":25,"column":2},"end":{"line":25,"column":48}},"14":{"start":{"line":26,"column":2},"end":{"line":26,"column":17}},"15":{"start":{"line":29,"column":22},"end":{"line":30,"column":86}},"16":{"start":{"line":30,"column":2},"end":{"line":30,"column":86}},"17":{"start":{"line":32,"column":18},"end":{"line":41,"column":1}},"18":{"start":{"line":33,"column":18},"end":{"line":33,"column":51}},"19":{"start":{"line":34,"column":2},"end":{"line":35,"column":72}},"20":{"start":{"line":34,"column":34},"end":{"line":34,"column":62}},"21":{"start":{"line":35,"column":4},"end":{"line":35,"column":72}},"22":{"start":{"line":37,"column":2},"end":{"line":37,"column":70}},"23":{"start":{"line":38,"column":2},"end":{"line":38,"column":23}},"24":{"start":{"line":39,"column":2},"end":{"line":39,"column":55}},"25":{"start":{"line":40,"column":2},"end":{"line":40,"column":17}},"26":{"start":{"line":43,"column":16},"end":{"line":48,"column":1}},"27":{"start":{"line":44,"column":18},"end":{"line":44,"column":51}},"28":{"start":{"line":45,"column":2},"end":{"line":45,"column":61}},"29":{"start":{"line":46,"column":2},"end":{"line":46,"column":23}},"30":{"start":{"line":47,"column":2},"end":{"line":47,"column":17}},"31":{"start":{"line":50,"column":23},"end":{"line":51,"column":60}},"32":{"start":{"line":51,"column":2},"end":{"line":51,"column":60}},"33":{"start":{"line":53,"column":0},"end":{"line":53,"column":119}}},"fnMap":{"0":{"name":"(anonymous_0)","decl":{"start":{"line":4,"column":17},"end":{"line":4,"column":18}},"loc":{"start":{"line":5,"column":2},"end":{"line":5,"column":78}},"line":5},"1":{"name":"(anonymous_1)","decl":{"start":{"line":7,"column":24},"end":{"line":7,"column":25}},"loc":{"start":{"line":8,"column":2},"end":{"line":8,"column":101}},"line":8},"2":{"name":"(anonymous_2)","decl":{"start":{"line":10,"column":23},"end":{"line":10,"column":24}},"loc":{"start":{"line":10,"column":44},"end":{"line":14,"column":1}},"line":10},"3":{"name":"(anonymous_3)","decl":{"start":{"line":16,"column":22},"end":{"line":16,"column":23}},"loc":{"start":{"line":16,"column":64},"end":{"line":27,"column":1}},"line":16},"4":{"name":"(anonymous_4)","decl":{"start":{"line":29,"column":22},"end":{"line":29,"column":23}},"loc":{"start":{"line":30,"column":2},"end":{"line":30,"column":86}},"line":30},"5":{"name":"(anonymous_5)","decl":{"start":{"line":32,"column":18},"end":{"line":32,"column":19}},"loc":{"start":{"line":32,"column":57},"end":{"line":41,"column":1}},"line":32},"6":{"name":"(anonymous_6)","decl":{"start":{"line":34,"column":27},"end":{"line":34,"column":28}},"loc":{"start":{"line":34,"column":34},"end":{"line":34,"column":62}},"line":34},"7":{"name":"(anonymous_7)","decl":{"start":{"line":43,"column":16},"end":{"line":43,"column":17}},"loc":{"start":{"line":43,"column":48},"end":{"line":48,"column":1}},"line":43},"8":{"name":"(anonymous_8)","decl":{"start":{"line":50,"column":23},"end":{"line":50,"column":24}},"loc":{"start":{"line":51,"column":2},"end":{"line":51,"column":60}},"line":51}},"branchMap":{"0":{"loc":{"start":{"line":12,"column":2},"end":{"line":12,"column":61}},"type":"if","locations":[{"start":{"line":12,"column":2},"end":{"line":12,"column":61}},{"start":{},"end":{}}],"line":12},"1":{"loc":{"start":{"line":34,"column":2},"end":{"line":35,"column":72}},"type":"if","locations":[{"start":{"line":34,"column":2},"end":{"line":35,"column":72}},{"start":{},"end":{}}],"line":34},"2":{"loc":{"start":{"line":37,"column":45},"end":{"line":37,"column":66}},"type":"binary-expr","locations":[{"start":{"line":37,"column":45},"end":{"line":37,"column":49}},{"start":{"line":37,"column":53},"end":{"line":37,"column":66}}],"line":37}},"s":{"0":4,"1":4,"2":4,"3":6,"4":4,"5":2,"6":4,"7":3,"8":3,"9":1,"10":2,"11":4,"12":3,"13":3,"14":3,"15":4,"16":1,"17":4,"18":5,"19":5,"20":3,"21":1,"22":4,"23":4,"24":4,"25":4,"26":4,"27":2,"28":2,"29":2,"30":2,"31":4,"32":1,"33":4},"f":{"0":6,"1":2,"2":3,"3":3,"4":1,"5":5,"6":3,"7":2,"8":1},"b":{"0":[1,2],"1":[1,4],"2":[4,0]},"_coverageSchema":"1a1c01bbd47fc00a2c39e90264f33305004495a9","hash":"caffd637cafb58025c0fdb3a7bd1975c11d9bc7b"}
,"C:\\Users\\lenovo\\Double\\Tasks\\backend\\services\\task.service.js": {"path":"C:\\Users\\lenovo\\Double\\Tasks\\backend\\services\\task.service.js","statementMap":{"0":{"start":{"line":1,"column":13},"end":{"line":1,"column":44}},"1":{"start":{"line":2,"column":17},"end":{"line":2,"column":46}},"2":{"start":{"line":3,"column":15},"end":{"line":3,"column":42}},"3":{"start":{"line":5,"column":17},"end":{"line":9,"column":43}},"4":{"start":{"line":6,"column":2},"end":{"line":9,"column":43}},"5":{"start":{"line":11,"column":26},"end":{"line":12,"column":64}},"6":{"start":{"line":12,"column":2},"end":{"line":12,"column":64}},"7":{"start":{"line":14,"column":19},"end":{"line":24,"column":1}},"8":{"start":{"line":15,"column":16},"end":{"line":15,"column":62}},"9":{"start":{"line":16,"column":15},"end":{"line":21,"column":4}},"10":{"start":{"line":22,"column":2},"end":{"line":22,"column":78}},"11":{"start":{"line":23,"column":2},"end":{"line":23,"column":43}},"12":{"start":{"line":26,"column":19},"end":{"line":53,"column":1}},"13":{"start":{"line":27,"column":15},"end":{"line":27,"column":42}},"14":{"start":{"line":28,"column":2},"end":{"line":28,"column":55}},"15":{"start":{"line":28,"column":13},"end":{"line":28,"column":55}},"16":{"start":{"line":30,"column":94},"end":{"line":30,"column":101}},"17":{"start":{"line":31,"column":25},"end":{"line":31,"column":27}},"18":{"start":{"line":33,"column":2},"end":{"line":34,"column":99}},"19":{"start":{"line":34,"column":4},"end":{"line":34,"column":99}},"20":{"start":{"line":35,"column":2},"end":{"line":36,"column":95}},"21":{"start":{"line":36,"column":4},"end":{"line":36,"column":95}},"22":{"start":{"line":37,"column":2},"end":{"line":38,"column":71}},"23":{"start":{"line":38,"column":4},"end":{"line":38,"column":71}},"24":{"start":{"line":40,"column":2},"end":{"line":40,"column":46}},"25":{"start":{"line":40,"column":27},"end":{"line":40,"column":46}},"26":{"start":{"line":41,"column":2},"end":{"line":41,"column":64}},"27":{"start":{"line":41,"column":33},"end":{"line":41,"column":64}},"28":{"start":{"line":42,"column":2},"end":{"line":42,"column":49}},"29":{"start":{"line":42,"column":28},"end":{"line":42,"column":49}},"30":{"start":{"line":43,"column":2},"end":{"line":43,"column":55}},"31":{"start":{"line":43,"column":30},"end":{"line":43,"column":55}},"32":{"start":{"line":44,"column":2},"end":{"line":44,"column":58}},"33":{"start":{"line":44,"column":31},"end":{"line":44,"column":58}},"34":{"start":{"line":45,"column":2},"end":{"line":45,"column":52}},"35":{"start":{"line":45,"column":29},"end":{"line":45,"column":52}},"36":{"start":{"line":46,"column":2},"end":{"line":46,"column":49}},"37":{"start":{"line":46,"column":28},"end":{"line":46,"column":49}},"38":{"start":{"line":47,"column":2},"end":{"line":47,"column":35}},"39":{"start":{"line":47,"column":14},"end":{"line":47,"column":35}},"40":{"start":{"line":48,"column":2},"end":{"line":48,"column":46}},"41":{"start":{"line":48,"column":27},"end":{"line":48,"column":46}},"42":{"start":{"line":49,"column":2},"end":{"line":49,"column":39}},"43":{"start":{"line":51,"column":2},"end":{"line":51,"column":20}},"44":{"start":{"line":52,"column":2},"end":{"line":52,"column":43}},"45":{"start":{"line":55,"column":19},"end":{"line":63,"column":1}},"46":{"start":{"line":56,"column":15},"end":{"line":56,"column":42}},"47":{"start":{"line":57,"column":2},"end":{"line":57,"column":55}},"48":{"start":{"line":57,"column":13},"end":{"line":57,"column":55}},"49":{"start":{"line":59,"column":2},"end":{"line":59,"column":45}},"50":{"start":{"line":60,"column":2},"end":{"line":60,"column":63}},"51":{"start":{"line":61,"column":2},"end":{"line":61,"column":20}},"52":{"start":{"line":62,"column":2},"end":{"line":62,"column":43}},"53":{"start":{"line":65,"column":19},"end":{"line":68,"column":1}},"54":{"start":{"line":66,"column":15},"end":{"line":66,"column":51}},"55":{"start":{"line":67,"column":2},"end":{"line":67,"column":66}},"56":{"start":{"line":67,"column":12},"end":{"line":67,"column":66}},"57":{"start":{"line":70,"column":0},"end":{"line":70,"column":87}}},"fnMap":{"0":{"name":"(anonymous_0)","decl":{"start":{"line":5,"column":17},"end":{"line":5,"column":18}},"loc":{"start":{"line":6,"column":2},"end":{"line":9,"column":43}},"line":6},"1":{"name":"(anonymous_1)","decl":{"start":{"line":11,"column":26},"end":{"line":11,"column":27}},"loc":{"start":{"line":12,"column":2},"end":{"line":12,"column":64}},"line":12},"2":{"name":"(anonymous_2)","decl":{"start":{"line":14,"column":19},"end":{"line":14,"column":20}},"loc":{"start":{"line":14,"column":116},"end":{"line":24,"column":1}},"line":14},"3":{"name":"(anonymous_3)","decl":{"start":{"line":26,"column":19},"end":{"line":26,"column":20}},"loc":{"start":{"line":26,"column":54},"end":{"line":53,"column":1}},"line":26},"4":{"name":"(anonymous_4)","decl":{"start":{"line":55,"column":19},"end":{"line":55,"column":20}},"loc":{"start":{"line":55,"column":55},"end":{"line":63,"column":1}},"line":55},"5":{"name":"(anonymous_5)","decl":{"start":{"line":65,"column":19},"end":{"line":65,"column":20}},"loc":{"start":{"line":65,"column":37},"end":{"line":68,"column":1}},"line":65}},"branchMap":{"0":{"loc":{"start":{"line":28,"column":2},"end":{"line":28,"column":55}},"type":"if","locations":[{"start":{"line":28,"column":2},"end":{"line":28,"column":55}},{"start":{},"end":{}}],"line":28},"1":{"loc":{"start":{"line":33,"column":2},"end":{"line":34,"column":99}},"type":"if","locations":[{"start":{"line":33,"column":2},"end":{"line":34,"column":99}},{"start":{},"end":{}}],"line":33},"2":{"loc":{"start":{"line":33,"column":6},"end":{"line":33,"column":38}},"type":"binary-expr","locations":[{"start":{"line":33,"column":6},"end":{"line":33,"column":12}},{"start":{"line":33,"column":16},"end":{"line":33,"column":38}}],"line":33},"3":{"loc":{"start":{"line":35,"column":2},"end":{"line":36,"column":95}},"type":"if","locations":[{"start":{"line":35,"column":2},"end":{"line":36,"column":95}},{"start":{},"end":{}}],"line":35},"4":{"loc":{"start":{"line":35,"column":6},"end":{"line":35,"column":49}},"type":"binary-expr","locations":[{"start":{"line":35,"column":6},"end":{"line":35,"column":12}},{"start":{"line":35,"column":16},"end":{"line":35,"column":49}}],"line":35},"5":{"loc":{"start":{"line":37,"column":2},"end":{"line":38,"column":71}},"type":"if","locations":[{"start":{"line":37,"column":2},"end":{"line":38,"column":71}},{"start":{},"end":{}}],"line":37},"6":{"loc":{"start":{"line":40,"column":2},"end":{"line":40,"column":46}},"type":"if","locations":[{"start":{"line":40,"column":2},"end":{"line":40,"column":46}},{"start":{},"end":{}}],"line":40},"7":{"loc":{"start":{"line":41,"column":2},"end":{"line":41,"column":64}},"type":"if","locations":[{"start":{"line":41,"column":2},"end":{"line":41,"column":64}},{"start":{},"end":{}}],"line":41},"8":{"loc":{"start":{"line":42,"column":2},"end":{"line":42,"column":49}},"type":"if","locations":[{"start":{"line":42,"column":2},"end":{"line":42,"column":49}},{"start":{},"end":{}}],"line":42},"9":{"loc":{"start":{"line":43,"column":2},"end":{"line":43,"column":55}},"type":"if","locations":[{"start":{"line":43,"column":2},"end":{"line":43,"column":55}},{"start":{},"end":{}}],"line":43},"10":{"loc":{"start":{"line":44,"column":2},"end":{"line":44,"column":58}},"type":"if","locations":[{"start":{"line":44,"column":2},"end":{"line":44,"column":58}},{"start":{},"end":{}}],"line":44},"11":{"loc":{"start":{"line":45,"column":2},"end":{"line":45,"column":52}},"type":"if","locations":[{"start":{"line":45,"column":2},"end":{"line":45,"column":52}},{"start":{},"end":{}}],"line":45},"12":{"loc":{"start":{"line":46,"column":2},"end":{"line":46,"column":49}},"type":"if","locations":[{"start":{"line":46,"column":2},"end":{"line":46,"column":49}},{"start":{},"end":{}}],"line":46},"13":{"loc":{"start":{"line":47,"column":2},"end":{"line":47,"column":35}},"type":"if","locations":[{"start":{"line":47,"column":2},"end":{"line":47,"column":35}},{"start":{},"end":{}}],"line":47},"14":{"loc":{"start":{"line":48,"column":2},"end":{"line":48,"column":46}},"type":"if","locations":[{"start":{"line":48,"column":2},"end":{"line":48,"column":46}},{"start":{},"end":{}}],"line":48},"15":{"loc":{"start":{"line":57,"column":2},"end":{"line":57,"column":55}},"type":"if","locations":[{"start":{"line":57,"column":2},"end":{"line":57,"column":55}},{"start":{},"end":{}}],"line":57},"16":{"loc":{"start":{"line":67,"column":2},"end":{"line":67,"column":66}},"type":"if","locations":[{"start":{"line":67,"column":2},"end":{"line":67,"column":66}},{"start":{},"end":{}}],"line":67}},"s":{"0":4,"1":4,"2":4,"3":4,"4":17,"5":4,"6":4,"7":4,"8":4,"9":4,"10":4,"11":4,"12":4,"13":6,"14":6,"15":1,"16":5,"17":5,"18":5,"19":2,"20":5,"21":1,"22":5,"23":1,"24":5,"25":1,"26":5,"27":1,"28":5,"29":2,"30":5,"31":0,"32":5,"33":1,"34":5,"35":0,"36":5,"37":0,"38":5,"39":1,"40":5,"41":0,"42":5,"43":5,"44":5,"45":4,"46":5,"47":5,"48":0,"49":5,"50":5,"51":5,"52":4,"53":4,"54":3,"55":3,"56":2,"57":4},"f":{"0":17,"1":4,"2":4,"3":6,"4":5,"5":3},"b":{"0":[1,5],"1":[2,3],"2":[5,2],"3":[1,4],"4":[5,1],"5":[1,4],"6":[1,4],"7":[1,4],"8":[2,3],"9":[0,5],"10":[1,4],"11":[0,5],"12":[0,5],"13":[1,4],"14":[0,5],"15":[0,5],"16":[2,1]},"_coverageSchema":"1a1c01bbd47fc00a2c39e90264f33305004495a9","hash":"4e1c6b2b7f73f350c9596907e49625e189699ee8"}
,"C:\\Users\\lenovo\\Double\\Tasks\\backend\\tests\\app.js": {"path":"C:\\Users\\lenovo\\Double\\Tasks\\backend\\tests\\app.js","statementMap":{"0":{"start":{"line":1,"column":16},"end":{"line":1,"column":34}},"1":{"start":{"line":2,"column":13},"end":{"line":2,"column":28}},"2":{"start":{"line":3,"column":19},"end":{"line":3,"column":39}},"3":{"start":{"line":4,"column":13},"end":{"line":4,"column":28}},"4":{"start":{"line":5,"column":0},"end":{"line":5,"column":27}},"5":{"start":{"line":7,"column":19},"end":{"line":7,"column":51}},"6":{"start":{"line":8,"column":22},"end":{"line":8,"column":57}},"7":{"start":{"line":9,"column":19},"end":{"line":9,"column":51}},"8":{"start":{"line":10,"column":19},"end":{"line":10,"column":51}},"9":{"start":{"line":11,"column":21},"end":{"line":11,"column":58}},"10":{"start":{"line":13,"column":12},"end":{"line":13,"column":21}},"11":{"start":{"line":14,"column":15},"end":{"line":14,"column":37}},"12":{"start":{"line":15,"column":11},"end":{"line":15,"column":29}},"13":{"start":{"line":17,"column":0},"end":{"line":17,"column":16}},"14":{"start":{"line":18,"column":0},"end":{"line":18,"column":24}},"15":{"start":{"line":20,"column":0},"end":{"line":20,"column":33}},"16":{"start":{"line":21,"column":0},"end":{"line":21,"column":40}},"17":{"start":{"line":22,"column":0},"end":{"line":22,"column":34}},"18":{"start":{"line":23,"column":0},"end":{"line":23,"column":34}},"19":{"start":{"line":24,"column":0},"end":{"line":24,"column":22}},"20":{"start":{"line":26,"column":0},"end":{"line":26,"column":33}}},"fnMap":{},"branchMap":{},"s":{"0":4,"1":4,"2":4,"3":4,"4":4,"5":4,"6":4,"7":4,"8":4,"9":4,"10":4,"11":4,"12":4,"13":4,"14":4,"15":4,"16":4,"17":4,"18":4,"19":4,"20":4},"f":{},"b":{},"_coverageSchema":"1a1c01bbd47fc00a2c39e90264f33305004495a9","hash":"d925dc21a3a6372397401ae12727482b24cf5ec7"}
}
