TN:
SF:config\AppError.js
FN:2,(anonymous_0)
FNF:1
FNH:1
FNDA:21,(anonymous_0)
DA:3,21
DA:4,21
DA:5,21
DA:6,21
DA:10,4
LF:5
LH:5
BRF:0
BRH:0
end_of_record
TN:
SF:config\logger.js
FN:1,(anonymous_0)
FN:4,(anonymous_1)
FN:5,(anonymous_2)
FN:6,(anonymous_3)
FN:7,(anonymous_4)
FNF:5
FNH:3
FNDA:35,(anonymous_0)
FNDA:14,(anonymous_1)
FNDA:0,(anonymous_2)
FNDA:21,(anonymous_3)
FNDA:0,(anonymous_4)
DA:1,35
DA:3,4
DA:4,14
DA:5,0
DA:6,21
DA:7,0
DA:10,4
LF:7
LH:5
BRDA:7,0,0,0
BRDA:7,0,1,0
BRF:2
BRH:0
end_of_record
TN:
SF:controllers\auth.controller.js
FN:4,(anonymous_0)
FN:9,(anonymous_1)
FN:14,(anonymous_2)
FN:16,(anonymous_3)
FNF:4
FNH:4
FNDA:10,(anonymous_0)
FNDA:3,(anonymous_1)
FNDA:1,(anonymous_2)
FNDA:1,(anonymous_3)
DA:1,4
DA:2,4
DA:4,4
DA:5,10
DA:6,8
DA:9,4
DA:10,3
DA:11,1
DA:14,4
DA:16,4
DA:18,4
LF:11
LH:11
BRF:0
BRH:0
end_of_record
TN:
SF:controllers\project.controller.js
FN:4,(anonymous_0)
FN:9,(anonymous_1)
FN:14,(anonymous_2)
FN:19,(anonymous_3)
FN:24,(anonymous_4)
FN:29,(anonymous_5)
FN:34,(anonymous_6)
FNF:7
FNH:7
FNDA:2,(anonymous_0)
FNDA:3,(anonymous_1)
FNDA:3,(anonymous_2)
FNDA:1,(anonymous_3)
FNDA:5,(anonymous_4)
FNDA:2,(anonymous_5)
FNDA:1,(anonymous_6)
DA:1,4
DA:2,4
DA:4,4
DA:5,2
DA:6,2
DA:9,4
DA:10,3
DA:11,2
DA:14,4
DA:15,3
DA:16,3
DA:19,4
DA:20,1
DA:21,1
DA:24,4
DA:25,5
DA:26,4
DA:29,4
DA:30,2
DA:31,2
DA:34,4
DA:35,1
DA:36,1
DA:39,4
LF:24
LH:24
BRF:0
BRH:0
end_of_record
TN:
SF:controllers\task.controller.js
FN:4,(anonymous_0)
FN:9,(anonymous_1)
FN:14,(anonymous_2)
FN:19,(anonymous_3)
FN:27,(anonymous_4)
FNF:5
FNH:5
FNDA:4,(anonymous_0)
FNDA:4,(anonymous_1)
FNDA:6,(anonymous_2)
FNDA:5,(anonymous_3)
FNDA:3,(anonymous_4)
DA:1,4
DA:2,4
DA:4,4
DA:5,4
DA:6,4
DA:9,4
DA:10,4
DA:11,4
DA:14,4
DA:15,6
DA:16,5
DA:19,4
DA:20,5
DA:24,4
DA:27,4
DA:28,3
DA:29,3
DA:32,4
LF:18
LH:18
BRF:0
BRH:0
end_of_record
TN:
SF:controllers\user.controller.js
FN:5,(anonymous_0)
FN:10,(anonymous_1)
FNF:2
FNH:2
FNDA:1,(anonymous_0)
FNDA:2,(anonymous_1)
DA:1,4
DA:2,4
DA:3,4
DA:5,4
DA:6,1
DA:7,1
DA:10,4
DA:11,2
DA:12,2
DA:13,1
DA:16,4
LF:11
LH:11
BRDA:12,0,0,1
BRDA:12,0,1,1
BRF:2
BRH:2
end_of_record
TN:
SF:middleware\authenticate.js
FN:5,(anonymous_0)
FNF:1
FNH:1
FNDA:56,(anonymous_0)
DA:1,4
DA:2,4
DA:3,4
DA:5,4
DA:6,56
DA:7,56
DA:8,56
DA:10,51
DA:11,50
DA:12,50
DA:14,50
DA:15,50
DA:17,1
DA:21,4
LF:14
LH:14
BRDA:8,0,0,5
BRDA:8,0,1,51
BRDA:12,1,0,0
BRDA:12,1,1,50
BRF:4
BRH:3
end_of_record
TN:
SF:middleware\authorize.js
FN:4,(anonymous_0)
FN:8,(anonymous_1)
FN:12,(anonymous_2)
FN:12,(anonymous_3)
FNF:4
FNH:4
FNDA:19,(anonymous_0)
FNDA:13,(anonymous_1)
FNDA:20,(anonymous_2)
FNDA:19,(anonymous_3)
DA:1,4
DA:2,4
DA:4,4
DA:5,19
DA:6,19
DA:7,19
DA:8,13
DA:9,10
DA:12,20
DA:13,19
DA:14,19
DA:15,19
DA:17,19
DA:18,19
DA:19,19
DA:21,13
DA:22,13
DA:24,0
DA:28,4
LF:19
LH:18
BRDA:6,0,0,0
BRDA:6,0,1,19
BRDA:7,1,0,9
BRDA:7,1,1,10
BRDA:9,2,0,10
BRDA:9,2,1,0
BRDA:14,3,0,19
BRDA:14,3,1,5
BRDA:15,4,0,0
BRDA:15,4,1,19
BRDA:18,5,0,0
BRDA:18,5,1,19
BRDA:19,6,0,6
BRDA:19,6,1,13
BRF:14
BRH:10
end_of_record
TN:
SF:middleware\catchAsync.js
FN:1,(anonymous_0)
FN:1,(anonymous_1)
FNF:2
FNH:2
FNDA:64,(anonymous_0)
FNDA:55,(anonymous_1)
DA:1,64
DA:3,4
LF:2
LH:2
BRF:0
BRH:0
end_of_record
TN:
SF:middleware\errorHandler.js
FN:4,(anonymous_0)
FN:16,(anonymous_1)
FNF:2
FNH:2
FNDA:21,(anonymous_0)
FNDA:3,(anonymous_1)
DA:1,4
DA:2,4
DA:4,4
DA:5,21
DA:7,21
DA:8,0
DA:10,21
DA:11,0
DA:12,0
DA:15,21
DA:16,3
DA:18,21
DA:19,0
DA:21,21
DA:22,1
DA:24,21
DA:25,21
DA:26,21
DA:29,0
DA:30,0
DA:33,4
LF:21
LH:15
BRDA:7,0,0,0
BRDA:7,0,1,21
BRDA:10,1,0,0
BRDA:10,1,1,21
BRDA:15,2,0,2
BRDA:15,2,1,19
BRDA:18,3,0,0
BRDA:18,3,1,21
BRDA:21,4,0,1
BRDA:21,4,1,20
BRDA:24,5,0,21
BRDA:24,5,1,0
BRF:12
BRH:8
end_of_record
TN:
SF:models\project.model.js
FNF:0
FNH:0
DA:1,4
DA:3,4
DA:8,4
DA:13,4
DA:25,4
LF:5
LH:5
BRF:0
BRH:0
end_of_record
TN:
SF:models\task.model.js
FNF:0
FNH:0
DA:1,4
DA:3,4
DA:11,4
DA:21,4
DA:39,4
LF:5
LH:5
BRF:0
BRH:0
end_of_record
TN:
SF:models\user.model.js
FN:15,(anonymous_0)
FN:21,(anonymous_1)
FNF:2
FNH:2
FNDA:8,(anonymous_0)
FNDA:2,(anonymous_1)
DA:1,4
DA:2,4
DA:4,4
DA:15,4
DA:16,8
DA:17,8
DA:18,8
DA:21,4
DA:22,2
DA:25,4
LF:10
LH:10
BRDA:16,0,0,0
BRDA:16,0,1,8
BRF:2
BRH:1
end_of_record
TN:
SF:routes\auth.routes.js
FNF:0
FNH:0
DA:1,4
DA:2,4
DA:3,4
DA:5,4
DA:6,4
DA:7,4
DA:8,4
DA:10,4
LF:8
LH:8
BRF:0
BRH:0
end_of_record
TN:
SF:routes\project.routes.js
FNF:0
FNH:0
DA:1,4
DA:2,4
DA:3,4
DA:4,4
DA:6,4
DA:7,4
DA:8,4
DA:9,4
DA:10,4
DA:11,4
DA:12,4
DA:14,4
LF:12
LH:12
BRF:0
BRH:0
end_of_record
TN:
SF:routes\task.routes.js
FNF:0
FNH:0
DA:1,4
DA:2,4
DA:3,4
DA:4,4
DA:6,4
DA:7,4
DA:8,4
DA:9,4
DA:10,4
DA:12,4
LF:10
LH:10
BRF:0
BRH:0
end_of_record
TN:
SF:routes\user.routes.js
FNF:0
FNH:0
DA:1,4
DA:2,4
DA:3,4
DA:5,4
DA:6,4
DA:8,4
LF:6
LH:6
BRF:0
BRH:0
end_of_record
TN:
SF:services\auth.service.js
FN:6,(anonymous_0)
FN:8,(anonymous_1)
FN:18,(anonymous_2)
FNF:3
FNH:3
FNDA:9,(anonymous_0)
FNDA:10,(anonymous_1)
FNDA:3,(anonymous_2)
DA:1,4
DA:2,4
DA:3,4
DA:4,4
DA:6,9
DA:8,4
DA:9,10
DA:10,10
DA:12,9
DA:13,8
DA:14,8
DA:15,8
DA:18,4
DA:19,3
DA:20,3
DA:21,2
DA:23,1
DA:24,1
DA:27,4
LF:19
LH:19
BRDA:10,0,0,1
BRDA:10,0,1,9
BRDA:20,1,0,2
BRDA:20,1,1,1
BRDA:20,2,0,3
BRDA:20,2,1,2
BRF:6
BRH:6
end_of_record
TN:
SF:services\project.service.js
FN:4,(anonymous_0)
FN:7,(anonymous_1)
FN:10,(anonymous_2)
FN:16,(anonymous_3)
FN:29,(anonymous_4)
FN:32,(anonymous_5)
FN:34,(anonymous_6)
FN:43,(anonymous_7)
FN:50,(anonymous_8)
FNF:9
FNH:9
FNDA:6,(anonymous_0)
FNDA:2,(anonymous_1)
FNDA:3,(anonymous_2)
FNDA:3,(anonymous_3)
FNDA:1,(anonymous_4)
FNDA:5,(anonymous_5)
FNDA:3,(anonymous_6)
FNDA:2,(anonymous_7)
FNDA:1,(anonymous_8)
DA:1,4
DA:2,4
DA:4,4
DA:5,6
DA:7,4
DA:8,2
DA:10,4
DA:11,3
DA:12,3
DA:13,2
DA:16,4
DA:17,3
DA:25,3
DA:26,3
DA:29,4
DA:30,1
DA:32,4
DA:33,5
DA:34,5
DA:35,1
DA:37,4
DA:38,4
DA:39,4
DA:40,4
DA:43,4
DA:44,2
DA:45,2
DA:46,2
DA:47,2
DA:50,4
DA:51,1
DA:53,4
LF:32
LH:32
BRDA:12,0,0,1
BRDA:12,0,1,2
BRDA:34,1,0,1
BRDA:34,1,1,4
BRDA:37,2,0,4
BRDA:37,2,1,0
BRF:6
BRH:5
end_of_record
TN:
SF:services\task.service.js
FN:5,(anonymous_0)
FN:11,(anonymous_1)
FN:14,(anonymous_2)
FN:26,(anonymous_3)
FN:55,(anonymous_4)
FN:65,(anonymous_5)
FNF:6
FNH:6
FNDA:17,(anonymous_0)
FNDA:4,(anonymous_1)
FNDA:4,(anonymous_2)
FNDA:6,(anonymous_3)
FNDA:5,(anonymous_4)
FNDA:3,(anonymous_5)
DA:1,4
DA:2,4
DA:3,4
DA:5,4
DA:6,17
DA:11,4
DA:12,4
DA:14,4
DA:15,4
DA:16,4
DA:22,4
DA:23,4
DA:26,4
DA:27,6
DA:28,6
DA:30,5
DA:31,5
DA:33,5
DA:34,2
DA:35,5
DA:36,1
DA:37,5
DA:38,1
DA:40,5
DA:41,5
DA:42,5
DA:43,5
DA:44,5
DA:45,5
DA:46,5
DA:47,5
DA:48,5
DA:49,5
DA:51,5
DA:52,5
DA:55,4
DA:56,5
DA:57,5
DA:59,5
DA:60,5
DA:61,5
DA:62,4
DA:65,4
DA:66,3
DA:67,3
DA:70,4
LF:46
LH:46
BRDA:28,0,0,1
BRDA:28,0,1,5
BRDA:33,1,0,2
BRDA:33,1,1,3
BRDA:33,2,0,5
BRDA:33,2,1,2
BRDA:35,3,0,1
BRDA:35,3,1,4
BRDA:35,4,0,5
BRDA:35,4,1,1
BRDA:37,5,0,1
BRDA:37,5,1,4
BRDA:40,6,0,1
BRDA:40,6,1,4
BRDA:41,7,0,1
BRDA:41,7,1,4
BRDA:42,8,0,2
BRDA:42,8,1,3
BRDA:43,9,0,0
BRDA:43,9,1,5
BRDA:44,10,0,1
BRDA:44,10,1,4
BRDA:45,11,0,0
BRDA:45,11,1,5
BRDA:46,12,0,0
BRDA:46,12,1,5
BRDA:47,13,0,1
BRDA:47,13,1,4
BRDA:48,14,0,0
BRDA:48,14,1,5
BRDA:57,15,0,0
BRDA:57,15,1,5
BRDA:67,16,0,2
BRDA:67,16,1,1
BRF:34
BRH:29
end_of_record
TN:
SF:tests\app.js
FNF:0
FNH:0
DA:1,4
DA:2,4
DA:3,4
DA:4,4
DA:5,4
DA:7,4
DA:8,4
DA:9,4
DA:10,4
DA:11,4
DA:13,4
DA:14,4
DA:15,4
DA:17,4
DA:18,4
DA:20,4
DA:21,4
DA:22,4
DA:23,4
DA:24,4
DA:26,4
LF:21
LH:21
BRF:0
BRH:0
end_of_record
